TN:
SF:src/App.tsx
FN:33,(anonymous_0)
FN:34,(anonymous_1)
FN:35,(anonymous_2)
FN:36,(anonymous_3)
FN:37,(anonymous_4)
FN:38,(anonymous_5)
FN:39,(anonymous_6)
FN:40,(anonymous_7)
FN:41,(anonymous_8)
FN:42,(anonymous_9)
FN:43,(anonymous_10)
FN:44,(anonymous_11)
FN:45,(anonymous_12)
FN:46,(anonymous_13)
FN:47,(anonymous_14)
FN:48,(anonymous_15)
FN:49,(anonymous_16)
FN:50,(anonymous_17)
FN:51,(anonymous_18)
FN:52,(anonymous_19)
FN:53,(anonymous_20)
FN:54,(anonymous_21)
FN:55,(anonymous_22)
FN:56,(anonymous_23)
FN:58,(anonymous_24)
FN:73,Shell
FN:78,(anonymous_26)
FN:171,(anonymous_27)
FNF:28
FNH:0
FNDA:0,(anonymous_0)
FNDA:0,(anonymous_1)
FNDA:0,(anonymous_2)
FNDA:0,(anonymous_3)
FNDA:0,(anonymous_4)
FNDA:0,(anonymous_5)
FNDA:0,(anonymous_6)
FNDA:0,(anonymous_7)
FNDA:0,(anonymous_8)
FNDA:0,(anonymous_9)
FNDA:0,(anonymous_10)
FNDA:0,(anonymous_11)
FNDA:0,(anonymous_12)
FNDA:0,(anonymous_13)
FNDA:0,(anonymous_14)
FNDA:0,(anonymous_15)
FNDA:0,(anonymous_16)
FNDA:0,(anonymous_17)
FNDA:0,(anonymous_18)
FNDA:0,(anonymous_19)
FNDA:0,(anonymous_20)
FNDA:0,(anonymous_21)
FNDA:0,(anonymous_22)
FNDA:0,(anonymous_23)
FNDA:0,(anonymous_24)
FNDA:0,Shell
FNDA:0,(anonymous_26)
FNDA:0,(anonymous_27)
DA:33,0
DA:34,0
DA:35,0
DA:36,0
DA:37,0
DA:38,0
DA:39,0
DA:40,0
DA:41,0
DA:42,0
DA:43,0
DA:44,0
DA:45,0
DA:46,0
DA:47,0
DA:48,0
DA:49,0
DA:50,0
DA:51,0
DA:52,0
DA:53,0
DA:54,0
DA:55,0
DA:56,0
DA:58,0
DA:60,0
DA:74,0
DA:75,0
DA:76,0
DA:78,0
DA:79,0
DA:82,0
DA:171,0
DA:172,0
LF:34
LH:0
BRF:0
BRH:0
end_of_record
TN:
SF:src/AuthGate.tsx
FN:19,isAdminish
FN:31,AuthGate
FN:38,(anonymous_2)
FN:41,(anonymous_3)
FN:110,(anonymous_4)
FNF:5
FNH:0
FNDA:0,isAdminish
FNDA:0,AuthGate
FNDA:0,(anonymous_2)
FNDA:0,(anonymous_3)
FNDA:0,(anonymous_4)
DA:17,0
DA:20,0
DA:21,0
DA:22,0
DA:23,0
DA:26,0
DA:27,0
DA:28,0
DA:32,0
DA:33,0
DA:34,0
DA:35,0
DA:36,0
DA:38,0
DA:39,0
DA:41,0
DA:43,0
DA:45,0
DA:46,0
DA:49,0
DA:57,0
DA:59,0
DA:60,0
DA:61,0
DA:64,0
DA:67,0
DA:68,0
DA:69,0
DA:71,0
DA:75,0
DA:76,0
DA:78,0
DA:80,0
DA:85,0
DA:88,0
DA:89,0
DA:90,0
DA:92,0
DA:97,0
DA:100,0
DA:101,0
DA:102,0
DA:104,0
DA:110,0
DA:111,0
DA:115,0
LF:46
LH:0
BRDA:20,0,0,0
BRDA:20,0,1,0
BRDA:21,1,0,0
BRDA:21,1,1,0
BRDA:22,2,0,0
BRDA:22,2,1,0
BRDA:23,3,0,0
BRDA:23,3,1,0
BRDA:23,4,0,0
BRDA:23,4,1,0
BRDA:26,5,0,0
BRDA:26,5,1,0
BRDA:26,6,0,0
BRDA:26,6,1,0
BRDA:26,6,2,0
BRDA:26,6,3,0
BRDA:26,6,4,0
BRDA:27,7,0,0
BRDA:27,7,1,0
BRDA:27,8,0,0
BRDA:27,8,1,0
BRDA:43,9,0,0
BRDA:43,9,1,0
BRDA:43,10,0,0
BRDA:43,10,1,0
BRDA:46,11,0,0
BRDA:46,11,1,0
BRDA:46,11,2,0
BRDA:46,11,3,0
BRDA:57,12,0,0
BRDA:57,12,1,0
BRDA:59,13,0,0
BRDA:59,13,1,0
BRDA:64,14,0,0
BRDA:64,14,1,0
BRDA:67,15,0,0
BRDA:67,15,1,0
BRDA:68,16,0,0
BRDA:68,16,1,0
BRDA:68,17,0,0
BRDA:68,17,1,0
BRDA:75,18,0,0
BRDA:75,18,1,0
BRDA:76,19,0,0
BRDA:76,19,1,0
BRDA:76,20,0,0
BRDA:76,20,1,0
BRDA:85,21,0,0
BRDA:85,21,1,0
BRDA:88,22,0,0
BRDA:88,22,1,0
BRDA:89,23,0,0
BRDA:89,23,1,0
BRDA:89,24,0,0
BRDA:89,24,1,0
BRDA:97,25,0,0
BRDA:97,25,1,0
BRDA:100,26,0,0
BRDA:100,26,1,0
BRDA:100,27,0,0
BRDA:100,27,1,0
BRDA:101,28,0,0
BRDA:101,28,1,0
BRDA:101,29,0,0
BRDA:101,29,1,0
BRDA:101,29,2,0
BRF:66
BRH:0
end_of_record
TN:
SF:src/BrandingContext.tsx
FN:18,(anonymous_0)
FN:22,useBranding
FN:27,BrandingProvider
FNF:3
FNH:0
FNDA:0,(anonymous_0)
FNDA:0,useBranding
FNDA:0,BrandingProvider
DA:7,0
DA:16,0
DA:23,0
DA:28,0
DA:30,0
DA:35,0
LF:6
LH:0
BRF:0
BRH:0
end_of_record
TN:
SF:src/ErrorBoundary.tsx
FN:28,(anonymous_0)
FN:32,(anonymous_1)
FN:39,(anonymous_2)
FN:47,(anonymous_3)
FN:51,(anonymous_4)
FN:83,(anonymous_5)
FN:95,(anonymous_6)
FN:117,areArraysEqual
FN:126,ErrorBoundary
FN:132,(anonymous_9)
FNF:10
FNH:0
FNDA:0,(anonymous_0)
FNDA:0,(anonymous_1)
FNDA:0,(anonymous_2)
FNDA:0,(anonymous_3)
FNDA:0,(anonymous_4)
FNDA:0,(anonymous_5)
FNDA:0,(anonymous_6)
FNDA:0,areArraysEqual
FNDA:0,ErrorBoundary
FNDA:0,(anonymous_9)
DA:26,0
DA:29,0
DA:34,0
DA:36,0
DA:41,0
DA:43,0
DA:47,0
DA:48,0
DA:52,0
DA:53,0
DA:55,0
DA:57,0
DA:60,0
DA:62,0
DA:83,0
DA:95,0
DA:107,0
DA:118,0
DA:119,0
DA:120,0
DA:121,0
DA:122,0
DA:127,0
DA:128,0
DA:130,0
DA:131,0
DA:132,0
DA:137,0
LF:28
LH:0
BRDA:41,0,0,0
BRDA:41,0,1,0
BRDA:43,1,0,0
BRDA:43,1,1,0
BRDA:55,2,0,0
BRDA:55,2,1,0
BRDA:55,3,0,0
BRDA:55,3,1,0
BRDA:57,4,0,0
BRDA:57,4,1,0
BRDA:88,5,0,0
BRDA:88,5,1,0
BRDA:92,6,0,0
BRDA:92,6,1,0
BRDA:95,7,0,0
BRDA:95,7,1,0
BRDA:118,8,0,0
BRDA:118,8,1,0
BRDA:119,9,0,0
BRDA:119,9,1,0
BRDA:119,10,0,0
BRDA:119,10,1,0
BRDA:120,11,0,0
BRDA:120,11,1,0
BRDA:121,12,0,0
BRDA:121,12,1,0
BRDA:132,13,0,0
BRDA:132,13,1,0
BRDA:134,14,0,0
BRDA:134,14,1,0
BRF:30
BRH:0
end_of_record
TN:
SF:src/branding.config.ts
FN:93,getCurrentBranding
FN:103,(anonymous_1)
FN:114,readableTextOn
FNF:3
FNH:0
FNDA:0,getCurrentBranding
FNDA:0,(anonymous_1)
FNDA:0,readableTextOn
DA:20,0
DA:33,0
DA:95,0
DA:97,0
DA:98,0
DA:101,0
DA:102,0
DA:103,0
DA:104,0
DA:107,0
DA:116,0
DA:117,0
DA:118,0
DA:119,0
DA:120,0
DA:121,0
LF:16
LH:0
BRDA:95,0,0,0
BRDA:95,0,1,0
BRDA:101,1,0,0
BRDA:101,1,1,0
BRDA:101,2,0,0
BRDA:101,2,1,0
BRDA:104,3,0,0
BRDA:104,3,1,0
BRDA:121,4,0,0
BRDA:121,4,1,0
BRF:10
BRH:0
end_of_record
TN:
SF:src/firebase.ts
FN:30,getFirebaseApp
FN:52,ensureMessagingServiceWorker
FN:72,getFirebaseMessaging
FN:78,(anonymous_3)
FN:90,getFcmToken
FN:122,onForegroundMessage
FN:126,(anonymous_6)
FN:127,(anonymous_7)
FNF:8
FNH:0
FNDA:0,getFirebaseApp
FNDA:0,ensureMessagingServiceWorker
FNDA:0,getFirebaseMessaging
FNDA:0,(anonymous_3)
FNDA:0,getFcmToken
FNDA:0,onForegroundMessage
FNDA:0,(anonymous_6)
FNDA:0,(anonymous_7)
DA:14,0
DA:15,0
DA:31,0
DA:32,0
DA:33,0
DA:34,0
DA:36,0
DA:38,0
DA:39,0
DA:48,0
DA:53,0
DA:54,0
DA:57,0
DA:59,0
DA:61,0
DA:62,0
DA:64,0
DA:65,0
DA:67,0
DA:73,0
DA:75,0
DA:76,0
DA:78,0
DA:79,0
DA:81,0
DA:82,0
DA:83,0
DA:85,0
DA:91,0
DA:92,0
DA:95,0
DA:96,0
DA:97,0
DA:98,0
DA:100,0
DA:102,0
DA:103,0
DA:107,0
DA:108,0
DA:110,0
DA:111,0
DA:115,0
DA:117,0
DA:125,0
DA:126,0
DA:127,0
LF:46
LH:0
BRDA:32,0,0,0
BRDA:32,0,1,0
BRDA:32,1,0,0
BRDA:32,1,1,0
BRDA:32,1,2,0
BRDA:33,2,0,0
BRDA:33,2,1,0
BRDA:38,3,0,0
BRDA:38,3,1,0
BRDA:39,4,0,0
BRDA:39,4,1,0
BRDA:53,5,0,0
BRDA:53,5,1,0
BRDA:53,6,0,0
BRDA:53,6,1,0
BRDA:54,7,0,0
BRDA:54,7,1,0
BRDA:57,8,0,0
BRDA:57,8,1,0
BRDA:62,9,0,0
BRDA:62,9,1,0
BRDA:73,10,0,0
BRDA:73,10,1,0
BRDA:76,11,0,0
BRDA:76,11,1,0
BRDA:79,12,0,0
BRDA:79,12,1,0
BRDA:92,13,0,0
BRDA:92,13,1,0
BRDA:95,14,0,0
BRDA:95,14,1,0
BRDA:95,15,0,0
BRDA:95,15,1,0
BRDA:98,16,0,0
BRDA:98,16,1,0
BRDA:102,17,0,0
BRDA:102,17,1,0
BRDA:102,18,0,0
BRDA:102,18,1,0
BRDA:108,19,0,0
BRDA:108,19,1,0
BRDA:113,20,0,0
BRDA:113,20,1,0
BRDA:115,21,0,0
BRDA:115,21,1,0
BRDA:126,22,0,0
BRDA:126,22,1,0
BRF:47
BRH:0
end_of_record
TN:
SF:src/index.tsx
FN:21,DemoModeBridge
FNF:1
FNH:0
FNDA:0,DemoModeBridge
DA:22,0
DA:23,0
DA:25,0
DA:27,0
DA:34,0
DA:36,0
DA:54,0
LF:7
LH:0
BRDA:23,0,0,0
BRDA:23,0,1,0
BRDA:25,1,0,0
BRDA:25,1,1,0
BRF:4
BRH:0
end_of_record
TN:
SF:src/serviceWorkerRegistration.ts
FN:2,register
FN:7,unregister
FN:9,(anonymous_2)
FN:9,(anonymous_3)
FNF:4
FNH:0
FNDA:0,register
FNDA:0,unregister
FNDA:0,(anonymous_2)
FNDA:0,(anonymous_3)
DA:8,0
DA:9,0
LF:2
LH:0
BRDA:8,0,0,0
BRDA:8,0,1,0
BRF:2
BRH:0
end_of_record
TN:
SF:src/api/adminRoles.ts
FN:3,jsonFetch
FN:9,(anonymous_1)
FN:17,grantRole
FN:24,revokeRole
FNF:4
FNH:0
FNDA:0,jsonFetch
FNDA:0,(anonymous_1)
FNDA:0,grantRole
FNDA:0,revokeRole
DA:4,0
DA:9,0
DA:10,0
DA:11,0
DA:12,0
DA:14,0
DA:18,0
DA:25,0
LF:8
LH:0
BRDA:3,0,0,0
BRDA:6,1,0,0
BRDA:6,1,1,0
BRDA:10,2,0,0
BRDA:10,2,1,0
BRDA:11,3,0,0
BRDA:11,3,1,0
BRDA:11,3,2,0
BRDA:11,3,3,0
BRF:9
BRH:0
end_of_record
TN:
SF:src/components/AdminProfileEditor.tsx
FN:25,(anonymous_0)
FN:34,(anonymous_1)
FN:43,(anonymous_2)
FN:45,(anonymous_3)
FN:59,(anonymous_4)
FN:77,(anonymous_5)
FN:82,(anonymous_6)
FN:91,(anonymous_7)
FN:96,(anonymous_8)
FN:109,(anonymous_9)
FN:126,(anonymous_10)
FN:128,(anonymous_11)
FN:147,(anonymous_12)
FN:153,(anonymous_13)
FN:156,(anonymous_14)
FN:168,(anonymous_15)
FN:185,(anonymous_16)
FNF:17
FNH:0
FNDA:0,(anonymous_0)
FNDA:0,(anonymous_1)
FNDA:0,(anonymous_2)
FNDA:0,(anonymous_3)
FNDA:0,(anonymous_4)
FNDA:0,(anonymous_5)
FNDA:0,(anonymous_6)
FNDA:0,(anonymous_7)
FNDA:0,(anonymous_8)
FNDA:0,(anonymous_9)
FNDA:0,(anonymous_10)
FNDA:0,(anonymous_11)
FNDA:0,(anonymous_12)
FNDA:0,(anonymous_13)
FNDA:0,(anonymous_14)
FNDA:0,(anonymous_15)
FNDA:0,(anonymous_16)
DA:25,0
DA:26,0
DA:27,0
DA:28,0
DA:29,0
DA:30,0
DA:31,0
DA:32,0
DA:34,0
DA:35,0
DA:36,0
DA:37,0
DA:38,0
DA:39,0
DA:43,0
DA:44,0
DA:45,0
DA:46,0
DA:47,0
DA:50,0
DA:51,0
DA:54,0
DA:55,0
DA:59,0
DA:60,0
DA:64,0
DA:69,0
DA:70,0
DA:73,0
DA:77,0
DA:78,0
DA:79,0
DA:82,0
DA:83,0
DA:88,0
DA:91,0
DA:92,0
DA:93,0
DA:96,0
DA:97,0
DA:98,0
DA:103,0
DA:104,0
DA:105,0
DA:109,0
DA:110,0
DA:114,0
DA:115,0
DA:116,0
DA:120,0
DA:126,0
DA:129,0
DA:148,0
DA:153,0
DA:156,0
DA:169,0
DA:170,0
DA:185,0
LF:58
LH:0
BRDA:38,0,0,0
BRDA:38,0,1,0
BRDA:44,1,0,0
BRDA:44,1,1,0
BRDA:45,2,0,0
BRDA:45,2,1,0
BRDA:50,3,0,0
BRDA:50,3,1,0
BRDA:50,4,0,0
BRDA:50,4,1,0
BRDA:69,5,0,0
BRDA:69,5,1,0
BRDA:79,6,0,0
BRDA:79,6,1,0
BRDA:79,7,0,0
BRDA:79,7,1,0
BRDA:88,8,0,0
BRDA:88,8,1,0
BRDA:88,9,0,0
BRDA:88,9,1,0
BRDA:93,10,0,0
BRDA:93,10,1,0
BRDA:97,11,0,0
BRDA:97,11,1,0
BRDA:97,12,0,0
BRDA:97,12,1,0
BRDA:97,12,2,0
BRDA:103,13,0,0
BRDA:103,13,1,0
BRDA:114,14,0,0
BRDA:114,14,1,0
BRDA:135,15,0,0
BRDA:135,15,1,0
BRDA:149,16,0,0
BRDA:149,16,1,0
BRDA:165,17,0,0
BRDA:165,17,1,0
BRF:37
BRH:0
end_of_record
TN:
SF:src/components/CheckInTracker.tsx
FN:24,parseIntOrNull
FN:31,clampVitals
FN:38,safe
FN:54,CheckInTracker
FN:73,(anonymous_4)
FN:86,(anonymous_5)
FN:112,handleCheckIn
FN:116,(anonymous_7)
FN:152,(anonymous_8)
FN:200,(anonymous_9)
FN:201,(anonymous_10)
FN:221,(anonymous_11)
FN:239,(anonymous_12)
FN:244,(anonymous_13)
FN:262,(anonymous_14)
FN:276,(anonymous_15)
FN:290,(anonymous_16)
FN:304,(anonymous_17)
FN:318,(anonymous_18)
FN:329,(anonymous_19)
FN:339,(anonymous_20)
FN:342,(anonymous_21)
FN:377,(anonymous_22)
FNF:23
FNH:0
FNDA:0,parseIntOrNull
FNDA:0,clampVitals
FNDA:0,safe
FNDA:0,CheckInTracker
FNDA:0,(anonymous_4)
FNDA:0,(anonymous_5)
FNDA:0,handleCheckIn
FNDA:0,(anonymous_7)
FNDA:0,(anonymous_8)
FNDA:0,(anonymous_9)
FNDA:0,(anonymous_10)
FNDA:0,(anonymous_11)
FNDA:0,(anonymous_12)
FNDA:0,(anonymous_13)
FNDA:0,(anonymous_14)
FNDA:0,(anonymous_15)
FNDA:0,(anonymous_16)
FNDA:0,(anonymous_17)
FNDA:0,(anonymous_18)
FNDA:0,(anonymous_19)
FNDA:0,(anonymous_20)
FNDA:0,(anonymous_21)
FNDA:0,(anonymous_22)
DA:5,0
DA:19,0
DA:20,0
DA:25,0
DA:26,0
DA:27,0
DA:39,0
DA:41,0
DA:55,0
DA:56,0
DA:57,0
DA:59,0
DA:60,0
DA:61,0
DA:62,0
DA:65,0
DA:66,0
DA:67,0
DA:68,0
DA:69,0
DA:70,0
DA:73,0
DA:74,0
DA:75,0
DA:76,0
DA:77,0
DA:78,0
DA:79,0
DA:81,0
DA:86,0
DA:87,0
DA:88,0
DA:91,0
DA:101,0
DA:114,0
DA:115,0
DA:116,0
DA:117,0
DA:120,0
DA:121,0
DA:124,0
DA:125,0
DA:127,0
DA:128,0
DA:129,0
DA:130,0
DA:131,0
DA:132,0
DA:141,0
DA:152,0
DA:154,0
DA:155,0
DA:157,0
DA:158,0
DA:159,0
DA:172,0
DA:173,0
DA:175,0
DA:177,0
DA:184,0
DA:185,0
DA:186,0
DA:187,0
DA:188,0
DA:189,0
DA:190,0
DA:193,0
DA:194,0
DA:199,0
DA:200,0
DA:201,0
DA:205,0
DA:217,0
DA:221,0
DA:239,0
DA:245,0
DA:262,0
DA:276,0
DA:290,0
DA:304,0
DA:318,0
DA:329,0
DA:340,0
DA:342,0
DA:378,0
LF:85
LH:0
BRDA:25,0,0,0
BRDA:25,0,1,0
BRDA:27,1,0,0
BRDA:27,1,1,0
BRDA:39,2,0,0
BRDA:39,2,1,0
BRDA:39,3,0,0
BRDA:39,3,1,0
BRDA:39,3,2,0
BRDA:54,4,0,0
BRDA:54,5,0,0
BRDA:57,6,0,0
BRDA:57,6,1,0
BRDA:74,7,0,0
BRDA:74,7,1,0
BRDA:76,8,0,0
BRDA:76,8,1,0
BRDA:79,9,0,0
BRDA:79,9,1,0
BRDA:87,10,0,0
BRDA:87,10,1,0
BRDA:112,11,0,0
BRDA:114,12,0,0
BRDA:114,12,1,0
BRDA:114,13,0,0
BRDA:114,13,1,0
BRDA:124,14,0,0
BRDA:124,14,1,0
BRDA:124,14,2,0
BRDA:145,15,0,0
BRDA:145,15,1,0
BRDA:146,16,0,0
BRDA:146,16,1,0
BRDA:147,17,0,0
BRDA:147,17,1,0
BRDA:148,18,0,0
BRDA:148,18,1,0
BRDA:149,19,0,0
BRDA:149,19,1,0
BRDA:150,20,0,0
BRDA:150,20,1,0
BRDA:154,21,0,0
BRDA:154,21,1,0
BRDA:155,22,0,0
BRDA:155,22,1,0
BRDA:158,23,0,0
BRDA:158,23,1,0
BRDA:163,24,0,0
BRDA:163,24,1,0
BRDA:164,25,0,0
BRDA:164,25,1,0
BRDA:165,26,0,0
BRDA:165,26,1,0
BRDA:166,27,0,0
BRDA:166,27,1,0
BRDA:167,28,0,0
BRDA:167,28,1,0
BRDA:168,29,0,0
BRDA:168,29,1,0
BRDA:173,30,0,0
BRDA:173,30,1,0
BRDA:184,31,0,0
BRDA:184,31,1,0
BRDA:196,32,0,0
BRDA:196,32,1,0
BRDA:200,33,0,0
BRDA:200,33,1,0
BRDA:219,34,0,0
BRDA:219,34,1,0
BRDA:331,35,0,0
BRDA:331,35,1,0
BRDA:333,36,0,0
BRDA:333,36,1,0
BRDA:346,37,0,0
BRDA:346,37,1,0
BRDA:352,38,0,0
BRDA:352,38,1,0
BRDA:355,39,0,0
BRDA:355,39,1,0
BRDA:357,40,0,0
BRDA:357,40,1,0
BRDA:359,41,0,0
BRDA:359,41,1,0
BRDA:369,42,0,0
BRDA:369,42,1,0
BRDA:380,43,0,0
BRDA:380,43,1,0
BRDA:381,44,0,0
BRDA:381,44,1,0
BRDA:382,45,0,0
BRDA:382,45,1,0
BRDA:383,46,0,0
BRDA:383,46,1,0
BRDA:383,46,2,0
BRDA:386,47,0,0
BRDA:386,47,1,0
BRDA:399,48,0,0
BRDA:399,48,1,0
BRF:98
BRH:0
end_of_record
TN:
SF:src/components/CommunityMoments.tsx
FN:49,useWindowSize
FN:51,(anonymous_1)
FN:53,(anonymous_2)
FN:56,(anonymous_3)
FN:61,sanitizeTags
FN:64,(anonymous_5)
FN:70,safeFilename
FN:74,getSignedUrlIfPossible
FN:81,(anonymous_8)
FN:115,(anonymous_9)
FN:116,(anonymous_10)
FN:117,(anonymous_11)
FN:121,(anonymous_12)
FN:124,(anonymous_13)
FN:132,(anonymous_14)
FN:138,(anonymous_15)
FN:140,(anonymous_16)
FN:154,(anonymous_17)
FN:160,(anonymous_18)
FN:162,(anonymous_19)
FN:177,(anonymous_20)
FN:200,(anonymous_21)
FN:206,(anonymous_22)
FN:221,(anonymous_23)
FN:237,(anonymous_24)
FN:247,(anonymous_25)
FN:248,(anonymous_26)
FN:250,(anonymous_27)
FN:251,(anonymous_28)
FN:255,(anonymous_29)
FN:272,(anonymous_30)
FN:278,(anonymous_31)
FN:331,(anonymous_32)
FN:347,(anonymous_33)
FN:385,(anonymous_34)
FN:387,(anonymous_35)
FN:389,(anonymous_36)
FN:393,(anonymous_37)
FN:417,(anonymous_38)
FN:433,(anonymous_39)
FN:473,(anonymous_40)
FN:490,(anonymous_41)
FN:521,(anonymous_42)
FN:534,(anonymous_43)
FN:548,(anonymous_44)
FN:589,(anonymous_45)
FN:613,(anonymous_46)
FN:625,(anonymous_47)
FNF:48
FNH:0
FNDA:0,useWindowSize
FNDA:0,(anonymous_1)
FNDA:0,(anonymous_2)
FNDA:0,(anonymous_3)
FNDA:0,sanitizeTags
FNDA:0,(anonymous_5)
FNDA:0,safeFilename
FNDA:0,getSignedUrlIfPossible
FNDA:0,(anonymous_8)
FNDA:0,(anonymous_9)
FNDA:0,(anonymous_10)
FNDA:0,(anonymous_11)
FNDA:0,(anonymous_12)
FNDA:0,(anonymous_13)
FNDA:0,(anonymous_14)
FNDA:0,(anonymous_15)
FNDA:0,(anonymous_16)
FNDA:0,(anonymous_17)
FNDA:0,(anonymous_18)
FNDA:0,(anonymous_19)
FNDA:0,(anonymous_20)
FNDA:0,(anonymous_21)
FNDA:0,(anonymous_22)
FNDA:0,(anonymous_23)
FNDA:0,(anonymous_24)
FNDA:0,(anonymous_25)
FNDA:0,(anonymous_26)
FNDA:0,(anonymous_27)
FNDA:0,(anonymous_28)
FNDA:0,(anonymous_29)
FNDA:0,(anonymous_30)
FNDA:0,(anonymous_31)
FNDA:0,(anonymous_32)
FNDA:0,(anonymous_33)
FNDA:0,(anonymous_34)
FNDA:0,(anonymous_35)
FNDA:0,(anonymous_36)
FNDA:0,(anonymous_37)
FNDA:0,(anonymous_38)
FNDA:0,(anonymous_39)
FNDA:0,(anonymous_40)
FNDA:0,(anonymous_41)
FNDA:0,(anonymous_42)
FNDA:0,(anonymous_43)
FNDA:0,(anonymous_44)
FNDA:0,(anonymous_45)
FNDA:0,(anonymous_46)
FNDA:0,(anonymous_47)
DA:18,0
DA:19,0
DA:20,0
DA:21,0
DA:23,0
DA:50,0
DA:51,0
DA:52,0
DA:53,0
DA:54,0
DA:55,0
DA:56,0
DA:58,0
DA:62,0
DA:64,0
DA:71,0
DA:75,0
DA:76,0
DA:77,0
DA:78,0
DA:81,0
DA:83,0
DA:84,0
DA:85,0
DA:86,0
DA:89,0
DA:90,0
DA:91,0
DA:92,0
DA:93,0
DA:94,0
DA:95,0
DA:96,0
DA:97,0
DA:100,0
DA:101,0
DA:102,0
DA:103,0
DA:104,0
DA:105,0
DA:106,0
DA:107,0
DA:108,0
DA:110,0
DA:111,0
DA:112,0
DA:115,0
DA:116,0
DA:117,0
DA:121,0
DA:122,0
DA:123,0
DA:124,0
DA:125,0
DA:126,0
DA:127,0
DA:129,0
DA:132,0
DA:133,0
DA:138,0
DA:139,0
DA:140,0
DA:141,0
DA:142,0
DA:146,0
DA:147,0
DA:148,0
DA:149,0
DA:154,0
DA:155,0
DA:160,0
DA:161,0
DA:162,0
DA:163,0
DA:164,0
DA:165,0
DA:174,0
DA:175,0
DA:176,0
DA:177,0
DA:190,0
DA:191,0
DA:192,0
DA:193,0
DA:195,0
DA:197,0
DA:200,0
DA:201,0
DA:206,0
DA:207,0
DA:208,0
DA:209,0
DA:210,0
DA:211,0
DA:212,0
DA:219,0
DA:220,0
DA:221,0
DA:234,0
DA:235,0
DA:236,0
DA:237,0
DA:238,0
DA:240,0
DA:242,0
DA:247,0
DA:248,0
DA:249,0
DA:250,0
DA:251,0
DA:255,0
DA:256,0
DA:257,0
DA:258,0
DA:259,0
DA:260,0
DA:262,0
DA:263,0
DA:264,0
DA:266,0
DA:267,0
DA:272,0
DA:273,0
DA:274,0
DA:278,0
DA:279,0
DA:280,0
DA:281,0
DA:283,0
DA:284,0
DA:285,0
DA:287,0
DA:288,0
DA:289,0
DA:291,0
DA:292,0
DA:293,0
DA:294,0
DA:296,0
DA:304,0
DA:306,0
DA:308,0
DA:319,0
DA:320,0
DA:323,0
DA:324,0
DA:325,0
DA:326,0
DA:327,0
DA:328,0
DA:330,0
DA:331,0
DA:333,0
DA:334,0
DA:338,0
DA:339,0
DA:346,0
DA:347,0
DA:360,0
DA:361,0
DA:362,0
DA:363,0
DA:364,0
DA:366,0
DA:368,0
DA:369,0
DA:373,0
DA:385,0
DA:386,0
DA:387,0
DA:388,0
DA:389,0
DA:390,0
DA:391,0
DA:393,0
DA:394,0
DA:398,0
DA:399,0
DA:418,0
DA:433,0
DA:440,0
DA:473,0
DA:491,0
DA:521,0
DA:534,0
DA:548,0
DA:589,0
DA:614,0
DA:626,0
LF:189
LH:0
BRDA:23,0,0,0
BRDA:23,0,1,0
BRDA:52,1,0,0
BRDA:52,1,1,0
BRDA:75,2,0,0
BRDA:75,2,1,0
BRDA:77,3,0,0
BRDA:77,3,1,0
BRDA:77,4,0,0
BRDA:77,4,1,0
BRDA:86,5,0,0
BRDA:86,5,1,0
BRDA:86,5,2,0
BRDA:123,6,0,0
BRDA:123,6,1,0
BRDA:127,7,0,0
BRDA:127,7,1,0
BRDA:129,8,0,0
BRDA:129,8,1,0
BRDA:146,9,0,0
BRDA:146,9,1,0
BRDA:146,10,0,0
BRDA:146,10,1,0
BRDA:146,10,2,0
BRDA:174,11,0,0
BRDA:174,11,1,0
BRDA:175,12,0,0
BRDA:175,12,1,0
BRDA:176,13,0,0
BRDA:176,13,1,0
BRDA:193,14,0,0
BRDA:193,14,1,0
BRDA:197,15,0,0
BRDA:197,15,1,0
BRDA:207,16,0,0
BRDA:207,16,1,0
BRDA:207,17,0,0
BRDA:207,17,1,0
BRDA:219,18,0,0
BRDA:219,18,1,0
BRDA:220,19,0,0
BRDA:220,19,1,0
BRDA:248,20,0,0
BRDA:248,20,1,0
BRDA:256,21,0,0
BRDA:256,21,1,0
BRDA:256,22,0,0
BRDA:256,22,1,0
BRDA:258,23,0,0
BRDA:258,23,1,0
BRDA:262,24,0,0
BRDA:262,24,1,0
BRDA:273,25,0,0
BRDA:273,25,1,0
BRDA:284,26,0,0
BRDA:284,26,1,0
BRDA:285,27,0,0
BRDA:285,27,1,0
BRDA:289,28,0,0
BRDA:289,28,1,0
BRDA:289,29,0,0
BRDA:289,29,1,0
BRDA:304,30,0,0
BRDA:304,30,1,0
BRDA:316,31,0,0
BRDA:316,31,1,0
BRDA:320,32,0,0
BRDA:320,32,1,0
BRDA:328,33,0,0
BRDA:328,33,1,0
BRDA:333,34,0,0
BRDA:333,34,1,0
BRDA:346,35,0,0
BRDA:346,35,1,0
BRDA:366,36,0,0
BRDA:366,36,1,0
BRDA:391,37,0,0
BRDA:391,37,1,0
BRDA:391,38,0,0
BRDA:391,38,1,0
BRDA:391,38,2,0
BRDA:398,39,0,0
BRDA:398,39,1,0
BRDA:400,40,0,0
BRDA:400,40,1,0
BRDA:401,41,0,0
BRDA:401,41,1,0
BRDA:404,42,0,0
BRDA:404,42,1,0
BRDA:411,43,0,0
BRDA:411,43,1,0
BRDA:415,44,0,0
BRDA:415,44,1,0
BRDA:429,45,0,0
BRDA:429,45,1,0
BRDA:444,46,0,0
BRDA:444,46,1,0
BRDA:444,46,2,0
BRDA:444,46,3,0
BRDA:444,46,4,0
BRDA:460,47,0,0
BRDA:460,47,1,0
BRDA:481,48,0,0
BRDA:481,48,1,0
BRDA:563,49,0,0
BRDA:563,49,1,0
BRDA:565,50,0,0
BRDA:565,50,1,0
BRDA:565,50,2,0
BRDA:599,51,0,0
BRDA:599,51,1,0
BRDA:601,52,0,0
BRDA:601,52,1,0
BRDA:611,53,0,0
BRDA:611,53,1,0
BRDA:628,54,0,0
BRDA:628,54,1,0
BRDA:632,55,0,0
BRDA:632,55,1,0
BRDA:639,56,0,0
BRDA:639,56,1,0
BRF:121
BRH:0
end_of_record
TN:
SF:src/components/ErrorBoundary.tsx
FN:17,(anonymous_0)
FN:22,(anonymous_1)
FN:26,(anonymous_2)
FN:31,(anonymous_3)
FN:35,(anonymous_4)
FN:62,(anonymous_5)
FN:77,(anonymous_6)
FN:81,(anonymous_7)
FNF:8
FNH:0
FNDA:0,(anonymous_0)
FNDA:0,(anonymous_1)
FNDA:0,(anonymous_2)
FNDA:0,(anonymous_3)
FNDA:0,(anonymous_4)
FNDA:0,(anonymous_5)
FNDA:0,(anonymous_6)
FNDA:0,(anonymous_7)
DA:18,0
DA:19,0
DA:23,0
DA:27,0
DA:28,0
DA:31,0
DA:32,0
DA:36,0
DA:37,0
DA:38,0
DA:41,0
DA:62,0
DA:73,0
DA:77,0
DA:81,0
DA:82,0
DA:87,0
DA:88,0
LF:18
LH:0
BRDA:36,0,0,0
BRDA:36,0,1,0
BRDA:37,1,0,0
BRDA:37,1,1,0
BRDA:48,2,0,0
BRDA:48,2,1,0
BRDA:87,3,0,0
BRDA:87,3,1,0
BRF:8
BRH:0
end_of_record
TN:
SF:src/components/ExplicitCaptcha.tsx
FN:11,ExplicitCaptcha
FN:15,(anonymous_1)
FN:20,(anonymous_2)
FN:31,(anonymous_3)
FN:43,(anonymous_4)
FNF:5
FNH:0
FNDA:0,ExplicitCaptcha
FNDA:0,(anonymous_1)
FNDA:0,(anonymous_2)
FNDA:0,(anonymous_3)
FNDA:0,(anonymous_4)
DA:4,0
DA:12,0
DA:13,0
DA:15,0
DA:16,0
DA:17,0
DA:20,0
DA:21,0
DA:22,0
DA:23,0
DA:24,0
DA:26,0
DA:31,0
DA:33,0
DA:37,0
DA:38,0
DA:40,0
DA:43,0
DA:44,0
DA:45,0
DA:47,0
DA:51,0
LF:22
LH:0
BRDA:17,0,0,0
BRDA:17,0,1,0
BRDA:22,1,0,0
BRDA:22,1,1,0
BRDA:37,2,0,0
BRDA:37,2,1,0
BRDA:45,3,0,0
BRDA:45,3,1,0
BRF:8
BRH:0
end_of_record
TN:
SF:src/components/FhirAiDashboardRouter.tsx
FN:27,(anonymous_0)
FN:42,(anonymous_1)
FN:74,(anonymous_2)
FN:107,(anonymous_3)
FN:153,(anonymous_4)
FN:175,(anonymous_5)
FN:183,(anonymous_6)
FN:213,(anonymous_7)
FN:244,(anonymous_8)
FN:261,(anonymous_9)
FN:262,(anonymous_10)
FN:273,(anonymous_11)
FN:277,(anonymous_12)
FNF:13
FNH:0
FNDA:0,(anonymous_0)
FNDA:0,(anonymous_1)
FNDA:0,(anonymous_2)
FNDA:0,(anonymous_3)
FNDA:0,(anonymous_4)
FNDA:0,(anonymous_5)
FNDA:0,(anonymous_6)
FNDA:0,(anonymous_7)
FNDA:0,(anonymous_8)
FNDA:0,(anonymous_9)
FNDA:0,(anonymous_10)
FNDA:0,(anonymous_11)
FNDA:0,(anonymous_12)
DA:27,0
DA:32,0
DA:33,0
DA:34,0
DA:35,0
DA:36,0
DA:37,0
DA:42,0
DA:43,0
DA:44,0
DA:45,0
DA:48,0
DA:49,0
DA:50,0
DA:53,0
DA:58,0
DA:59,0
DA:63,0
DA:69,0
DA:70,0
DA:74,0
DA:75,0
DA:76,0
DA:77,0
DA:79,0
DA:86,0
DA:89,0
DA:90,0
DA:91,0
DA:92,0
DA:93,0
DA:94,0
DA:96,0
DA:100,0
DA:101,0
DA:103,0
DA:107,0
DA:108,0
DA:112,0
DA:113,0
DA:124,0
DA:125,0
DA:143,0
DA:144,0
DA:153,0
DA:162,0
DA:163,0
DA:175,0
DA:183,0
DA:198,0
DA:199,0
DA:213,0
DA:230,0
DA:244,0
DA:261,0
DA:262,0
DA:263,0
DA:273,0
DA:274,0
DA:277,0
DA:278,0
LF:61
LH:0
BRDA:28,0,0,0
BRDA:28,1,0,0
BRDA:28,1,1,0
BRDA:29,2,0,0
BRDA:29,3,0,0
BRDA:29,3,1,0
BRDA:43,4,0,0
BRDA:43,4,1,0
BRDA:58,5,0,0
BRDA:58,5,1,0
BRDA:69,6,0,0
BRDA:69,6,1,0
BRDA:69,7,0,0
BRDA:69,7,1,0
BRDA:74,8,0,0
BRDA:74,8,1,0
BRDA:75,9,0,0
BRDA:75,9,1,0
BRDA:77,10,0,0
BRDA:77,10,1,0
BRDA:77,10,2,0
BRDA:89,11,0,0
BRDA:89,11,1,0
BRDA:91,12,0,0
BRDA:91,12,1,0
BRDA:91,13,0,0
BRDA:91,13,1,0
BRDA:91,13,2,0
BRDA:93,14,0,0
BRDA:93,14,1,0
BRDA:112,15,0,0
BRDA:112,15,1,0
BRDA:124,16,0,0
BRDA:124,16,1,0
BRDA:143,17,0,0
BRDA:143,17,1,0
BRDA:162,18,0,0
BRDA:162,18,1,0
BRDA:162,19,0,0
BRDA:162,19,1,0
BRDA:162,19,2,0
BRDA:198,20,0,0
BRDA:198,20,1,0
BRDA:198,21,0,0
BRDA:198,21,1,0
BRDA:198,21,2,0
BRDA:206,22,0,0
BRDA:206,22,1,0
BRDA:209,23,0,0
BRDA:209,23,1,0
BRDA:240,24,0,0
BRDA:240,24,1,0
BRF:52
BRH:0
end_of_record
TN:
SF:src/components/HealthHistory.tsx
FN:41,(anonymous_0)
FN:48,(anonymous_1)
FN:54,(anonymous_2)
FN:85,(anonymous_3)
FN:100,(anonymous_4)
FN:163,(anonymous_5)
FN:168,(anonymous_6)
FN:190,(anonymous_7)
FNF:8
FNH:0
FNDA:0,(anonymous_0)
FNDA:0,(anonymous_1)
FNDA:0,(anonymous_2)
FNDA:0,(anonymous_3)
FNDA:0,(anonymous_4)
FNDA:0,(anonymous_5)
FNDA:0,(anonymous_6)
FNDA:0,(anonymous_7)
DA:41,0
DA:42,0
DA:43,0
DA:44,0
DA:45,0
DA:46,0
DA:48,0
DA:49,0
DA:50,0
DA:51,0
DA:54,0
DA:55,0
DA:56,0
DA:57,0
DA:60,0
DA:68,0
DA:76,0
DA:79,0
DA:80,0
DA:84,0
DA:85,0
DA:96,0
DA:100,0
DA:101,0
DA:102,0
DA:103,0
DA:107,0
DA:110,0
DA:111,0
DA:114,0
DA:115,0
DA:117,0
DA:121,0
DA:124,0
DA:125,0
DA:132,0
DA:133,0
DA:144,0
DA:145,0
DA:153,0
DA:154,0
DA:163,0
DA:164,0
DA:165,0
DA:168,0
DA:170,0
DA:171,0
DA:175,0
DA:176,0
DA:177,0
DA:178,0
DA:179,0
DA:182,0
DA:191,0
DA:192,0
DA:193,0
DA:195,0
LF:57
LH:0
BRDA:49,0,0,0
BRDA:49,0,1,0
BRDA:79,1,0,0
BRDA:79,1,1,0
BRDA:79,2,0,0
BRDA:79,2,1,0
BRDA:84,3,0,0
BRDA:84,3,1,0
BRDA:84,4,0,0
BRDA:84,4,1,0
BRDA:94,5,0,0
BRDA:94,5,1,0
BRDA:101,6,0,0
BRDA:101,6,1,0
BRDA:101,7,0,0
BRDA:101,7,1,0
BRDA:102,8,0,0
BRDA:102,8,1,0
BRDA:102,9,0,0
BRDA:102,9,1,0
BRDA:110,10,0,0
BRDA:110,10,1,0
BRDA:110,11,0,0
BRDA:110,11,1,0
BRDA:124,12,0,0
BRDA:124,12,1,0
BRDA:132,13,0,0
BRDA:132,13,1,0
BRDA:144,14,0,0
BRDA:144,14,1,0
BRDA:153,15,0,0
BRDA:153,15,1,0
BRDA:170,16,0,0
BRDA:170,16,1,0
BRDA:170,17,0,0
BRDA:170,17,1,0
BRDA:176,18,0,0
BRDA:176,18,1,0
BRDA:177,19,0,0
BRDA:177,19,1,0
BRDA:177,20,0,0
BRDA:177,20,1,0
BRDA:178,21,0,0
BRDA:178,21,1,0
BRDA:178,22,0,0
BRDA:178,22,1,0
BRDA:202,23,0,0
BRDA:202,23,1,0
BRDA:202,23,2,0
BRDA:203,24,0,0
BRDA:203,24,1,0
BRDA:204,25,0,0
BRDA:204,25,1,0
BRDA:211,26,0,0
BRDA:211,26,1,0
BRDA:215,27,0,0
BRDA:215,27,1,0
BRDA:223,28,0,0
BRDA:223,28,1,0
BRDA:223,29,0,0
BRDA:223,29,1,0
BRDA:229,30,0,0
BRDA:229,30,1,0
BRDA:235,31,0,0
BRDA:235,31,1,0
BRDA:235,31,2,0
BRDA:241,32,0,0
BRDA:241,32,1,0
BRDA:247,33,0,0
BRDA:247,33,1,0
BRDA:247,33,2,0
BRDA:253,34,0,0
BRDA:253,34,1,0
BRDA:253,34,2,0
BRF:74
BRH:0
end_of_record
TN:
SF:src/components/HealthInsightsWidget.tsx
FN:20,(anonymous_0)
FN:25,(anonymous_1)
FN:31,(anonymous_2)
FN:35,(anonymous_3)
FN:58,(anonymous_4)
FN:127,(anonymous_5)
FNF:6
FNH:0
FNDA:0,(anonymous_0)
FNDA:0,(anonymous_1)
FNDA:0,(anonymous_2)
FNDA:0,(anonymous_3)
FNDA:0,(anonymous_4)
FNDA:0,(anonymous_5)
DA:20,0
DA:21,0
DA:22,0
DA:23,0
DA:25,0
DA:26,0
DA:27,0
DA:31,0
DA:32,0
DA:35,0
DA:36,0
DA:37,0
DA:38,0
DA:39,0
DA:42,0
DA:47,0
DA:50,0
DA:51,0
DA:52,0
DA:54,0
DA:58,0
DA:59,0
DA:61,0
DA:62,0
DA:63,0
DA:64,0
DA:65,0
DA:67,0
DA:71,0
DA:72,0
DA:73,0
DA:74,0
DA:75,0
DA:79,0
DA:80,0
DA:81,0
DA:83,0
DA:87,0
DA:92,0
DA:93,0
DA:96,0
DA:128,0
LF:42
LH:0
BRDA:26,0,0,0
BRDA:26,0,1,0
BRDA:32,1,0,0
BRDA:32,1,1,0
BRDA:32,1,2,0
BRDA:32,1,3,0
BRDA:32,1,4,0
BRDA:32,1,5,0
BRDA:61,2,0,0
BRDA:61,2,1,0
BRDA:62,3,0,0
BRDA:62,3,1,0
BRDA:64,4,0,0
BRDA:64,4,1,0
BRDA:71,5,0,0
BRDA:71,5,1,0
BRDA:71,6,0,0
BRDA:71,6,1,0
BRDA:72,7,0,0
BRDA:72,7,1,0
BRDA:72,8,0,0
BRDA:72,8,1,0
BRDA:74,9,0,0
BRDA:74,9,1,0
BRDA:74,10,0,0
BRDA:74,10,1,0
BRDA:79,11,0,0
BRDA:79,11,1,0
BRDA:80,12,0,0
BRDA:80,12,1,0
BRDA:80,13,0,0
BRDA:80,13,1,0
BRDA:87,14,0,0
BRDA:87,14,1,0
BRDA:92,15,0,0
BRDA:92,15,1,0
BRDA:102,16,0,0
BRDA:102,16,1,0
BRDA:112,17,0,0
BRDA:112,17,1,0
BRDA:123,18,0,0
BRDA:123,18,1,0
BRF:42
BRH:0
end_of_record
TN:
SF:src/components/NotFoundPage.tsx
FN:7,(anonymous_0)
FNF:1
FNH:0
FNDA:0,(anonymous_0)
DA:7,0
DA:8,0
LF:2
LH:0
BRF:0
BRH:0
end_of_record
TN:
SF:src/components/SendSmsButton.jsx
FN:5,SendSmsButton
FN:11,sendSMS
FN:31,(anonymous_2)
FN:37,(anonymous_3)
FN:39,(anonymous_4)
FNF:5
FNH:0
FNDA:0,SendSmsButton
FNDA:0,sendSMS
FNDA:0,(anonymous_2)
FNDA:0,(anonymous_3)
FNDA:0,(anonymous_4)
DA:6,0
DA:7,0
DA:8,0
DA:12,0
DA:17,0
DA:18,0
DA:19,0
DA:21,0
DA:25,0
DA:31,0
DA:37,0
DA:39,0
LF:12
LH:0
BRDA:18,0,0,0
BRDA:18,0,1,0
BRDA:21,1,0,0
BRDA:21,1,1,0
BRF:4
BRH:0
end_of_record
TN:
SF:src/components/SendTestEmail.tsx
FN:3,(anonymous_0)
FN:6,sendTestEmail
FNF:2
FNH:0
FNDA:0,(anonymous_0)
FNDA:0,sendTestEmail
DA:3,0
DA:4,0
DA:7,0
DA:8,0
DA:18,0
DA:19,0
DA:22,0
LF:7
LH:0
BRDA:19,0,0,0
BRDA:19,0,1,0
BRDA:19,1,0,0
BRDA:19,1,1,0
BRF:4
BRH:0
end_of_record
TN:
SF:src/components/StepList.tsx
FN:8,(anonymous_0)
FN:11,(anonymous_1)
FNF:2
FNH:0
FNDA:0,(anonymous_0)
FNDA:0,(anonymous_1)
DA:8,0
DA:9,0
DA:12,0
LF:3
LH:0
BRF:0
BRH:0
end_of_record
TN:
SF:src/components/TriviaGame.tsx
FN:6,(anonymous_0)
FN:15,(anonymous_1)
FN:34,(anonymous_2)
FN:44,(anonymous_3)
FN:45,(anonymous_4)
FN:46,(anonymous_5)
FN:59,(anonymous_6)
FN:60,(anonymous_7)
FN:61,(anonymous_8)
FN:81,(anonymous_9)
FN:100,(anonymous_10)
FN:105,(anonymous_11)
FN:121,(anonymous_12)
FN:127,(anonymous_13)
FN:146,(anonymous_14)
FN:157,(anonymous_15)
FN:222,(anonymous_16)
FN:243,(anonymous_17)
FN:263,(anonymous_18)
FN:295,(anonymous_19)
FNF:20
FNH:0
FNDA:0,(anonymous_0)
FNDA:0,(anonymous_1)
FNDA:0,(anonymous_2)
FNDA:0,(anonymous_3)
FNDA:0,(anonymous_4)
FNDA:0,(anonymous_5)
FNDA:0,(anonymous_6)
FNDA:0,(anonymous_7)
FNDA:0,(anonymous_8)
FNDA:0,(anonymous_9)
FNDA:0,(anonymous_10)
FNDA:0,(anonymous_11)
FNDA:0,(anonymous_12)
FNDA:0,(anonymous_13)
FNDA:0,(anonymous_14)
FNDA:0,(anonymous_15)
FNDA:0,(anonymous_16)
FNDA:0,(anonymous_17)
FNDA:0,(anonymous_18)
FNDA:0,(anonymous_19)
DA:6,0
DA:7,0
DA:8,0
DA:9,0
DA:10,0
DA:12,0
DA:15,0
DA:16,0
DA:17,0
DA:18,0
DA:19,0
DA:20,0
DA:21,0
DA:22,0
DA:23,0
DA:24,0
DA:26,0
DA:27,0
DA:34,0
DA:35,0
DA:36,0
DA:38,0
DA:39,0
DA:40,0
DA:41,0
DA:42,0
DA:44,0
DA:45,0
DA:46,0
DA:48,0
DA:49,0
DA:54,0
DA:58,0
DA:59,0
DA:60,0
DA:61,0
DA:63,0
DA:64,0
DA:65,0
DA:68,0
DA:69,0
DA:70,0
DA:72,0
DA:78,0
DA:80,0
DA:81,0
DA:82,0
DA:86,0
DA:87,0
DA:88,0
DA:89,0
DA:90,0
DA:91,0
DA:92,0
DA:93,0
DA:95,0
DA:96,0
DA:100,0
DA:101,0
DA:102,0
DA:105,0
DA:106,0
DA:107,0
DA:108,0
DA:109,0
DA:110,0
DA:111,0
DA:113,0
DA:114,0
DA:117,0
DA:121,0
DA:122,0
DA:123,0
DA:127,0
DA:128,0
DA:129,0
DA:133,0
DA:136,0
DA:137,0
DA:138,0
DA:139,0
DA:140,0
DA:142,0
DA:146,0
DA:147,0
DA:148,0
DA:149,0
DA:150,0
DA:151,0
DA:153,0
DA:157,0
DA:158,0
DA:159,0
DA:162,0
DA:163,0
DA:176,0
DA:177,0
DA:178,0
DA:179,0
DA:180,0
DA:181,0
DA:184,0
DA:209,0
DA:210,0
DA:212,0
DA:215,0
DA:222,0
DA:244,0
DA:245,0
DA:246,0
DA:248,0
DA:249,0
DA:250,0
DA:251,0
DA:252,0
DA:254,0
DA:256,0
DA:257,0
DA:260,0
DA:263,0
DA:296,0
DA:297,0
DA:298,0
DA:299,0
DA:300,0
LF:125
LH:0
BRDA:40,0,0,0
BRDA:40,0,1,0
BRDA:42,1,0,0
BRDA:42,1,1,0
BRDA:42,2,0,0
BRDA:42,2,1,0
BRDA:48,3,0,0
BRDA:48,3,1,0
BRDA:58,4,0,0
BRDA:58,4,1,0
BRDA:80,5,0,0
BRDA:80,5,1,0
BRDA:86,6,0,0
BRDA:86,6,1,0
BRDA:108,7,0,0
BRDA:108,7,1,0
BRDA:110,8,0,0
BRDA:110,8,1,0
BRDA:111,9,0,0
BRDA:111,9,1,0
BRDA:122,10,0,0
BRDA:122,10,1,0
BRDA:128,11,0,0
BRDA:128,11,1,0
BRDA:138,12,0,0
BRDA:138,12,1,0
BRDA:150,13,0,0
BRDA:150,13,1,0
BRDA:162,14,0,0
BRDA:162,14,1,0
BRDA:176,15,0,0
BRDA:176,15,1,0
BRDA:178,16,0,0
BRDA:178,16,1,0
BRDA:178,17,0,0
BRDA:178,17,1,0
BRDA:180,18,0,0
BRDA:180,18,1,0
BRDA:180,19,0,0
BRDA:180,19,1,0
BRDA:191,20,0,0
BRDA:191,20,1,0
BRDA:194,21,0,0
BRDA:194,21,1,0
BRDA:210,22,0,0
BRDA:210,22,1,0
BRDA:232,23,0,0
BRDA:232,23,1,0
BRDA:248,24,0,0
BRDA:248,24,1,0
BRDA:249,25,0,0
BRDA:249,25,1,0
BRDA:251,26,0,0
BRDA:251,26,1,0
BRDA:251,27,0,0
BRDA:251,27,1,0
BRDA:256,28,0,0
BRDA:256,28,1,0
BRDA:275,29,0,0
BRDA:275,29,1,0
BRDA:275,29,2,0
BRDA:277,30,0,0
BRDA:277,30,1,0
BRDA:283,31,0,0
BRDA:283,31,1,0
BRDA:293,32,0,0
BRDA:293,32,1,0
BRDA:295,33,0,0
BRDA:295,33,1,0
BRDA:304,34,0,0
BRDA:304,34,1,0
BRF:71
BRH:0
end_of_record
TN:
SF:src/components/UploadMeal.tsx
FN:16,(anonymous_0)
FN:36,(anonymous_1)
FN:41,(anonymous_2)
FN:43,(anonymous_3)
FN:49,(anonymous_4)
FN:80,(anonymous_5)
FN:106,(anonymous_6)
FNF:7
FNH:0
FNDA:0,(anonymous_0)
FNDA:0,(anonymous_1)
FNDA:0,(anonymous_2)
FNDA:0,(anonymous_3)
FNDA:0,(anonymous_4)
FNDA:0,(anonymous_5)
FNDA:0,(anonymous_6)
DA:16,0
DA:17,0
DA:18,0
DA:20,0
DA:32,0
DA:33,0
DA:34,0
DA:36,0
DA:37,0
DA:39,0
DA:40,0
DA:41,0
DA:43,0
DA:46,0
DA:49,0
DA:50,0
DA:51,0
DA:52,0
DA:53,0
DA:55,0
DA:56,0
DA:57,0
DA:60,0
DA:64,0
DA:66,0
DA:71,0
DA:80,0
DA:83,0
DA:85,0
DA:86,0
DA:88,0
DA:89,0
DA:92,0
DA:93,0
DA:94,0
DA:96,0
DA:100,0
DA:101,0
DA:103,0
DA:106,0
LF:40
LH:0
BRDA:39,0,0,0
BRDA:39,0,1,0
BRDA:39,1,0,0
BRDA:39,1,1,0
BRDA:40,2,0,0
BRDA:40,2,1,0
BRDA:46,3,0,0
BRDA:46,3,1,0
BRDA:55,4,0,0
BRDA:55,4,1,0
BRDA:56,5,0,0
BRDA:56,5,1,0
BRDA:64,6,0,0
BRDA:64,6,1,0
BRDA:83,7,0,0
BRDA:83,7,1,0
BRDA:89,8,0,0
BRDA:89,8,1,0
BRDA:93,9,0,0
BRDA:93,9,1,0
BRDA:121,10,0,0
BRDA:121,10,1,0
BRDA:122,11,0,0
BRDA:122,11,1,0
BRDA:125,12,0,0
BRDA:125,12,1,0
BRDA:126,13,0,0
BRDA:126,13,1,0
BRF:28
BRH:0
end_of_record
TN:
SF:src/components/UserQuestions.tsx
FN:29,UserQuestions
FN:79,(anonymous_1)
FN:83,(anonymous_2)
FN:105,(anonymous_3)
FN:135,(anonymous_4)
FN:161,(anonymous_5)
FN:165,(anonymous_6)
FN:174,(anonymous_7)
FN:213,(anonymous_8)
FN:229,(anonymous_9)
FN:274,(anonymous_10)
FN:317,(anonymous_11)
FN:325,(anonymous_12)
FN:332,(anonymous_13)
FN:344,(anonymous_14)
FNF:15
FNH:0
FNDA:0,UserQuestions
FNDA:0,(anonymous_1)
FNDA:0,(anonymous_2)
FNDA:0,(anonymous_3)
FNDA:0,(anonymous_4)
FNDA:0,(anonymous_5)
FNDA:0,(anonymous_6)
FNDA:0,(anonymous_7)
FNDA:0,(anonymous_8)
FNDA:0,(anonymous_9)
FNDA:0,(anonymous_10)
FNDA:0,(anonymous_11)
FNDA:0,(anonymous_12)
FNDA:0,(anonymous_13)
FNDA:0,(anonymous_14)
DA:36,0
DA:37,0
DA:38,0
DA:39,0
DA:40,0
DA:41,0
DA:42,0
DA:43,0
DA:44,0
DA:47,0
DA:79,0
DA:80,0
DA:83,0
DA:84,0
DA:85,0
DA:87,0
DA:88,0
DA:89,0
DA:90,0
DA:93,0
DA:96,0
DA:97,0
DA:99,0
DA:101,0
DA:105,0
DA:106,0
DA:108,0
DA:109,0
DA:110,0
DA:112,0
DA:113,0
DA:114,0
DA:120,0
DA:123,0
DA:124,0
DA:125,0
DA:126,0
DA:128,0
DA:129,0
DA:131,0
DA:135,0
DA:136,0
DA:138,0
DA:139,0
DA:141,0
DA:142,0
DA:143,0
DA:146,0
DA:149,0
DA:150,0
DA:151,0
DA:152,0
DA:154,0
DA:155,0
DA:157,0
DA:161,0
DA:162,0
DA:165,0
DA:166,0
DA:167,0
DA:168,0
DA:169,0
DA:170,0
DA:174,0
DA:175,0
DA:176,0
DA:177,0
DA:178,0
DA:179,0
DA:183,0
DA:213,0
DA:229,0
DA:275,0
DA:317,0
DA:325,0
DA:333,0
DA:334,0
DA:344,0
LF:78
LH:0
BRDA:30,0,0,0
BRDA:88,1,0,0
BRDA:88,1,1,0
BRDA:97,2,0,0
BRDA:97,2,1,0
BRDA:106,3,0,0
BRDA:106,3,1,0
BRDA:113,4,0,0
BRDA:113,4,1,0
BRDA:129,5,0,0
BRDA:129,5,1,0
BRDA:136,6,0,0
BRDA:136,6,1,0
BRDA:142,7,0,0
BRDA:142,7,1,0
BRDA:155,8,0,0
BRDA:155,8,1,0
BRDA:166,9,0,0
BRDA:166,9,1,0
BRDA:166,9,2,0
BRDA:166,9,3,0
BRDA:175,10,0,0
BRDA:175,10,1,0
BRDA:175,10,2,0
BRDA:175,10,3,0
BRDA:186,11,0,0
BRDA:186,11,1,0
BRDA:190,12,0,0
BRDA:190,12,1,0
BRDA:194,13,0,0
BRDA:194,13,1,0
BRDA:200,14,0,0
BRDA:200,14,1,0
BRDA:242,15,0,0
BRDA:242,15,1,0
BRDA:245,16,0,0
BRDA:245,16,1,0
BRDA:255,17,0,0
BRDA:255,17,1,0
BRDA:262,18,0,0
BRDA:262,18,1,0
BRDA:266,19,0,0
BRDA:266,19,1,0
BRDA:268,20,0,0
BRDA:268,20,1,0
BRDA:270,21,0,0
BRDA:270,21,1,0
BRDA:290,22,0,0
BRDA:290,22,1,0
BRDA:290,22,2,0
BRDA:301,23,0,0
BRDA:301,23,1,0
BRDA:311,24,0,0
BRDA:311,24,1,0
BRDA:311,24,2,0
BRDA:313,25,0,0
BRDA:313,25,1,0
BRDA:326,26,0,0
BRDA:326,26,1,0
BRDA:329,27,0,0
BRDA:329,27,1,0
BRF:61
BRH:0
end_of_record
TN:
SF:src/components/admin/AdminFeatureToggle.tsx
FN:18,(anonymous_0)
FN:30,(anonymous_1)
FN:36,(anonymous_2)
FN:60,(anonymous_3)
FN:102,(anonymous_4)
FN:117,(anonymous_5)
FN:142,(anonymous_6)
FN:159,(anonymous_7)
FN:165,(anonymous_8)
FN:171,(anonymous_9)
FNF:10
FNH:0
FNDA:0,(anonymous_0)
FNDA:0,(anonymous_1)
FNDA:0,(anonymous_2)
FNDA:0,(anonymous_3)
FNDA:0,(anonymous_4)
FNDA:0,(anonymous_5)
FNDA:0,(anonymous_6)
FNDA:0,(anonymous_7)
FNDA:0,(anonymous_8)
FNDA:0,(anonymous_9)
DA:18,0
DA:26,0
DA:27,0
DA:30,0
DA:31,0
DA:32,0
DA:36,0
DA:37,0
DA:38,0
DA:41,0
DA:43,0
DA:45,0
DA:47,0
DA:49,0
DA:53,0
DA:54,0
DA:57,0
DA:60,0
DA:61,0
DA:63,0
DA:64,0
DA:65,0
DA:67,0
DA:69,0
DA:76,0
DA:77,0
DA:81,0
DA:82,0
DA:83,0
DA:86,0
DA:89,0
DA:90,0
DA:91,0
DA:94,0
DA:95,0
DA:98,0
DA:102,0
DA:103,0
DA:104,0
DA:105,0
DA:110,0
DA:117,0
DA:118,0
DA:126,0
DA:127,0
DA:135,0
DA:142,0
DA:143,0
DA:144,0
DA:152,0
DA:153,0
DA:156,0
DA:159,0
DA:160,0
DA:161,0
DA:162,0
DA:165,0
DA:166,0
DA:167,0
DA:168,0
DA:171,0
DA:172,0
DA:173,0
DA:178,0
LF:64
LH:0
BRDA:23,0,0,0
BRDA:24,1,0,0
BRDA:31,2,0,0
BRDA:31,2,1,0
BRDA:37,3,0,0
BRDA:37,3,1,0
BRDA:41,4,0,0
BRDA:41,4,1,0
BRDA:41,4,2,0
BRDA:41,4,3,0
BRDA:49,5,0,0
BRDA:49,5,1,0
BRDA:53,6,0,0
BRDA:53,6,1,0
BRDA:61,7,0,0
BRDA:61,7,1,0
BRDA:76,8,0,0
BRDA:76,8,1,0
BRDA:82,9,0,0
BRDA:82,9,1,0
BRDA:94,10,0,0
BRDA:94,10,1,0
BRDA:103,11,0,0
BRDA:103,11,1,0
BRDA:103,12,0,0
BRDA:103,12,1,0
BRDA:126,13,0,0
BRDA:126,13,1,0
BRDA:128,14,0,0
BRDA:128,14,1,0
BRDA:136,15,0,0
BRDA:136,15,1,0
BRDA:143,16,0,0
BRDA:143,16,1,0
BRDA:152,17,0,0
BRDA:152,17,1,0
BRDA:153,18,0,0
BRDA:153,18,1,0
BRDA:160,19,0,0
BRDA:160,19,1,0
BRDA:161,20,0,0
BRDA:161,20,1,0
BRDA:162,21,0,0
BRDA:162,21,1,0
BRDA:166,22,0,0
BRDA:166,22,1,0
BRDA:167,23,0,0
BRDA:167,23,1,0
BRDA:172,24,0,0
BRDA:172,24,1,0
BRDA:173,25,0,0
BRDA:173,25,1,0
BRDA:197,26,0,0
BRDA:197,26,1,0
BRF:54
BRH:0
end_of_record
TN:
SF:src/components/admin/AdminHeader.tsx
FN:9,(anonymous_0)
FN:17,(anonymous_1)
FN:29,(anonymous_2)
FN:56,(anonymous_3)
FN:65,(anonymous_4)
FN:76,(anonymous_5)
FN:86,(anonymous_6)
FN:95,(anonymous_7)
FN:104,(anonymous_8)
FN:121,(anonymous_9)
FN:166,(anonymous_10)
FN:177,(anonymous_11)
FN:188,(anonymous_12)
FN:200,(anonymous_13)
FN:215,(anonymous_14)
FN:235,(anonymous_15)
FN:242,(anonymous_16)
FN:250,(anonymous_17)
FN:257,(anonymous_18)
FN:263,(anonymous_19)
FN:269,(anonymous_20)
FN:282,(anonymous_21)
FNF:22
FNH:0
FNDA:0,(anonymous_0)
FNDA:0,(anonymous_1)
FNDA:0,(anonymous_2)
FNDA:0,(anonymous_3)
FNDA:0,(anonymous_4)
FNDA:0,(anonymous_5)
FNDA:0,(anonymous_6)
FNDA:0,(anonymous_7)
FNDA:0,(anonymous_8)
FNDA:0,(anonymous_9)
FNDA:0,(anonymous_10)
FNDA:0,(anonymous_11)
FNDA:0,(anonymous_12)
FNDA:0,(anonymous_13)
FNDA:0,(anonymous_14)
FNDA:0,(anonymous_15)
FNDA:0,(anonymous_16)
FNDA:0,(anonymous_17)
FNDA:0,(anonymous_18)
FNDA:0,(anonymous_19)
FNDA:0,(anonymous_20)
FNDA:0,(anonymous_21)
DA:9,0
DA:13,0
DA:14,0
DA:15,0
DA:17,0
DA:18,0
DA:19,0
DA:22,0
DA:23,0
DA:25,0
DA:29,0
DA:30,0
DA:33,0
DA:56,0
DA:65,0
DA:76,0
DA:86,0
DA:95,0
DA:104,0
DA:121,0
DA:167,0
DA:168,0
DA:178,0
DA:179,0
DA:189,0
DA:190,0
DA:201,0
DA:202,0
DA:216,0
DA:217,0
DA:235,0
DA:242,0
DA:250,0
DA:257,0
DA:263,0
DA:269,0
DA:282,0
LF:37
LH:0
BRDA:10,0,0,0
BRDA:11,1,0,0
BRDA:22,2,0,0
BRDA:22,2,1,0
BRDA:46,3,0,0
BRDA:46,3,1,0
BRDA:63,4,0,0
BRDA:63,4,1,0
BRDA:74,5,0,0
BRDA:74,5,1,0
BRDA:130,6,0,0
BRDA:130,6,1,0
BRDA:136,7,0,0
BRDA:136,7,1,0
BRDA:145,8,0,0
BRDA:145,8,1,0
BRDA:151,9,0,0
BRDA:151,9,1,0
BRDA:156,10,0,0
BRDA:156,10,1,0
BRDA:198,11,0,0
BRDA:198,11,1,0
BRDA:240,12,0,0
BRDA:240,12,1,0
BRDA:248,13,0,0
BRDA:248,13,1,0
BRDA:279,14,0,0
BRDA:279,14,1,0
BRF:28
BRH:0
end_of_record
TN:
SF:src/components/admin/AdminPanel.tsx
FN:37,Toast
FN:38,(anonymous_1)
FN:39,(anonymous_2)
FN:40,(anonymous_3)
FN:64,(anonymous_4)
FN:75,ToastContainer
FN:78,(anonymous_6)
FN:86,EnrollPatientSection
FN:114,(anonymous_8)
FN:116,(anonymous_9)
FN:119,(anonymous_10)
FN:120,(anonymous_11)
FN:120,(anonymous_12)
FN:124,(anonymous_13)
FN:159,(anonymous_14)
FN:163,(anonymous_15)
FN:181,(anonymous_16)
FN:181,(anonymous_17)
FN:185,(anonymous_18)
FN:189,(anonymous_19)
FN:200,(anonymous_20)
FN:205,(anonymous_21)
FN:221,(anonymous_22)
FN:228,(anonymous_23)
FN:232,enroll
FN:296,(anonymous_25)
FN:302,(anonymous_26)
FN:316,(anonymous_27)
FN:339,(anonymous_28)
FN:359,(anonymous_29)
FN:381,(anonymous_30)
FN:407,(anonymous_31)
FN:435,(anonymous_32)
FN:459,(anonymous_33)
FN:481,(anonymous_34)
FN:512,(anonymous_35)
FN:533,(anonymous_36)
FN:533,(anonymous_37)
FN:541,(anonymous_38)
FN:583,isE164
FN:587,isValidEmail
FN:593,genTemp
FN:600,(anonymous_42)
FN:627,(anonymous_43)
FNF:44
FNH:0
FNDA:0,Toast
FNDA:0,(anonymous_1)
FNDA:0,(anonymous_2)
FNDA:0,(anonymous_3)
FNDA:0,(anonymous_4)
FNDA:0,ToastContainer
FNDA:0,(anonymous_6)
FNDA:0,EnrollPatientSection
FNDA:0,(anonymous_8)
FNDA:0,(anonymous_9)
FNDA:0,(anonymous_10)
FNDA:0,(anonymous_11)
FNDA:0,(anonymous_12)
FNDA:0,(anonymous_13)
FNDA:0,(anonymous_14)
FNDA:0,(anonymous_15)
FNDA:0,(anonymous_16)
FNDA:0,(anonymous_17)
FNDA:0,(anonymous_18)
FNDA:0,(anonymous_19)
FNDA:0,(anonymous_20)
FNDA:0,(anonymous_21)
FNDA:0,(anonymous_22)
FNDA:0,(anonymous_23)
FNDA:0,enroll
FNDA:0,(anonymous_25)
FNDA:0,(anonymous_26)
FNDA:0,(anonymous_27)
FNDA:0,(anonymous_28)
FNDA:0,(anonymous_29)
FNDA:0,(anonymous_30)
FNDA:0,(anonymous_31)
FNDA:0,(anonymous_32)
FNDA:0,(anonymous_33)
FNDA:0,(anonymous_34)
FNDA:0,(anonymous_35)
FNDA:0,(anonymous_36)
FNDA:0,(anonymous_37)
FNDA:0,(anonymous_38)
FNDA:0,isE164
FNDA:0,isValidEmail
FNDA:0,genTemp
FNDA:0,(anonymous_42)
FNDA:0,(anonymous_43)
DA:38,0
DA:39,0
DA:40,0
DA:43,0
DA:50,0
DA:57,0
DA:64,0
DA:76,0
DA:79,0
DA:87,0
DA:97,0
DA:98,0
DA:99,0
DA:100,0
DA:103,0
DA:114,0
DA:115,0
DA:116,0
DA:119,0
DA:120,0
DA:124,0
DA:125,0
DA:128,0
DA:129,0
DA:130,0
DA:131,0
DA:133,0
DA:134,0
DA:135,0
DA:138,0
DA:139,0
DA:141,0
DA:142,0
DA:143,0
DA:144,0
DA:146,0
DA:148,0
DA:149,0
DA:151,0
DA:152,0
DA:154,0
DA:159,0
DA:160,0
DA:161,0
DA:163,0
DA:164,0
DA:165,0
DA:166,0
DA:167,0
DA:172,0
DA:173,0
DA:174,0
DA:177,0
DA:178,0
DA:181,0
DA:184,0
DA:185,0
DA:188,0
DA:189,0
DA:190,0
DA:191,0
DA:192,0
DA:197,0
DA:198,0
DA:199,0
DA:200,0
DA:205,0
DA:206,0
DA:216,0
DA:217,0
DA:221,0
DA:222,0
DA:228,0
DA:229,0
DA:234,0
DA:235,0
DA:236,0
DA:237,0
DA:238,0
DA:240,0
DA:243,0
DA:245,0
DA:246,0
DA:257,0
DA:261,0
DA:262,0
DA:263,0
DA:264,0
DA:268,0
DA:269,0
DA:271,0
DA:273,0
DA:274,0
DA:275,0
DA:276,0
DA:278,0
DA:281,0
DA:285,0
DA:286,0
DA:289,0
DA:290,0
DA:292,0
DA:296,0
DA:297,0
DA:298,0
DA:302,0
DA:304,0
DA:307,0
DA:316,0
DA:339,0
DA:359,0
DA:381,0
DA:407,0
DA:435,0
DA:459,0
DA:481,0
DA:512,0
DA:533,0
DA:541,0
DA:584,0
DA:588,0
DA:589,0
DA:594,0
DA:595,0
DA:596,0
DA:597,0
DA:598,0
DA:600,0
DA:601,0
DA:602,0
DA:603,0
DA:607,0
DA:610,0
DA:611,0
DA:612,0
DA:613,0
DA:617,0
DA:618,0
DA:619,0
DA:620,0
DA:621,0
DA:624,0
DA:627,0
DA:628,0
DA:630,0
LF:145
LH:0
BRDA:39,0,0,0
BRDA:39,0,1,0
BRDA:125,1,0,0
BRDA:125,1,1,0
BRDA:125,1,2,0
BRDA:125,1,3,0
BRDA:125,1,4,0
BRDA:125,1,5,0
BRDA:125,1,6,0
BRDA:125,1,7,0
BRDA:125,1,8,0
BRDA:128,2,0,0
BRDA:128,2,1,0
BRDA:128,3,0,0
BRDA:128,3,1,0
BRDA:129,4,0,0
BRDA:129,4,1,0
BRDA:129,5,0,0
BRDA:129,5,1,0
BRDA:130,6,0,0
BRDA:130,6,1,0
BRDA:133,7,0,0
BRDA:133,7,1,0
BRDA:134,8,0,0
BRDA:134,8,1,0
BRDA:138,9,0,0
BRDA:138,9,1,0
BRDA:138,10,0,0
BRDA:138,10,1,0
BRDA:141,11,0,0
BRDA:141,11,1,0
BRDA:142,12,0,0
BRDA:142,12,1,0
BRDA:143,13,0,0
BRDA:143,13,1,0
BRDA:148,14,0,0
BRDA:148,14,1,0
BRDA:148,15,0,0
BRDA:148,15,1,0
BRDA:151,16,0,0
BRDA:151,16,1,0
BRDA:164,17,0,0
BRDA:164,17,1,0
BRDA:165,18,0,0
BRDA:165,18,1,0
BRDA:167,19,0,0
BRDA:167,19,1,0
BRDA:172,20,0,0
BRDA:172,20,1,0
BRDA:172,21,0,0
BRDA:172,21,1,0
BRDA:174,22,0,0
BRDA:174,22,1,0
BRDA:188,23,0,0
BRDA:188,23,1,0
BRDA:197,24,0,0
BRDA:197,24,1,0
BRDA:197,25,0,0
BRDA:197,25,1,0
BRDA:199,26,0,0
BRDA:199,26,1,0
BRDA:223,27,0,0
BRDA:223,27,1,0
BRDA:223,27,2,0
BRDA:223,27,3,0
BRDA:229,28,0,0
BRDA:229,28,1,0
BRDA:235,29,0,0
BRDA:235,29,1,0
BRDA:237,30,0,0
BRDA:237,30,1,0
BRDA:251,31,0,0
BRDA:251,31,1,0
BRDA:252,32,0,0
BRDA:252,32,1,0
BRDA:253,33,0,0
BRDA:253,33,1,0
BRDA:254,34,0,0
BRDA:254,34,1,0
BRDA:261,35,0,0
BRDA:261,35,1,0
BRDA:262,36,0,0
BRDA:262,36,1,0
BRDA:271,37,0,0
BRDA:271,37,1,0
BRDA:273,38,0,0
BRDA:273,38,1,0
BRDA:289,39,0,0
BRDA:289,39,1,0
BRDA:297,40,0,0
BRDA:297,40,1,0
BRDA:297,41,0,0
BRDA:297,41,1,0
BRDA:297,41,2,0
BRDA:297,41,3,0
BRDA:319,42,0,0
BRDA:319,42,1,0
BRDA:342,43,0,0
BRDA:342,43,1,0
BRDA:348,44,0,0
BRDA:348,44,1,0
BRDA:351,45,0,0
BRDA:351,45,1,0
BRDA:362,46,0,0
BRDA:362,46,1,0
BRDA:368,47,0,0
BRDA:368,47,1,0
BRDA:371,48,0,0
BRDA:371,48,1,0
BRDA:384,49,0,0
BRDA:384,49,1,0
BRDA:392,50,0,0
BRDA:392,50,1,0
BRDA:395,51,0,0
BRDA:395,51,1,0
BRDA:410,52,0,0
BRDA:410,52,1,0
BRDA:417,53,0,0
BRDA:417,53,1,0
BRDA:420,54,0,0
BRDA:420,54,1,0
BRDA:425,55,0,0
BRDA:425,55,1,0
BRDA:438,56,0,0
BRDA:438,56,1,0
BRDA:444,57,0,0
BRDA:444,57,1,0
BRDA:447,58,0,0
BRDA:447,58,1,0
BRDA:462,59,0,0
BRDA:462,59,1,0
BRDA:467,60,0,0
BRDA:467,60,1,0
BRDA:470,61,0,0
BRDA:470,61,1,0
BRDA:484,62,0,0
BRDA:484,62,1,0
BRDA:490,63,0,0
BRDA:490,63,1,0
BRDA:493,64,0,0
BRDA:493,64,1,0
BRDA:497,65,0,0
BRDA:497,65,1,0
BRDA:515,66,0,0
BRDA:515,66,1,0
BRDA:521,67,0,0
BRDA:521,67,1,0
BRDA:524,68,0,0
BRDA:524,68,1,0
BRDA:554,69,0,0
BRDA:554,69,1,0
BRDA:558,70,0,0
BRDA:558,70,1,0
BRDA:570,71,0,0
BRDA:570,71,1,0
BRDA:570,71,2,0
BRDA:593,72,0,0
BRDA:647,73,0,0
BRDA:647,73,1,0
BRDA:648,74,0,0
BRDA:648,74,1,0
BRDA:747,75,0,0
BRDA:747,75,1,0
BRF:163
BRH:0
end_of_record
TN:
SF:src/components/admin/AdminSettingsPanel.tsx
FN:28,(anonymous_0)
FN:60,(anonymous_1)
FN:76,(anonymous_2)
FN:84,(anonymous_3)
FN:93,(anonymous_4)
FN:94,(anonymous_5)
FN:103,(anonymous_6)
FN:173,(anonymous_7)
FN:176,(anonymous_8)
FN:194,(anonymous_9)
FN:204,(anonymous_10)
FN:215,(anonymous_11)
FN:241,(anonymous_12)
FN:254,(anonymous_13)
FN:267,(anonymous_14)
FN:288,(anonymous_15)
FN:306,(anonymous_16)
FN:319,(anonymous_17)
FN:343,(anonymous_18)
FN:355,(anonymous_19)
FN:373,(anonymous_20)
FNF:21
FNH:0
FNDA:0,(anonymous_0)
FNDA:0,(anonymous_1)
FNDA:0,(anonymous_2)
FNDA:0,(anonymous_3)
FNDA:0,(anonymous_4)
FNDA:0,(anonymous_5)
FNDA:0,(anonymous_6)
FNDA:0,(anonymous_7)
FNDA:0,(anonymous_8)
FNDA:0,(anonymous_9)
FNDA:0,(anonymous_10)
FNDA:0,(anonymous_11)
FNDA:0,(anonymous_12)
FNDA:0,(anonymous_13)
FNDA:0,(anonymous_14)
FNDA:0,(anonymous_15)
FNDA:0,(anonymous_16)
FNDA:0,(anonymous_17)
FNDA:0,(anonymous_18)
FNDA:0,(anonymous_19)
FNDA:0,(anonymous_20)
DA:28,0
DA:29,0
DA:30,0
DA:54,0
DA:55,0
DA:60,0
DA:61,0
DA:62,0
DA:63,0
DA:64,0
DA:67,0
DA:68,0
DA:69,0
DA:71,0
DA:76,0
DA:77,0
DA:78,0
DA:80,0
DA:81,0
DA:84,0
DA:86,0
DA:87,0
DA:89,0
DA:93,0
DA:94,0
DA:103,0
DA:104,0
DA:105,0
DA:131,0
DA:174,0
DA:176,0
DA:194,0
DA:204,0
DA:215,0
DA:241,0
DA:254,0
DA:267,0
DA:288,0
DA:306,0
DA:319,0
DA:343,0
DA:355,0
DA:373,0
LF:43
LH:0
BRDA:61,0,0,0
BRDA:61,0,1,0
BRDA:63,1,0,0
BRDA:63,1,1,0
BRDA:68,2,0,0
BRDA:68,2,1,0
BRDA:104,3,0,0
BRDA:104,3,1,0
BRDA:141,4,0,0
BRDA:141,4,1,0
BRDA:157,5,0,0
BRDA:157,5,1,0
BRDA:178,6,0,0
BRDA:178,6,1,0
BRDA:183,7,0,0
BRDA:183,7,1,0
BRDA:183,8,0,0
BRDA:183,8,1,0
BRDA:183,9,0,0
BRDA:183,9,1,0
BRDA:327,10,0,0
BRDA:327,10,1,0
BRDA:348,11,0,0
BRDA:348,11,1,0
BRF:24
BRH:0
end_of_record
TN:
SF:src/components/admin/ApiKeyManager.tsx
FN:32,(anonymous_0)
FN:33,(anonymous_1)
FN:34,(anonymous_2)
FN:35,(anonymous_3)
FN:59,(anonymous_4)
FN:70,(anonymous_5)
FN:72,(anonymous_6)
FN:79,(anonymous_7)
FN:94,(anonymous_8)
FN:109,(anonymous_9)
FN:111,(anonymous_10)
FN:114,(anonymous_11)
FN:115,(anonymous_12)
FN:115,(anonymous_13)
FN:118,(anonymous_14)
FN:132,(anonymous_15)
FN:158,(anonymous_16)
FN:159,(anonymous_17)
FN:163,(anonymous_18)
FN:170,(anonymous_19)
FN:172,(anonymous_20)
FN:177,(anonymous_21)
FN:185,(anonymous_22)
FN:192,(anonymous_23)
FN:237,(anonymous_24)
FN:251,(anonymous_25)
FN:281,(anonymous_26)
FN:289,(anonymous_27)
FN:320,(anonymous_28)
FN:330,(anonymous_29)
FN:335,(anonymous_30)
FN:350,(anonymous_31)
FN:370,(anonymous_32)
FN:378,(anonymous_33)
FN:379,(anonymous_34)
FN:392,(anonymous_35)
FN:406,(anonymous_36)
FN:408,(anonymous_37)
FN:415,(anonymous_38)
FN:421,(anonymous_39)
FN:423,(anonymous_40)
FN:424,(anonymous_41)
FN:425,(anonymous_42)
FN:426,(anonymous_43)
FN:436,(anonymous_44)
FN:441,(anonymous_45)
FN:454,(anonymous_46)
FN:455,(anonymous_47)
FN:484,(anonymous_48)
FN:543,(anonymous_49)
FN:588,(anonymous_50)
FN:609,(anonymous_51)
FN:621,(anonymous_52)
FN:673,(anonymous_53)
FN:692,(anonymous_54)
FN:703,(anonymous_55)
FN:713,(anonymous_56)
FN:723,(anonymous_57)
FN:733,(anonymous_58)
FN:745,(anonymous_59)
FN:789,(anonymous_60)
FN:802,(anonymous_61)
FNF:62
FNH:0
FNDA:0,(anonymous_0)
FNDA:0,(anonymous_1)
FNDA:0,(anonymous_2)
FNDA:0,(anonymous_3)
FNDA:0,(anonymous_4)
FNDA:0,(anonymous_5)
FNDA:0,(anonymous_6)
FNDA:0,(anonymous_7)
FNDA:0,(anonymous_8)
FNDA:0,(anonymous_9)
FNDA:0,(anonymous_10)
FNDA:0,(anonymous_11)
FNDA:0,(anonymous_12)
FNDA:0,(anonymous_13)
FNDA:0,(anonymous_14)
FNDA:0,(anonymous_15)
FNDA:0,(anonymous_16)
FNDA:0,(anonymous_17)
FNDA:0,(anonymous_18)
FNDA:0,(anonymous_19)
FNDA:0,(anonymous_20)
FNDA:0,(anonymous_21)
FNDA:0,(anonymous_22)
FNDA:0,(anonymous_23)
FNDA:0,(anonymous_24)
FNDA:0,(anonymous_25)
FNDA:0,(anonymous_26)
FNDA:0,(anonymous_27)
FNDA:0,(anonymous_28)
FNDA:0,(anonymous_29)
FNDA:0,(anonymous_30)
FNDA:0,(anonymous_31)
FNDA:0,(anonymous_32)
FNDA:0,(anonymous_33)
FNDA:0,(anonymous_34)
FNDA:0,(anonymous_35)
FNDA:0,(anonymous_36)
FNDA:0,(anonymous_37)
FNDA:0,(anonymous_38)
FNDA:0,(anonymous_39)
FNDA:0,(anonymous_40)
FNDA:0,(anonymous_41)
FNDA:0,(anonymous_42)
FNDA:0,(anonymous_43)
FNDA:0,(anonymous_44)
FNDA:0,(anonymous_45)
FNDA:0,(anonymous_46)
FNDA:0,(anonymous_47)
FNDA:0,(anonymous_48)
FNDA:0,(anonymous_49)
FNDA:0,(anonymous_50)
FNDA:0,(anonymous_51)
FNDA:0,(anonymous_52)
FNDA:0,(anonymous_53)
FNDA:0,(anonymous_54)
FNDA:0,(anonymous_55)
FNDA:0,(anonymous_56)
FNDA:0,(anonymous_57)
FNDA:0,(anonymous_58)
FNDA:0,(anonymous_59)
FNDA:0,(anonymous_60)
FNDA:0,(anonymous_61)
DA:32,0
DA:33,0
DA:34,0
DA:35,0
DA:38,0
DA:45,0
DA:52,0
DA:59,0
DA:70,0
DA:71,0
DA:73,0
DA:79,0
DA:80,0
DA:86,0
DA:94,0
DA:95,0
DA:96,0
DA:97,0
DA:98,0
DA:99,0
DA:100,0
DA:101,0
DA:102,0
DA:103,0
DA:104,0
DA:106,0
DA:107,0
DA:109,0
DA:110,0
DA:111,0
DA:114,0
DA:115,0
DA:118,0
DA:119,0
DA:121,0
DA:122,0
DA:127,0
DA:128,0
DA:132,0
DA:142,0
DA:144,0
DA:145,0
DA:148,0
DA:149,0
DA:150,0
DA:151,0
DA:153,0
DA:158,0
DA:159,0
DA:160,0
DA:163,0
DA:164,0
DA:165,0
DA:166,0
DA:170,0
DA:171,0
DA:172,0
DA:173,0
DA:177,0
DA:178,0
DA:179,0
DA:180,0
DA:181,0
DA:182,0
DA:185,0
DA:186,0
DA:189,0
DA:192,0
DA:193,0
DA:195,0
DA:196,0
DA:197,0
DA:198,0
DA:199,0
DA:202,0
DA:203,0
DA:205,0
DA:206,0
DA:211,0
DA:212,0
DA:214,0
DA:215,0
DA:216,0
DA:217,0
DA:218,0
DA:224,0
DA:227,0
DA:228,0
DA:229,0
DA:232,0
DA:233,0
DA:234,0
DA:237,0
DA:238,0
DA:241,0
DA:243,0
DA:244,0
DA:245,0
DA:247,0
DA:251,0
DA:252,0
DA:254,0
DA:256,0
DA:260,0
DA:265,0
DA:266,0
DA:269,0
DA:270,0
DA:271,0
DA:273,0
DA:274,0
DA:275,0
DA:277,0
DA:281,0
DA:282,0
DA:286,0
DA:289,0
DA:290,0
DA:291,0
DA:294,0
DA:297,0
DA:299,0
DA:300,0
DA:305,0
DA:306,0
DA:309,0
DA:310,0
DA:312,0
DA:313,0
DA:314,0
DA:316,0
DA:320,0
DA:321,0
DA:322,0
DA:323,0
DA:325,0
DA:326,0
DA:330,0
DA:331,0
DA:332,0
DA:335,0
DA:336,0
DA:337,0
DA:338,0
DA:346,0
DA:350,0
DA:351,0
DA:352,0
DA:353,0
DA:354,0
DA:355,0
DA:356,0
DA:358,0
DA:359,0
DA:360,0
DA:361,0
DA:362,0
DA:363,0
DA:365,0
DA:370,0
DA:371,0
DA:372,0
DA:373,0
DA:374,0
DA:378,0
DA:379,0
DA:381,0
DA:385,0
DA:389,0
DA:392,0
DA:393,0
DA:394,0
DA:396,0
DA:397,0
DA:398,0
DA:400,0
DA:401,0
DA:402,0
DA:406,0
DA:407,0
DA:408,0
DA:410,0
DA:411,0
DA:415,0
DA:416,0
DA:417,0
DA:420,0
DA:421,0
DA:423,0
DA:424,0
DA:425,0
DA:427,0
DA:429,0
DA:430,0
DA:436,0
DA:437,0
DA:439,0
DA:441,0
DA:451,0
DA:452,0
DA:455,0
DA:456,0
DA:458,0
DA:465,0
DA:466,0
DA:468,0
DA:470,0
DA:471,0
DA:475,0
DA:484,0
DA:543,0
DA:588,0
DA:609,0
DA:621,0
DA:674,0
DA:675,0
DA:692,0
DA:703,0
DA:713,0
DA:723,0
DA:733,0
DA:746,0
DA:789,0
DA:802,0
LF:224
LH:0
BRDA:79,0,0,0
BRDA:118,1,0,0
BRDA:119,2,0,0
BRDA:119,2,1,0
BRDA:127,3,0,0
BRDA:127,3,1,0
BRDA:132,4,0,0
BRDA:132,4,1,0
BRDA:144,5,0,0
BRDA:144,5,1,0
BRDA:144,6,0,0
BRDA:144,6,1,0
BRDA:149,7,0,0
BRDA:149,7,1,0
BRDA:153,8,0,0
BRDA:153,8,1,0
BRDA:164,9,0,0
BRDA:164,9,1,0
BRDA:173,10,0,0
BRDA:173,10,1,0
BRDA:179,11,0,0
BRDA:179,11,1,0
BRDA:180,12,0,0
BRDA:180,12,1,0
BRDA:181,13,0,0
BRDA:181,13,1,0
BRDA:182,14,0,0
BRDA:182,14,1,0
BRDA:185,15,0,0
BRDA:185,15,1,0
BRDA:196,16,0,0
BRDA:196,16,1,0
BRDA:211,17,0,0
BRDA:211,17,1,0
BRDA:216,18,0,0
BRDA:216,18,1,0
BRDA:217,19,0,0
BRDA:217,19,1,0
BRDA:227,20,0,0
BRDA:227,20,1,0
BRDA:244,21,0,0
BRDA:244,21,1,0
BRDA:256,22,0,0
BRDA:256,22,1,0
BRDA:265,23,0,0
BRDA:265,23,1,0
BRDA:269,24,0,0
BRDA:269,24,1,0
BRDA:274,25,0,0
BRDA:274,25,1,0
BRDA:286,26,0,0
BRDA:286,26,1,0
BRDA:290,27,0,0
BRDA:290,27,1,0
BRDA:290,28,0,0
BRDA:290,28,1,0
BRDA:294,29,0,0
BRDA:294,29,1,0
BRDA:305,30,0,0
BRDA:305,30,1,0
BRDA:313,31,0,0
BRDA:313,31,1,0
BRDA:331,32,0,0
BRDA:331,32,1,0
BRDA:336,33,0,0
BRDA:336,33,1,0
BRDA:351,34,0,0
BRDA:351,34,1,0
BRDA:358,35,0,0
BRDA:358,35,1,0
BRDA:359,36,0,0
BRDA:359,36,1,0
BRDA:360,37,0,0
BRDA:360,37,1,0
BRDA:361,38,0,0
BRDA:361,38,1,0
BRDA:362,39,0,0
BRDA:362,39,1,0
BRDA:371,40,0,0
BRDA:371,40,1,0
BRDA:372,41,0,0
BRDA:372,41,1,0
BRDA:372,42,0,0
BRDA:372,42,1,0
BRDA:373,43,0,0
BRDA:373,43,1,0
BRDA:381,44,0,0
BRDA:381,44,1,0
BRDA:385,45,0,0
BRDA:385,45,1,0
BRDA:385,45,2,0
BRDA:385,45,3,0
BRDA:385,45,4,0
BRDA:389,46,0,0
BRDA:389,46,1,0
BRDA:396,47,0,0
BRDA:396,47,1,0
BRDA:396,48,0,0
BRDA:396,48,1,0
BRDA:397,49,0,0
BRDA:397,49,1,0
BRDA:397,50,0,0
BRDA:397,50,1,0
BRDA:398,51,0,0
BRDA:398,51,1,0
BRDA:398,52,0,0
BRDA:398,52,1,0
BRDA:400,53,0,0
BRDA:400,53,1,0
BRDA:400,54,0,0
BRDA:400,54,1,0
BRDA:401,55,0,0
BRDA:401,55,1,0
BRDA:401,56,0,0
BRDA:401,56,1,0
BRDA:407,57,0,0
BRDA:407,57,1,0
BRDA:408,58,0,0
BRDA:408,58,1,0
BRDA:416,59,0,0
BRDA:416,59,1,0
BRDA:417,60,0,0
BRDA:417,60,1,0
BRDA:427,61,0,0
BRDA:427,61,1,0
BRDA:443,62,0,0
BRDA:443,62,1,0
BRDA:447,63,0,0
BRDA:447,63,1,0
BRDA:451,64,0,0
BRDA:451,64,1,0
BRDA:458,65,0,0
BRDA:458,65,1,0
BRDA:458,66,0,0
BRDA:458,66,1,0
BRDA:458,66,2,0
BRDA:489,67,0,0
BRDA:489,67,1,0
BRDA:494,68,0,0
BRDA:494,68,1,0
BRDA:496,69,0,0
BRDA:496,69,1,0
BRDA:500,70,0,0
BRDA:500,70,1,0
BRDA:502,71,0,0
BRDA:502,71,1,0
BRDA:555,72,0,0
BRDA:555,72,1,0
BRDA:558,73,0,0
BRDA:558,73,1,0
BRDA:575,74,0,0
BRDA:575,74,1,0
BRDA:633,75,0,0
BRDA:633,75,1,0
BRDA:643,76,0,0
BRDA:643,76,1,0
BRDA:643,77,0,0
BRDA:643,77,1,0
BRDA:646,78,0,0
BRDA:646,78,1,0
BRDA:647,79,0,0
BRDA:647,79,1,0
BRDA:652,80,0,0
BRDA:652,80,1,0
BRDA:652,80,2,0
BRDA:660,81,0,0
BRDA:660,81,1,0
BRDA:660,81,2,0
BRDA:668,82,0,0
BRDA:668,82,1,0
BRDA:668,82,2,0
BRDA:668,82,3,0
BRDA:685,83,0,0
BRDA:685,83,1,0
BRDA:748,84,0,0
BRDA:748,84,1,0
BRDA:748,85,0,0
BRDA:748,85,1,0
BRDA:760,86,0,0
BRDA:760,86,1,0
BRDA:765,87,0,0
BRDA:765,87,1,0
BRDA:768,88,0,0
BRDA:768,88,1,0
BRDA:782,89,0,0
BRDA:782,89,1,0
BRDA:792,90,0,0
BRDA:792,90,1,0
BRDA:796,91,0,0
BRDA:796,91,1,0
BRDA:798,92,0,0
BRDA:798,92,1,0
BRDA:819,93,0,0
BRDA:819,93,1,0
BRDA:823,94,0,0
BRDA:823,94,1,0
BRDA:827,95,0,0
BRDA:827,95,1,0
BRF:198
BRH:0
end_of_record
TN:
SF:src/components/admin/BillingDashboard.tsx
FN:17,(anonymous_0)
FN:24,(anonymous_1)
FN:28,(anonymous_2)
FN:55,(anonymous_3)
FN:62,(anonymous_4)
FN:80,(anonymous_5)
FN:157,(anonymous_6)
FN:184,(anonymous_7)
FNF:8
FNH:0
FNDA:0,(anonymous_0)
FNDA:0,(anonymous_1)
FNDA:0,(anonymous_2)
FNDA:0,(anonymous_3)
FNDA:0,(anonymous_4)
FNDA:0,(anonymous_5)
FNDA:0,(anonymous_6)
FNDA:0,(anonymous_7)
DA:17,0
DA:18,0
DA:19,0
DA:20,0
DA:21,0
DA:22,0
DA:24,0
DA:25,0
DA:28,0
DA:29,0
DA:30,0
DA:31,0
DA:33,0
DA:40,0
DA:46,0
DA:47,0
DA:49,0
DA:51,0
DA:55,0
DA:56,0
DA:62,0
DA:63,0
DA:71,0
DA:74,0
DA:75,0
DA:81,0
DA:89,0
DA:90,0
DA:109,0
DA:158,0
DA:185,0
LF:31
LH:0
BRDA:17,0,0,0
BRDA:49,1,0,0
BRDA:49,1,1,0
BRDA:71,2,0,0
BRDA:71,2,1,0
BRDA:74,3,0,0
BRDA:74,3,1,0
BRDA:89,4,0,0
BRDA:89,4,1,0
BRDA:117,5,0,0
BRDA:117,5,1,0
BRDA:130,6,0,0
BRDA:130,6,1,0
BRDA:153,7,0,0
BRDA:153,7,1,0
BRDA:181,8,0,0
BRDA:181,8,1,0
BRDA:181,9,0,0
BRDA:181,9,1,0
BRDA:195,10,0,0
BRDA:195,10,1,0
BRDA:205,11,0,0
BRDA:205,11,1,0
BRF:23
BRH:0
end_of_record
TN:
SF:src/components/admin/BulkEnrollmentPanel.tsx
FN:33,(anonymous_0)
FN:46,(anonymous_1)
FN:58,(anonymous_2)
FN:68,(anonymous_3)
FN:76,(anonymous_4)
FN:88,(anonymous_5)
FN:90,(anonymous_6)
FN:98,(anonymous_7)
FN:133,(anonymous_8)
FN:172,(anonymous_9)
FN:198,(anonymous_10)
FN:204,(anonymous_11)
FN:209,(anonymous_12)
FN:211,(anonymous_13)
FN:238,(anonymous_14)
FN:242,(anonymous_15)
FN:253,(anonymous_16)
FN:257,(anonymous_17)
FN:272,(anonymous_18)
FN:277,(anonymous_19)
FN:284,(anonymous_20)
FN:291,(anonymous_21)
FN:319,(anonymous_22)
FN:330,(anonymous_23)
FN:335,(anonymous_24)
FN:351,(anonymous_25)
FN:422,(anonymous_26)
FN:457,(anonymous_27)
FN:547,(anonymous_28)
FNF:29
FNH:0
FNDA:0,(anonymous_0)
FNDA:0,(anonymous_1)
FNDA:0,(anonymous_2)
FNDA:0,(anonymous_3)
FNDA:0,(anonymous_4)
FNDA:0,(anonymous_5)
FNDA:0,(anonymous_6)
FNDA:0,(anonymous_7)
FNDA:0,(anonymous_8)
FNDA:0,(anonymous_9)
FNDA:0,(anonymous_10)
FNDA:0,(anonymous_11)
FNDA:0,(anonymous_12)
FNDA:0,(anonymous_13)
FNDA:0,(anonymous_14)
FNDA:0,(anonymous_15)
FNDA:0,(anonymous_16)
FNDA:0,(anonymous_17)
FNDA:0,(anonymous_18)
FNDA:0,(anonymous_19)
FNDA:0,(anonymous_20)
FNDA:0,(anonymous_21)
FNDA:0,(anonymous_22)
FNDA:0,(anonymous_23)
FNDA:0,(anonymous_24)
FNDA:0,(anonymous_25)
FNDA:0,(anonymous_26)
FNDA:0,(anonymous_27)
FNDA:0,(anonymous_28)
DA:33,0
DA:34,0
DA:35,0
DA:36,0
DA:37,0
DA:38,0
DA:39,0
DA:40,0
DA:42,0
DA:46,0
DA:47,0
DA:48,0
DA:49,0
DA:50,0
DA:51,0
DA:52,0
DA:53,0
DA:54,0
DA:55,0
DA:58,0
DA:59,0
DA:60,0
DA:62,0
DA:63,0
DA:64,0
DA:67,0
DA:68,0
DA:69,0
DA:70,0
DA:71,0
DA:73,0
DA:76,0
DA:77,0
DA:78,0
DA:79,0
DA:81,0
DA:82,0
DA:83,0
DA:84,0
DA:88,0
DA:89,0
DA:90,0
DA:92,0
DA:93,0
DA:97,0
DA:98,0
DA:100,0
DA:101,0
DA:102,0
DA:105,0
DA:120,0
DA:121,0
DA:122,0
DA:124,0
DA:128,0
DA:129,0
DA:130,0
DA:133,0
DA:134,0
DA:136,0
DA:137,0
DA:140,0
DA:141,0
DA:142,0
DA:146,0
DA:147,0
DA:148,0
DA:149,0
DA:154,0
DA:155,0
DA:156,0
DA:157,0
DA:162,0
DA:163,0
DA:164,0
DA:165,0
DA:169,0
DA:172,0
DA:173,0
DA:174,0
DA:175,0
DA:178,0
DA:180,0
DA:191,0
DA:192,0
DA:195,0
DA:198,0
DA:199,0
DA:201,0
DA:202,0
DA:204,0
DA:205,0
DA:207,0
DA:209,0
DA:212,0
DA:217,0
DA:220,0
DA:235,0
DA:238,0
DA:243,0
DA:253,0
DA:258,0
DA:268,0
DA:271,0
DA:272,0
DA:277,0
DA:284,0
DA:285,0
DA:286,0
DA:287,0
DA:288,0
DA:289,0
DA:291,0
DA:292,0
DA:293,0
DA:294,0
DA:298,0
DA:306,0
DA:307,0
DA:311,0
DA:312,0
DA:313,0
DA:316,0
DA:319,0
DA:320,0
DA:321,0
DA:322,0
DA:323,0
DA:324,0
DA:325,0
DA:326,0
DA:330,0
DA:331,0
DA:333,0
DA:336,0
DA:340,0
DA:341,0
DA:342,0
DA:343,0
DA:344,0
DA:345,0
DA:346,0
DA:347,0
DA:348,0
DA:351,0
DA:352,0
DA:353,0
DA:354,0
DA:355,0
DA:356,0
DA:357,0
DA:361,0
DA:423,0
DA:458,0
DA:548,0
LF:155
LH:0
BRDA:60,0,0,0
BRDA:60,0,1,0
BRDA:62,1,0,0
BRDA:62,1,1,0
BRDA:62,2,0,0
BRDA:62,2,1,0
BRDA:81,3,0,0
BRDA:81,3,1,0
BRDA:92,4,0,0
BRDA:92,4,1,0
BRDA:100,5,0,0
BRDA:100,5,1,0
BRDA:106,6,0,0
BRDA:106,6,1,0
BRDA:107,7,0,0
BRDA:107,7,1,0
BRDA:108,8,0,0
BRDA:108,8,1,0
BRDA:109,9,0,0
BRDA:109,9,1,0
BRDA:110,10,0,0
BRDA:110,10,1,0
BRDA:111,11,0,0
BRDA:111,11,1,0
BRDA:112,12,0,0
BRDA:112,12,1,0
BRDA:113,13,0,0
BRDA:113,13,1,0
BRDA:114,14,0,0
BRDA:114,14,1,0
BRDA:121,15,0,0
BRDA:121,15,1,0
BRDA:136,16,0,0
BRDA:136,16,1,0
BRDA:137,17,0,0
BRDA:137,17,1,0
BRDA:141,18,0,0
BRDA:141,18,1,0
BRDA:146,19,0,0
BRDA:146,19,1,0
BRDA:148,20,0,0
BRDA:148,20,1,0
BRDA:154,21,0,0
BRDA:154,21,1,0
BRDA:156,22,0,0
BRDA:156,22,1,0
BRDA:162,23,0,0
BRDA:162,23,1,0
BRDA:164,24,0,0
BRDA:164,24,1,0
BRDA:164,25,0,0
BRDA:164,25,1,0
BRDA:173,26,0,0
BRDA:173,26,1,0
BRDA:209,27,0,0
BRDA:209,27,1,0
BRDA:212,28,0,0
BRDA:212,28,1,0
BRDA:235,29,0,0
BRDA:235,29,1,0
BRDA:238,30,0,0
BRDA:238,30,1,0
BRDA:243,31,0,0
BRDA:243,31,1,0
BRDA:253,32,0,0
BRDA:253,32,1,0
BRDA:258,33,0,0
BRDA:258,33,1,0
BRDA:261,34,0,0
BRDA:261,34,1,0
BRDA:271,35,0,0
BRDA:271,35,1,0
BRDA:277,36,0,0
BRDA:277,36,1,0
BRDA:325,37,0,0
BRDA:325,37,1,0
BRDA:331,38,0,0
BRDA:331,38,1,0
BRDA:336,39,0,0
BRDA:336,39,1,0
BRDA:336,40,0,0
BRDA:336,40,1,0
BRDA:352,41,0,0
BRDA:352,41,1,0
BRDA:352,41,2,0
BRDA:352,41,3,0
BRDA:352,41,4,0
BRDA:373,42,0,0
BRDA:373,42,1,0
BRDA:384,43,0,0
BRDA:384,43,1,0
BRDA:418,44,0,0
BRDA:418,44,1,0
BRDA:431,45,0,0
BRDA:431,45,1,0
BRDA:464,46,0,0
BRDA:464,46,1,0
BRDA:466,47,0,0
BRDA:466,47,1,0
BRDA:472,48,0,0
BRDA:472,48,1,0
BRDA:484,49,0,0
BRDA:484,49,1,0
BRDA:488,50,0,0
BRDA:488,50,1,0
BRDA:519,51,0,0
BRDA:519,51,1,0
BRDA:559,52,0,0
BRDA:559,52,1,0
BRF:109
BRH:0
end_of_record
TN:
SF:src/components/admin/BulkExportPanel.tsx
FN:27,(anonymous_0)
FN:90,(anonymous_1)
FN:105,(anonymous_2)
FN:122,(anonymous_3)
FN:122,(anonymous_4)
FN:137,(anonymous_5)
FN:138,(anonymous_6)
FN:146,(anonymous_7)
FN:146,(anonymous_8)
FN:164,(anonymous_9)
FN:164,(anonymous_10)
FN:175,(anonymous_11)
FN:186,(anonymous_12)
FN:187,(anonymous_13)
FN:187,(anonymous_14)
FN:192,(anonymous_15)
FN:202,(anonymous_16)
FN:211,(anonymous_17)
FN:230,(anonymous_18)
FN:232,(anonymous_19)
FN:253,(anonymous_20)
FN:253,(anonymous_21)
FN:262,(anonymous_22)
FN:262,(anonymous_23)
FN:270,(anonymous_24)
FN:270,(anonymous_25)
FN:283,(anonymous_26)
FN:283,(anonymous_27)
FN:292,(anonymous_28)
FN:292,(anonymous_29)
FN:303,(anonymous_30)
FN:323,(anonymous_31)
FN:337,(anonymous_32)
FN:345,(anonymous_33)
FN:354,(anonymous_34)
FNF:35
FNH:0
FNDA:0,(anonymous_0)
FNDA:0,(anonymous_1)
FNDA:0,(anonymous_2)
FNDA:0,(anonymous_3)
FNDA:0,(anonymous_4)
FNDA:0,(anonymous_5)
FNDA:0,(anonymous_6)
FNDA:0,(anonymous_7)
FNDA:0,(anonymous_8)
FNDA:0,(anonymous_9)
FNDA:0,(anonymous_10)
FNDA:0,(anonymous_11)
FNDA:0,(anonymous_12)
FNDA:0,(anonymous_13)
FNDA:0,(anonymous_14)
FNDA:0,(anonymous_15)
FNDA:0,(anonymous_16)
FNDA:0,(anonymous_17)
FNDA:0,(anonymous_18)
FNDA:0,(anonymous_19)
FNDA:0,(anonymous_20)
FNDA:0,(anonymous_21)
FNDA:0,(anonymous_22)
FNDA:0,(anonymous_23)
FNDA:0,(anonymous_24)
FNDA:0,(anonymous_25)
FNDA:0,(anonymous_26)
FNDA:0,(anonymous_27)
FNDA:0,(anonymous_28)
FNDA:0,(anonymous_29)
FNDA:0,(anonymous_30)
FNDA:0,(anonymous_31)
FNDA:0,(anonymous_32)
FNDA:0,(anonymous_33)
FNDA:0,(anonymous_34)
DA:27,0
DA:28,0
DA:29,0
DA:30,0
DA:39,0
DA:90,0
DA:91,0
DA:92,0
DA:95,0
DA:105,0
DA:108,0
DA:117,0
DA:118,0
DA:122,0
DA:123,0
DA:129,0
DA:132,0
DA:133,0
DA:137,0
DA:138,0
DA:139,0
DA:140,0
DA:144,0
DA:146,0
DA:147,0
DA:159,0
DA:160,0
DA:163,0
DA:164,0
DA:165,0
DA:172,0
DA:175,0
DA:176,0
DA:177,0
DA:178,0
DA:179,0
DA:180,0
DA:181,0
DA:182,0
DA:186,0
DA:187,0
DA:188,0
DA:192,0
DA:193,0
DA:194,0
DA:195,0
DA:196,0
DA:197,0
DA:198,0
DA:202,0
DA:203,0
DA:204,0
DA:206,0
DA:207,0
DA:208,0
DA:211,0
DA:212,0
DA:216,0
DA:230,0
DA:232,0
DA:253,0
DA:262,0
DA:270,0
DA:283,0
DA:292,0
DA:304,0
DA:323,0
DA:338,0
DA:345,0
DA:354,0
LF:70
LH:0
BRDA:117,0,0,0
BRDA:117,0,1,0
BRDA:123,1,0,0
BRDA:123,1,1,0
BRDA:133,2,0,0
BRDA:133,2,1,0
BRDA:144,3,0,0
BRDA:144,3,1,0
BRDA:147,4,0,0
BRDA:147,4,1,0
BRDA:153,5,0,0
BRDA:153,5,1,0
BRDA:159,6,0,0
BRDA:159,6,1,0
BRDA:165,7,0,0
BRDA:165,7,1,0
BRDA:176,8,0,0
BRDA:176,8,1,0
BRDA:179,9,0,0
BRDA:179,9,1,0
BRDA:193,10,0,0
BRDA:193,10,1,0
BRDA:193,10,2,0
BRDA:193,10,3,0
BRDA:193,10,4,0
BRDA:203,11,0,0
BRDA:203,11,1,0
BRDA:206,12,0,0
BRDA:206,12,1,0
BRDA:207,13,0,0
BRDA:207,13,1,0
BRDA:212,14,0,0
BRDA:212,14,1,0
BRDA:212,14,2,0
BRDA:232,15,0,0
BRDA:232,15,1,0
BRDA:310,16,0,0
BRDA:310,16,1,0
BRDA:333,17,0,0
BRDA:333,17,1,0
BRDA:345,18,0,0
BRDA:345,18,1,0
BRDA:352,19,0,0
BRDA:352,19,1,0
BRDA:352,19,2,0
BRDA:363,20,0,0
BRDA:363,20,1,0
BRDA:378,21,0,0
BRDA:378,21,1,0
BRF:49
BRH:0
end_of_record
TN:
SF:src/components/admin/ClaudeTestWidget.tsx
FN:7,(anonymous_0)
FN:12,(anonymous_1)
FN:56,(anonymous_2)
FNF:3
FNH:0
FNDA:0,(anonymous_0)
FNDA:0,(anonymous_1)
FNDA:0,(anonymous_2)
DA:7,0
DA:8,0
DA:9,0
DA:10,0
DA:12,0
DA:13,0
DA:14,0
DA:16,0
DA:18,0
DA:19,0
DA:30,0
DA:31,0
DA:35,0
DA:36,0
DA:41,0
DA:47,0
DA:52,0
DA:56,0
DA:57,0
DA:58,0
DA:60,0
DA:62,0
DA:63,0
DA:73,0
DA:74,0
DA:75,0
DA:76,0
DA:77,0
DA:78,0
DA:80,0
DA:83,0
DA:85,0
DA:89,0
LF:33
LH:0
BRDA:30,0,0,0
BRDA:30,0,1,0
BRDA:35,1,0,0
BRDA:35,1,1,0
BRDA:38,2,0,0
BRDA:38,2,1,0
BRDA:49,3,0,0
BRDA:49,3,1,0
BRDA:73,4,0,0
BRDA:73,4,1,0
BRDA:75,5,0,0
BRDA:75,5,1,0
BRDA:76,6,0,0
BRDA:76,6,1,0
BRDA:77,7,0,0
BRDA:77,7,1,0
BRDA:78,8,0,0
BRDA:78,8,1,0
BRDA:83,9,0,0
BRDA:83,9,1,0
BRDA:104,10,0,0
BRDA:104,10,1,0
BRDA:107,11,0,0
BRDA:107,11,1,0
BRDA:108,12,0,0
BRDA:108,12,1,0
BRDA:123,13,0,0
BRDA:123,13,1,0
BRDA:126,14,0,0
BRDA:126,14,1,0
BRF:30
BRH:0
end_of_record
TN:
SF:src/components/admin/EnhancedFhirService.ts
FN:132,(anonymous_0)
FN:140,(anonymous_1)
FN:179,(anonymous_2)
FN:214,(anonymous_3)
FN:237,(anonymous_4)
FN:254,(anonymous_5)
FN:255,(anonymous_6)
FN:274,(anonymous_7)
FN:311,(anonymous_8)
FN:336,(anonymous_9)
FN:364,(anonymous_10)
FN:373,(anonymous_11)
FN:392,(anonymous_12)
FN:403,(anonymous_13)
FN:411,(anonymous_14)
FN:414,(anonymous_15)
FN:423,(anonymous_16)
FN:427,(anonymous_17)
FN:435,(anonymous_18)
FN:436,(anonymous_19)
FN:450,(anonymous_20)
FN:471,(anonymous_21)
FN:479,(anonymous_22)
FN:485,(anonymous_23)
FN:532,(anonymous_24)
FN:539,(anonymous_25)
FN:554,(anonymous_26)
FN:557,(anonymous_27)
FN:586,(anonymous_28)
FN:589,(anonymous_29)
FN:622,(anonymous_30)
FN:626,(anonymous_31)
FN:627,(anonymous_32)
FN:628,(anonymous_33)
FN:629,(anonymous_34)
FN:634,(anonymous_35)
FN:664,(anonymous_36)
FN:670,(anonymous_37)
FN:686,(anonymous_38)
FN:710,(anonymous_39)
FN:715,(anonymous_40)
FN:720,(anonymous_41)
FN:748,(anonymous_42)
FN:761,(anonymous_43)
FN:795,(anonymous_44)
FN:803,(anonymous_45)
FN:810,(anonymous_46)
FN:814,(anonymous_47)
FN:829,(anonymous_48)
FN:833,(anonymous_49)
FN:834,(anonymous_50)
FN:840,(anonymous_51)
FN:841,(anonymous_52)
FN:845,(anonymous_53)
FN:864,(anonymous_54)
FN:874,(anonymous_55)
FN:889,(anonymous_56)
FN:898,(anonymous_57)
FN:907,(anonymous_58)
FN:911,(anonymous_59)
FN:916,(anonymous_60)
FN:938,(anonymous_61)
FNF:62
FNH:0
FNDA:0,(anonymous_0)
FNDA:0,(anonymous_1)
FNDA:0,(anonymous_2)
FNDA:0,(anonymous_3)
FNDA:0,(anonymous_4)
FNDA:0,(anonymous_5)
FNDA:0,(anonymous_6)
FNDA:0,(anonymous_7)
FNDA:0,(anonymous_8)
FNDA:0,(anonymous_9)
FNDA:0,(anonymous_10)
FNDA:0,(anonymous_11)
FNDA:0,(anonymous_12)
FNDA:0,(anonymous_13)
FNDA:0,(anonymous_14)
FNDA:0,(anonymous_15)
FNDA:0,(anonymous_16)
FNDA:0,(anonymous_17)
FNDA:0,(anonymous_18)
FNDA:0,(anonymous_19)
FNDA:0,(anonymous_20)
FNDA:0,(anonymous_21)
FNDA:0,(anonymous_22)
FNDA:0,(anonymous_23)
FNDA:0,(anonymous_24)
FNDA:0,(anonymous_25)
FNDA:0,(anonymous_26)
FNDA:0,(anonymous_27)
FNDA:0,(anonymous_28)
FNDA:0,(anonymous_29)
FNDA:0,(anonymous_30)
FNDA:0,(anonymous_31)
FNDA:0,(anonymous_32)
FNDA:0,(anonymous_33)
FNDA:0,(anonymous_34)
FNDA:0,(anonymous_35)
FNDA:0,(anonymous_36)
FNDA:0,(anonymous_37)
FNDA:0,(anonymous_38)
FNDA:0,(anonymous_39)
FNDA:0,(anonymous_40)
FNDA:0,(anonymous_41)
FNDA:0,(anonymous_42)
FNDA:0,(anonymous_43)
FNDA:0,(anonymous_44)
FNDA:0,(anonymous_45)
FNDA:0,(anonymous_46)
FNDA:0,(anonymous_47)
FNDA:0,(anonymous_48)
FNDA:0,(anonymous_49)
FNDA:0,(anonymous_50)
FNDA:0,(anonymous_51)
FNDA:0,(anonymous_52)
FNDA:0,(anonymous_53)
FNDA:0,(anonymous_54)
FNDA:0,(anonymous_55)
FNDA:0,(anonymous_56)
FNDA:0,(anonymous_57)
FNDA:0,(anonymous_58)
FNDA:0,(anonymous_59)
FNDA:0,(anonymous_60)
FNDA:0,(anonymous_61)
DA:133,0
DA:134,0
DA:135,0
DA:136,0
DA:141,0
DA:143,0
DA:146,0
DA:149,0
DA:152,0
DA:155,0
DA:158,0
DA:161,0
DA:163,0
DA:173,0
DA:174,0
DA:180,0
DA:182,0
DA:185,0
DA:188,0
DA:191,0
DA:194,0
DA:197,0
DA:199,0
DA:208,0
DA:209,0
DA:215,0
DA:216,0
DA:217,0
DA:220,0
DA:222,0
DA:231,0
DA:232,0
DA:238,0
DA:239,0
DA:241,0
DA:248,0
DA:249,0
DA:255,0
DA:256,0
DA:257,0
DA:259,0
DA:260,0
DA:261,0
DA:263,0
DA:264,0
DA:268,0
DA:275,0
DA:276,0
DA:280,0
DA:281,0
DA:283,0
DA:285,0
DA:286,0
DA:287,0
DA:288,0
DA:289,0
DA:290,0
DA:296,0
DA:297,0
DA:298,0
DA:302,0
DA:305,0
DA:306,0
DA:317,0
DA:318,0
DA:319,0
DA:320,0
DA:322,0
DA:330,0
DA:331,0
DA:337,0
DA:338,0
DA:339,0
DA:341,0
DA:342,0
DA:348,0
DA:355,0
DA:356,0
DA:359,0
DA:360,0
DA:365,0
DA:366,0
DA:367,0
DA:369,0
DA:370,0
DA:372,0
DA:374,0
DA:375,0
DA:377,0
DA:378,0
DA:383,0
DA:384,0
DA:387,0
DA:388,0
DA:393,0
DA:395,0
DA:400,0
DA:404,0
DA:411,0
DA:414,0
DA:420,0
DA:424,0
DA:427,0
DA:428,0
DA:429,0
DA:434,0
DA:435,0
DA:436,0
DA:439,0
DA:440,0
DA:443,0
DA:444,0
DA:447,0
DA:451,0
DA:452,0
DA:455,0
DA:457,0
DA:458,0
DA:460,0
DA:461,0
DA:463,0
DA:464,0
DA:466,0
DA:467,0
DA:471,0
DA:472,0
DA:475,0
DA:476,0
DA:480,0
DA:481,0
DA:482,0
DA:483,0
DA:485,0
DA:486,0
DA:487,0
DA:488,0
DA:490,0
DA:491,0
DA:492,0
DA:493,0
DA:496,0
DA:533,0
DA:535,0
DA:536,0
DA:539,0
DA:540,0
DA:554,0
DA:558,0
DA:561,0
DA:562,0
DA:574,0
DA:575,0
DA:586,0
DA:590,0
DA:593,0
DA:594,0
DA:606,0
DA:607,0
DA:608,0
DA:619,0
DA:624,0
DA:626,0
DA:627,0
DA:628,0
DA:629,0
DA:631,0
DA:636,0
DA:661,0
DA:667,0
DA:672,0
DA:683,0
DA:687,0
DA:688,0
DA:690,0
DA:691,0
DA:692,0
DA:693,0
DA:694,0
DA:696,0
DA:699,0
DA:703,0
DA:711,0
DA:712,0
DA:713,0
DA:715,0
DA:717,0
DA:718,0
DA:719,0
DA:720,0
DA:721,0
DA:723,0
DA:726,0
DA:727,0
DA:728,0
DA:729,0
DA:736,0
DA:739,0
DA:750,0
DA:762,0
DA:765,0
DA:766,0
DA:767,0
DA:769,0
DA:770,0
DA:771,0
DA:775,0
DA:776,0
DA:777,0
DA:781,0
DA:782,0
DA:783,0
DA:787,0
DA:788,0
DA:789,0
DA:792,0
DA:796,0
DA:803,0
DA:810,0
DA:815,0
DA:829,0
DA:834,0
DA:836,0
DA:840,0
DA:841,0
DA:846,0
DA:847,0
DA:849,0
DA:852,0
DA:865,0
DA:871,0
DA:875,0
DA:876,0
DA:878,0
DA:879,0
DA:880,0
DA:881,0
DA:882,0
DA:884,0
DA:885,0
DA:890,0
DA:891,0
DA:892,0
DA:894,0
DA:895,0
DA:899,0
DA:908,0
DA:912,0
DA:921,0
DA:923,0
DA:925,0
DA:932,0
DA:933,0
DA:940,0
LF:253
LH:0
BRDA:174,0,0,0
BRDA:174,0,1,0
BRDA:209,1,0,0
BRDA:209,1,1,0
BRDA:220,2,0,0
BRDA:220,2,1,0
BRDA:232,3,0,0
BRDA:232,3,1,0
BRDA:249,4,0,0
BRDA:249,4,1,0
BRDA:263,5,0,0
BRDA:263,5,1,0
BRDA:276,6,0,0
BRDA:276,6,1,0
BRDA:285,7,0,0
BRDA:285,7,1,0
BRDA:288,8,0,0
BRDA:288,8,1,0
BRDA:297,9,0,0
BRDA:297,9,1,0
BRDA:306,10,0,0
BRDA:306,10,1,0
BRDA:331,11,0,0
BRDA:331,11,1,0
BRDA:339,12,0,0
BRDA:339,12,1,0
BRDA:350,13,0,0
BRDA:350,13,1,0
BRDA:351,14,0,0
BRDA:351,14,1,0
BRDA:352,15,0,0
BRDA:352,15,1,0
BRDA:367,16,0,0
BRDA:367,16,1,0
BRDA:373,17,0,0
BRDA:373,17,1,0
BRDA:400,18,0,0
BRDA:400,18,1,0
BRDA:416,19,0,0
BRDA:416,19,1,0
BRDA:428,20,0,0
BRDA:428,20,1,0
BRDA:435,21,0,0
BRDA:435,21,1,0
BRDA:439,22,0,0
BRDA:439,22,1,0
BRDA:443,23,0,0
BRDA:443,23,1,0
BRDA:455,24,0,0
BRDA:455,24,1,0
BRDA:455,24,2,0
BRDA:455,24,3,0
BRDA:471,25,0,0
BRDA:471,25,1,0
BRDA:487,26,0,0
BRDA:487,26,1,0
BRDA:490,27,0,0
BRDA:490,27,1,0
BRDA:490,28,0,0
BRDA:490,28,1,0
BRDA:491,29,0,0
BRDA:491,29,1,0
BRDA:491,30,0,0
BRDA:491,30,1,0
BRDA:492,31,0,0
BRDA:492,31,1,0
BRDA:492,32,0,0
BRDA:492,32,1,0
BRDA:561,33,0,0
BRDA:561,33,1,0
BRDA:574,34,0,0
BRDA:574,34,1,0
BRDA:593,35,0,0
BRDA:593,35,1,0
BRDA:607,36,0,0
BRDA:607,36,1,0
BRDA:607,37,0,0
BRDA:607,37,1,0
BRDA:626,38,0,0
BRDA:626,38,1,0
BRDA:627,39,0,0
BRDA:627,39,1,0
BRDA:628,40,0,0
BRDA:628,40,1,0
BRDA:629,41,0,0
BRDA:629,41,1,0
BRDA:661,42,0,0
BRDA:661,42,1,0
BRDA:683,43,0,0
BRDA:683,43,1,0
BRDA:693,44,0,0
BRDA:693,44,1,0
BRDA:706,45,0,0
BRDA:706,45,1,0
BRDA:721,46,0,0
BRDA:721,46,1,0
BRDA:727,47,0,0
BRDA:727,47,1,0
BRDA:727,48,0,0
BRDA:727,48,1,0
BRDA:740,49,0,0
BRDA:740,49,1,0
BRDA:741,50,0,0
BRDA:741,50,1,0
BRDA:765,51,0,0
BRDA:765,51,1,0
BRDA:765,52,0,0
BRDA:765,52,1,0
BRDA:765,52,2,0
BRDA:769,53,0,0
BRDA:769,53,1,0
BRDA:769,54,0,0
BRDA:769,54,1,0
BRDA:769,54,2,0
BRDA:775,55,0,0
BRDA:775,55,1,0
BRDA:775,56,0,0
BRDA:775,56,1,0
BRDA:775,56,2,0
BRDA:781,57,0,0
BRDA:781,57,1,0
BRDA:781,58,0,0
BRDA:781,58,1,0
BRDA:781,58,2,0
BRDA:787,59,0,0
BRDA:787,59,1,0
BRDA:787,60,0,0
BRDA:787,60,1,0
BRDA:787,60,2,0
BRDA:847,61,0,0
BRDA:847,61,1,0
BRDA:871,62,0,0
BRDA:871,62,1,0
BRDA:878,63,0,0
BRDA:878,63,1,0
BRDA:879,64,0,0
BRDA:879,64,1,0
BRDA:880,65,0,0
BRDA:880,65,1,0
BRDA:881,66,0,0
BRDA:881,66,1,0
BRDA:882,67,0,0
BRDA:882,67,1,0
BRDA:891,68,0,0
BRDA:891,68,1,0
BRDA:891,69,0,0
BRDA:891,69,1,0
BRDA:933,70,0,0
BRDA:933,70,1,0
BRF:149
BRH:0
end_of_record
TN:
SF:src/components/admin/ExportCheckIns.tsx
FN:30,(anonymous_0)
FN:31,(anonymous_1)
FN:32,(anonymous_2)
FN:33,(anonymous_3)
FN:57,(anonymous_4)
FN:68,(anonymous_5)
FN:70,(anonymous_6)
FN:77,(anonymous_7)
FN:92,(anonymous_8)
FN:108,(anonymous_9)
FN:110,(anonymous_10)
FN:113,(anonymous_11)
FN:114,(anonymous_12)
FN:114,(anonymous_13)
FN:117,(anonymous_14)
FN:149,(anonymous_15)
FN:168,(anonymous_16)
FN:174,(anonymous_17)
FN:182,(anonymous_18)
FN:196,(anonymous_19)
FN:214,(anonymous_20)
FN:219,(anonymous_21)
FN:230,(anonymous_22)
FN:242,(anonymous_23)
FN:254,(anonymous_24)
FN:259,(anonymous_25)
FN:269,(anonymous_26)
FN:290,(anonymous_27)
FN:305,(anonymous_28)
FN:306,(anonymous_29)
FN:306,(anonymous_30)
FN:335,(anonymous_31)
FN:374,(anonymous_32)
FN:384,(anonymous_33)
FN:402,(anonymous_34)
FN:425,(anonymous_35)
FN:425,(anonymous_36)
FN:438,(anonymous_37)
FN:438,(anonymous_38)
FNF:39
FNH:0
FNDA:0,(anonymous_0)
FNDA:0,(anonymous_1)
FNDA:0,(anonymous_2)
FNDA:0,(anonymous_3)
FNDA:0,(anonymous_4)
FNDA:0,(anonymous_5)
FNDA:0,(anonymous_6)
FNDA:0,(anonymous_7)
FNDA:0,(anonymous_8)
FNDA:0,(anonymous_9)
FNDA:0,(anonymous_10)
FNDA:0,(anonymous_11)
FNDA:0,(anonymous_12)
FNDA:0,(anonymous_13)
FNDA:0,(anonymous_14)
FNDA:0,(anonymous_15)
FNDA:0,(anonymous_16)
FNDA:0,(anonymous_17)
FNDA:0,(anonymous_18)
FNDA:0,(anonymous_19)
FNDA:0,(anonymous_20)
FNDA:0,(anonymous_21)
FNDA:0,(anonymous_22)
FNDA:0,(anonymous_23)
FNDA:0,(anonymous_24)
FNDA:0,(anonymous_25)
FNDA:0,(anonymous_26)
FNDA:0,(anonymous_27)
FNDA:0,(anonymous_28)
FNDA:0,(anonymous_29)
FNDA:0,(anonymous_30)
FNDA:0,(anonymous_31)
FNDA:0,(anonymous_32)
FNDA:0,(anonymous_33)
FNDA:0,(anonymous_34)
FNDA:0,(anonymous_35)
FNDA:0,(anonymous_36)
FNDA:0,(anonymous_37)
FNDA:0,(anonymous_38)
DA:30,0
DA:31,0
DA:32,0
DA:33,0
DA:36,0
DA:43,0
DA:50,0
DA:57,0
DA:68,0
DA:69,0
DA:71,0
DA:77,0
DA:78,0
DA:84,0
DA:92,0
DA:93,0
DA:94,0
DA:95,0
DA:96,0
DA:97,0
DA:101,0
DA:102,0
DA:108,0
DA:109,0
DA:110,0
DA:113,0
DA:114,0
DA:117,0
DA:118,0
DA:124,0
DA:125,0
DA:127,0
DA:128,0
DA:132,0
DA:133,0
DA:136,0
DA:138,0
DA:139,0
DA:142,0
DA:144,0
DA:145,0
DA:149,0
DA:152,0
DA:154,0
DA:155,0
DA:160,0
DA:161,0
DA:162,0
DA:165,0
DA:166,0
DA:167,0
DA:168,0
DA:174,0
DA:175,0
DA:176,0
DA:177,0
DA:178,0
DA:182,0
DA:184,0
DA:185,0
DA:189,0
DA:190,0
DA:191,0
DA:193,0
DA:196,0
DA:197,0
DA:198,0
DA:208,0
DA:209,0
DA:214,0
DA:215,0
DA:216,0
DA:219,0
DA:220,0
DA:230,0
DA:240,0
DA:242,0
DA:245,0
DA:246,0
DA:248,0
DA:249,0
DA:251,0
DA:254,0
DA:255,0
DA:259,0
DA:269,0
DA:281,0
DA:282,0
DA:284,0
DA:285,0
DA:287,0
DA:290,0
DA:291,0
DA:292,0
DA:294,0
DA:295,0
DA:297,0
DA:299,0
DA:300,0
DA:301,0
DA:305,0
DA:306,0
DA:308,0
DA:312,0
DA:319,0
DA:320,0
DA:321,0
DA:322,0
DA:323,0
DA:324,0
DA:327,0
DA:328,0
DA:329,0
DA:331,0
DA:335,0
DA:336,0
DA:337,0
DA:338,0
DA:339,0
DA:342,0
DA:344,0
DA:374,0
DA:384,0
DA:402,0
DA:425,0
DA:438,0
LF:126
LH:0
BRDA:77,0,0,0
BRDA:124,1,0,0
BRDA:124,1,1,0
BRDA:127,2,0,0
BRDA:127,2,1,0
BRDA:132,3,0,0
BRDA:132,3,1,0
BRDA:138,4,0,0
BRDA:138,4,1,0
BRDA:142,5,0,0
BRDA:142,5,1,0
BRDA:144,6,0,0
BRDA:144,6,1,0
BRDA:154,7,0,0
BRDA:154,7,1,0
BRDA:160,8,0,0
BRDA:160,8,1,0
BRDA:165,9,0,0
BRDA:165,9,1,0
BRDA:176,10,0,0
BRDA:176,10,1,0
BRDA:176,11,0,0
BRDA:176,11,1,0
BRDA:176,12,0,0
BRDA:176,12,1,0
BRDA:177,13,0,0
BRDA:177,13,1,0
BRDA:184,14,0,0
BRDA:184,14,1,0
BRDA:184,15,0,0
BRDA:184,15,1,0
BRDA:184,15,2,0
BRDA:190,16,0,0
BRDA:190,16,1,0
BRDA:190,17,0,0
BRDA:190,17,1,0
BRDA:190,17,2,0
BRDA:190,17,3,0
BRDA:235,18,0,0
BRDA:235,18,1,0
BRDA:261,19,0,0
BRDA:261,19,1,0
BRDA:262,20,0,0
BRDA:262,20,1,0
BRDA:266,21,0,0
BRDA:266,21,1,0
BRDA:276,22,0,0
BRDA:276,22,1,0
BRDA:299,23,0,0
BRDA:299,23,1,0
BRDA:308,24,0,0
BRDA:308,24,1,0
BRDA:319,25,0,0
BRDA:319,25,1,0
BRDA:322,26,0,0
BRDA:322,26,1,0
BRDA:328,27,0,0
BRDA:328,27,1,0
BRDA:342,28,0,0
BRDA:342,28,1,0
BRDA:342,28,2,0
BRDA:351,29,0,0
BRDA:351,29,1,0
BRDA:427,30,0,0
BRDA:427,30,1,0
BRDA:440,31,0,0
BRDA:440,31,1,0
BRDA:448,32,0,0
BRDA:448,32,1,0
BRDA:476,33,0,0
BRDA:476,33,1,0
BRDA:493,34,0,0
BRDA:493,34,1,0
BRDA:501,35,0,0
BRDA:501,35,1,0
BRF:75
BRH:0
end_of_record
TN:
SF:src/components/admin/FHIRDataMapper.tsx
FN:16,(anonymous_0)
FN:95,(anonymous_1)
FN:101,(anonymous_2)
FN:109,(anonymous_3)
FN:123,(anonymous_4)
FN:128,(anonymous_5)
FN:171,(anonymous_6)
FN:178,(anonymous_7)
FN:208,(anonymous_8)
FN:211,(anonymous_9)
FN:257,(anonymous_10)
FN:278,(anonymous_11)
FN:320,(anonymous_12)
FN:326,(anonymous_13)
FN:332,(anonymous_14)
FN:386,(anonymous_15)
FN:429,(anonymous_16)
FN:430,(anonymous_17)
FN:437,(anonymous_18)
FN:468,(anonymous_19)
FNF:20
FNH:0
FNDA:0,(anonymous_0)
FNDA:0,(anonymous_1)
FNDA:0,(anonymous_2)
FNDA:0,(anonymous_3)
FNDA:0,(anonymous_4)
FNDA:0,(anonymous_5)
FNDA:0,(anonymous_6)
FNDA:0,(anonymous_7)
FNDA:0,(anonymous_8)
FNDA:0,(anonymous_9)
FNDA:0,(anonymous_10)
FNDA:0,(anonymous_11)
FNDA:0,(anonymous_12)
FNDA:0,(anonymous_13)
FNDA:0,(anonymous_14)
FNDA:0,(anonymous_15)
FNDA:0,(anonymous_16)
FNDA:0,(anonymous_17)
FNDA:0,(anonymous_18)
FNDA:0,(anonymous_19)
DA:16,0
DA:17,0
DA:18,0
DA:19,0
DA:21,0
DA:28,0
DA:29,0
DA:32,0
DA:95,0
DA:96,0
DA:97,0
DA:98,0
DA:101,0
DA:102,0
DA:103,0
DA:104,0
DA:105,0
DA:106,0
DA:109,0
DA:110,0
DA:111,0
DA:113,0
DA:114,0
DA:115,0
DA:116,0
DA:118,0
DA:123,0
DA:124,0
DA:125,0
DA:128,0
DA:129,0
DA:130,0
DA:131,0
DA:134,0
DA:171,0
DA:178,0
DA:209,0
DA:211,0
DA:258,0
DA:279,0
DA:320,0
DA:326,0
DA:332,0
DA:387,0
DA:430,0
DA:431,0
DA:433,0
DA:438,0
DA:468,0
LF:49
LH:0
BRDA:111,0,0,0
BRDA:111,0,1,0
BRDA:124,1,0,0
BRDA:124,1,1,0
BRDA:129,2,0,0
BRDA:129,2,1,0
BRDA:130,3,0,0
BRDA:130,3,1,0
BRDA:161,4,0,0
BRDA:161,4,1,0
BRDA:200,5,0,0
BRDA:200,5,1,0
BRDA:235,6,0,0
BRDA:235,6,1,0
BRDA:237,7,0,0
BRDA:237,7,1,0
BRDA:240,8,0,0
BRDA:240,8,1,0
BRDA:253,9,0,0
BRDA:253,9,1,0
BRDA:274,10,0,0
BRDA:274,10,1,0
BRDA:297,11,0,0
BRDA:297,11,1,0
BRDA:309,12,0,0
BRDA:309,12,1,0
BRDA:315,13,0,0
BRDA:315,13,1,0
BRDA:321,14,0,0
BRDA:321,14,1,0
BRDA:327,15,0,0
BRDA:327,15,1,0
BRDA:333,16,0,0
BRDA:333,16,1,0
BRDA:342,17,0,0
BRDA:342,17,1,0
BRDA:371,18,0,0
BRDA:371,18,1,0
BRDA:373,19,0,0
BRDA:373,19,1,0
BRDA:386,20,0,0
BRDA:386,20,1,0
BRDA:387,21,0,0
BRDA:387,21,1,0
BRDA:401,22,0,0
BRDA:401,22,1,0
BRDA:414,23,0,0
BRDA:414,23,1,0
BRDA:414,23,2,0
BRDA:425,24,0,0
BRDA:425,24,1,0
BRDA:430,25,0,0
BRDA:430,25,1,0
BRDA:431,26,0,0
BRDA:431,26,1,0
BRDA:443,27,0,0
BRDA:443,27,1,0
BRDA:456,28,0,0
BRDA:456,28,1,0
BRDA:457,29,0,0
BRDA:457,29,1,0
BRDA:492,30,0,0
BRDA:492,30,1,0
BRF:63
BRH:0
end_of_record
TN:
SF:src/components/admin/FHIRFormBuilder.tsx
FN:28,(anonymous_0)
FN:54,(anonymous_1)
FN:139,(anonymous_2)
FN:185,(anonymous_3)
FN:207,(anonymous_4)
FN:216,(anonymous_5)
FN:244,(anonymous_6)
FN:247,(anonymous_7)
FN:263,(anonymous_8)
FN:272,(anonymous_9)
FN:309,(anonymous_10)
FN:315,(anonymous_11)
FNF:12
FNH:0
FNDA:0,(anonymous_0)
FNDA:0,(anonymous_1)
FNDA:0,(anonymous_2)
FNDA:0,(anonymous_3)
FNDA:0,(anonymous_4)
FNDA:0,(anonymous_5)
FNDA:0,(anonymous_6)
FNDA:0,(anonymous_7)
FNDA:0,(anonymous_8)
FNDA:0,(anonymous_9)
FNDA:0,(anonymous_10)
FNDA:0,(anonymous_11)
DA:28,0
DA:29,0
DA:30,0
DA:31,0
DA:32,0
DA:33,0
DA:36,0
DA:54,0
DA:55,0
DA:57,0
DA:58,0
DA:60,0
DA:61,0
DA:107,0
DA:109,0
DA:110,0
DA:113,0
DA:115,0
DA:116,0
DA:119,0
DA:120,0
DA:123,0
DA:125,0
DA:126,0
DA:129,0
DA:132,0
DA:133,0
DA:135,0
DA:139,0
DA:140,0
DA:186,0
DA:208,0
DA:216,0
DA:217,0
DA:219,0
DA:220,0
DA:222,0
DA:224,0
DA:225,0
DA:226,0
DA:227,0
DA:230,0
DA:245,0
DA:247,0
DA:263,0
DA:272,0
DA:309,0
DA:315,0
LF:48
LH:0
BRDA:54,0,0,0
BRDA:55,1,0,0
BRDA:55,1,1,0
BRDA:109,2,0,0
BRDA:109,2,1,0
BRDA:109,3,0,0
BRDA:109,3,1,0
BRDA:119,4,0,0
BRDA:119,4,1,0
BRDA:145,5,0,0
BRDA:145,5,1,0
BRDA:152,6,0,0
BRDA:152,6,1,0
BRDA:161,7,0,0
BRDA:161,7,1,0
BRDA:170,8,0,0
BRDA:170,8,1,0
BRDA:183,9,0,0
BRDA:183,9,1,0
BRDA:183,9,2,0
BRDA:189,10,0,0
BRDA:189,10,1,0
BRDA:197,11,0,0
BRDA:197,11,1,0
BRDA:205,12,0,0
BRDA:205,12,1,0
BRDA:217,13,0,0
BRDA:217,13,1,0
BRDA:273,14,0,0
BRDA:273,14,1,0
BRDA:276,15,0,0
BRDA:276,15,1,0
BRDA:279,16,0,0
BRDA:279,16,1,0
BRDA:289,17,0,0
BRDA:289,17,1,0
BRDA:298,18,0,0
BRDA:298,18,1,0
BRDA:310,19,0,0
BRDA:310,19,1,0
BRDA:316,20,0,0
BRDA:316,20,1,0
BRDA:324,21,0,0
BRDA:324,21,1,0
BRDA:336,22,0,0
BRDA:336,22,1,0
BRDA:352,23,0,0
BRDA:352,23,1,0
BRDA:367,24,0,0
BRDA:367,24,1,0
BRF:50
BRH:0
end_of_record
TN:
SF:src/components/admin/FHIRFormBuilderEnhanced.tsx
FN:9,(anonymous_0)
FN:26,(anonymous_1)
FN:35,(anonymous_2)
FN:45,(anonymous_3)
FN:51,(anonymous_4)
FN:65,(anonymous_5)
FN:78,(anonymous_6)
FN:101,(anonymous_7)
FN:119,(anonymous_8)
FN:124,(anonymous_9)
FN:138,(anonymous_10)
FN:152,(anonymous_11)
FN:198,(anonymous_12)
FN:220,(anonymous_13)
FN:234,(anonymous_14)
FN:244,(anonymous_15)
FN:268,(anonymous_16)
FN:271,(anonymous_17)
FN:297,(anonymous_18)
FN:306,(anonymous_19)
FN:370,(anonymous_20)
FN:376,(anonymous_21)
FN:441,(anonymous_22)
FN:450,(anonymous_23)
FN:482,(anonymous_24)
FN:494,(anonymous_25)
FN:506,(anonymous_26)
FNF:27
FNH:0
FNDA:0,(anonymous_0)
FNDA:0,(anonymous_1)
FNDA:0,(anonymous_2)
FNDA:0,(anonymous_3)
FNDA:0,(anonymous_4)
FNDA:0,(anonymous_5)
FNDA:0,(anonymous_6)
FNDA:0,(anonymous_7)
FNDA:0,(anonymous_8)
FNDA:0,(anonymous_9)
FNDA:0,(anonymous_10)
FNDA:0,(anonymous_11)
FNDA:0,(anonymous_12)
FNDA:0,(anonymous_13)
FNDA:0,(anonymous_14)
FNDA:0,(anonymous_15)
FNDA:0,(anonymous_16)
FNDA:0,(anonymous_17)
FNDA:0,(anonymous_18)
FNDA:0,(anonymous_19)
FNDA:0,(anonymous_20)
FNDA:0,(anonymous_21)
FNDA:0,(anonymous_22)
FNDA:0,(anonymous_23)
FNDA:0,(anonymous_24)
FNDA:0,(anonymous_25)
FNDA:0,(anonymous_26)
DA:9,0
DA:10,0
DA:11,0
DA:13,0
DA:14,0
DA:15,0
DA:16,0
DA:17,0
DA:18,0
DA:19,0
DA:20,0
DA:21,0
DA:22,0
DA:23,0
DA:24,0
DA:26,0
DA:27,0
DA:28,0
DA:29,0
DA:31,0
DA:35,0
DA:36,0
DA:37,0
DA:38,0
DA:40,0
DA:45,0
DA:46,0
DA:47,0
DA:51,0
DA:52,0
DA:54,0
DA:55,0
DA:56,0
DA:58,0
DA:59,0
DA:60,0
DA:61,0
DA:64,0
DA:65,0
DA:66,0
DA:67,0
DA:71,0
DA:72,0
DA:74,0
DA:78,0
DA:79,0
DA:81,0
DA:82,0
DA:84,0
DA:85,0
DA:90,0
DA:91,0
DA:92,0
DA:94,0
DA:95,0
DA:97,0
DA:101,0
DA:102,0
DA:104,0
DA:105,0
DA:107,0
DA:108,0
DA:109,0
DA:110,0
DA:112,0
DA:113,0
DA:115,0
DA:119,0
DA:120,0
DA:121,0
DA:124,0
DA:125,0
DA:127,0
DA:128,0
DA:130,0
DA:132,0
DA:133,0
DA:134,0
DA:135,0
DA:138,0
DA:139,0
DA:149,0
DA:152,0
DA:153,0
DA:199,0
DA:221,0
DA:229,0
DA:234,0
DA:244,0
DA:269,0
DA:271,0
DA:297,0
DA:306,0
DA:370,0
DA:376,0
DA:441,0
DA:451,0
DA:483,0
DA:495,0
DA:496,0
DA:497,0
DA:498,0
DA:507,0
DA:508,0
LF:104
LH:0
BRDA:51,0,0,0
BRDA:52,1,0,0
BRDA:52,1,1,0
BRDA:64,2,0,0
BRDA:64,2,1,0
BRDA:66,3,0,0
BRDA:66,3,1,0
BRDA:72,4,0,0
BRDA:72,4,1,0
BRDA:79,5,0,0
BRDA:79,5,1,0
BRDA:95,6,0,0
BRDA:95,6,1,0
BRDA:102,7,0,0
BRDA:102,7,1,0
BRDA:113,8,0,0
BRDA:113,8,1,0
BRDA:125,9,0,0
BRDA:125,9,1,0
BRDA:149,10,0,0
BRDA:149,10,1,0
BRDA:158,11,0,0
BRDA:158,11,1,0
BRDA:165,12,0,0
BRDA:165,12,1,0
BRDA:174,13,0,0
BRDA:174,13,1,0
BRDA:183,14,0,0
BRDA:183,14,1,0
BRDA:196,15,0,0
BRDA:196,15,1,0
BRDA:196,15,2,0
BRDA:202,16,0,0
BRDA:202,16,1,0
BRDA:210,17,0,0
BRDA:210,17,1,0
BRDA:218,18,0,0
BRDA:218,18,1,0
BRDA:236,19,0,0
BRDA:236,19,1,0
BRDA:246,20,0,0
BRDA:246,20,1,0
BRDA:255,21,0,0
BRDA:255,21,1,0
BRDA:307,22,0,0
BRDA:307,22,1,0
BRDA:310,23,0,0
BRDA:310,23,1,0
BRDA:313,24,0,0
BRDA:313,24,1,0
BRDA:317,25,0,0
BRDA:317,25,1,0
BRDA:320,26,0,0
BRDA:320,26,1,0
BRDA:320,27,0,0
BRDA:320,27,1,0
BRDA:332,28,0,0
BRDA:332,28,1,0
BRDA:338,29,0,0
BRDA:338,29,1,0
BRDA:343,30,0,0
BRDA:343,30,1,0
BRDA:349,31,0,0
BRDA:349,31,1,0
BRDA:359,32,0,0
BRDA:359,32,1,0
BRDA:359,32,2,0
BRDA:371,33,0,0
BRDA:371,33,1,0
BRDA:377,34,0,0
[...]
BRDA:56,2,1,0
BRDA:57,3,0,0
BRDA:57,3,1,0
BRDA:68,4,0,0
BRDA:68,4,1,0
BRDA:86,5,0,0
BRDA:86,5,1,0
BRDA:101,6,0,0
BRDA:101,6,1,0
BRDA:111,7,0,0
BRDA:111,7,1,0
BRDA:121,8,0,0
BRDA:121,8,1,0
BRDA:122,9,0,0
BRDA:122,9,1,0
BRDA:139,10,0,0
BRDA:139,10,1,0
BRDA:154,11,0,0
BRDA:154,11,1,0
BRDA:164,12,0,0
BRDA:164,12,1,0
BRDA:174,13,0,0
BRDA:174,13,1,0
BRDA:175,14,0,0
BRDA:175,14,1,0
BRDA:188,15,0,0
BRDA:188,15,1,0
BRDA:199,16,0,0
BRDA:199,16,1,0
BRDA:211,17,0,0
BRDA:211,17,1,0
BRDA:222,18,0,0
BRDA:222,18,1,0
BRDA:223,19,0,0
BRDA:223,19,1,0
BRDA:244,20,0,0
BRDA:244,20,1,0
BRDA:255,21,0,0
BRDA:255,21,1,0
BRDA:256,22,0,0
BRDA:256,22,1,0
BRDA:271,23,0,0
BRDA:271,23,1,0
BRDA:276,24,0,0
BRDA:276,24,1,0
BRDA:296,25,0,0
BRDA:296,25,1,0
BRDA:297,26,0,0
BRDA:297,26,1,0
BRDA:298,27,0,0
BRDA:298,27,1,0
BRDA:300,28,0,0
BRDA:300,28,1,0
BRDA:300,29,0,0
BRDA:300,29,1,0
BRDA:304,30,0,0
BRDA:304,30,1,0
BRDA:304,31,0,0
BRDA:304,31,1,0
BRDA:310,32,0,0
BRDA:310,32,1,0
BRDA:311,33,0,0
BRDA:311,33,1,0
BRDA:311,34,0,0
BRDA:311,34,1,0
BRDA:318,35,0,0
BRDA:318,35,1,0
BRDA:330,36,0,0
BRDA:330,36,1,0
BRDA:331,37,0,0
BRDA:331,37,1,0
BRDA:337,38,0,0
BRDA:337,38,1,0
BRDA:338,39,0,0
BRDA:338,39,1,0
BRDA:338,40,0,0
BRDA:338,40,1,0
BRDA:342,41,0,0
BRDA:342,41,1,0
BRDA:343,42,0,0
BRDA:343,42,1,0
BRDA:352,43,0,0
BRDA:352,43,1,0
BRDA:353,44,0,0
BRDA:353,44,1,0
BRDA:354,45,0,0
BRDA:354,45,1,0
BRDA:355,46,0,0
BRDA:355,46,1,0
BRDA:379,47,0,0
BRDA:379,47,1,0
BRDA:380,48,0,0
BRDA:380,48,1,0
BRDA:381,49,0,0
BRDA:381,49,1,0
BRDA:382,50,0,0
BRDA:382,50,1,0
BRDA:383,51,0,0
BRDA:383,51,1,0
BRDA:385,52,0,0
BRDA:385,52,1,0
BRDA:391,53,0,0
BRDA:391,53,1,0
BRDA:392,54,0,0
BRDA:392,54,1,0
BRF:110
BRH:0
end_of_record
TN:
SF:src/services/fhirCodeGeneration.ts
FN:11,(anonymous_0)
FN:15,(anonymous_1)
FN:46,(anonymous_2)
FN:47,(anonymous_3)
FN:48,(anonymous_4)
FN:74,(anonymous_5)
FN:80,(anonymous_6)
FN:90,(anonymous_7)
FN:93,(anonymous_8)
FN:111,(anonymous_9)
FN:128,(anonymous_10)
FN:201,(anonymous_11)
FN:202,(anonymous_12)
FN:208,(anonymous_13)
FN:237,(anonymous_14)
FN:257,(anonymous_15)
FN:264,(anonymous_16)
FN:275,(anonymous_17)
FN:279,(anonymous_18)
FN:287,(anonymous_19)
FN:289,(anonymous_20)
FNF:21
FNH:21
FNDA:5,(anonymous_0)
FNDA:5,(anonymous_1)
FNDA:7,(anonymous_2)
FNDA:16,(anonymous_3)
FNDA:16,(anonymous_4)
FNDA:7,(anonymous_5)
FNDA:10,(anonymous_6)
FNDA:7,(anonymous_7)
FNDA:6,(anonymous_8)
FNDA:7,(anonymous_9)
FNDA:7,(anonymous_10)
FNDA:7,(anonymous_11)
FNDA:16,(anonymous_12)
FNDA:3,(anonymous_13)
FNDA:10,(anonymous_14)
FNDA:6,(anonymous_15)
FNDA:6,(anonymous_16)
FNDA:24,(anonymous_17)
FNDA:5,(anonymous_18)
FNDA:3,(anonymous_19)
FNDA:4,(anonymous_20)
DA:12,5
DA:16,5
DA:47,16
DA:48,16
DA:50,7
DA:75,7
DA:77,6
DA:80,10
DA:91,7
DA:93,6
DA:112,7
DA:129,7
DA:202,16
DA:204,7
DA:208,3
DA:238,10
DA:239,10
DA:241,10
DA:243,5
DA:245,2
DA:247,3
DA:249,0
DA:251,0
DA:253,0
DA:258,6
DA:259,3
DA:261,3
DA:265,6
DA:266,6
DA:267,3
DA:268,1
DA:269,1
DA:270,0
DA:271,0
DA:272,0
DA:276,24
DA:280,5
DA:290,4
DA:301,1
LF:39
LH:33
BRDA:75,0,0,1
BRDA:75,0,1,6
BRDA:80,1,0,2
BRDA:80,1,1,8
BRDA:91,2,0,3
BRDA:91,2,1,4
BRDA:238,3,0,10
BRDA:238,3,1,0
BRDA:241,4,0,5
BRDA:241,4,1,2
BRDA:241,4,2,3
BRDA:241,4,3,0
BRDA:241,4,4,0
BRDA:241,4,5,0
BRDA:258,5,0,3
BRDA:258,5,1,3
BRDA:258,6,0,6
BRDA:258,6,1,3
BRDA:266,7,0,3
BRDA:266,7,1,3
BRDA:266,8,0,6
BRDA:266,8,1,3
BRDA:267,9,0,2
BRDA:267,9,1,1
BRDA:267,10,0,3
BRDA:267,10,1,2
BRDA:268,11,0,0
BRDA:268,11,1,1
BRDA:269,12,0,1
BRDA:269,12,1,0
BRDA:270,13,0,0
BRDA:270,13,1,0
BRDA:271,14,0,0
BRDA:271,14,1,0
BRF:34
BRH:24
end_of_record
TN:
SF:src/services/fhirMappingService.ts
FN:42,(anonymous_0)
FN:51,(anonymous_1)
FN:78,(anonymous_2)
FN:119,(anonymous_3)
FN:160,(anonymous_4)
FN:213,(anonymous_5)
FN:253,(anonymous_6)
FN:279,(anonymous_7)
FNF:8
FNH:8
FNDA:32,(anonymous_0)
FNDA:4,(anonymous_1)
FNDA:15,(anonymous_2)
FNDA:9,(anonymous_3)
FNDA:5,(anonymous_4)
FNDA:4,(anonymous_5)
FNDA:1,(anonymous_6)
FNDA:1,(anonymous_7)
DA:43,32
DA:52,4
DA:55,4
DA:56,1
DA:60,4
DA:61,4
DA:62,1
DA:66,4
DA:67,1
DA:70,4
DA:79,15
DA:81,15
DA:82,2
DA:83,2
DA:86,13
DA:87,1
DA:91,13
DA:93,7
DA:94,7
DA:96,2
DA:98,7
DA:100,2
DA:101,1
DA:103,2
DA:105,2
DA:106,1
DA:108,2
DA:110,2
DA:111,1
DA:113,2
DA:116,13
DA:120,9
DA:123,9
DA:124,1
DA:125,1
DA:126,1
DA:127,1
DA:131,5
DA:133,5
DA:134,1
DA:135,1
DA:136,1
DA:142,4
DA:143,1
DA:146,3
DA:147,1
DA:150,2
DA:151,1
DA:152,1
DA:153,1
DA:157,1
DA:161,5
DA:162,5
DA:163,1
DA:166,4
DA:189,4
DA:190,1
DA:193,3
DA:195,3
DA:196,1
DA:199,2
DA:204,2
DA:205,2
DA:206,1
DA:207,1
DA:209,1
DA:214,4
DA:254,1
DA:255,0
DA:258,1
DA:259,1
DA:260,5
DA:261,0
DA:265,1
DA:266,0
DA:269,1
DA:270,1
DA:271,1
DA:272,5
DA:273,0
DA:280,1
DA:286,1
DA:287,1
DA:289,1
DA:290,1
DA:291,1
DA:292,1
DA:296,2
LF:88
LH:84
BRDA:42,0,0,31
BRDA:55,1,0,1
BRDA:55,1,1,3
BRDA:61,2,0,1
BRDA:61,2,1,3
BRDA:66,3,0,1
BRDA:66,3,1,3
BRDA:81,4,0,2
BRDA:81,4,1,13
BRDA:86,5,0,1
BRDA:86,5,1,12
BRDA:91,6,0,7
BRDA:91,6,1,2
BRDA:91,6,2,2
BRDA:91,6,3,2
BRDA:100,7,0,1
BRDA:100,7,1,1
BRDA:100,8,0,2
BRDA:100,8,1,1
BRDA:105,9,0,1
BRDA:105,9,1,1
BRDA:105,10,0,2
BRDA:105,10,1,1
BRDA:110,11,0,1
BRDA:110,11,1,1
BRDA:123,12,0,1
BRDA:123,12,1,1
BRDA:123,12,2,1
BRDA:123,12,3,1
BRDA:133,13,0,1
BRDA:133,13,1,4
BRDA:133,14,0,5
BRDA:133,14,1,4
BRDA:142,15,0,1
BRDA:142,15,1,3
BRDA:142,16,0,4
BRDA:142,16,1,3
BRDA:146,17,0,1
BRDA:146,17,1,2
BRDA:150,18,0,1
BRDA:150,18,1,1
BRDA:150,19,0,2
BRDA:150,19,1,1
BRDA:152,20,0,1
BRDA:152,20,1,0
BRDA:152,21,0,1
BRDA:152,21,1,1
BRDA:162,22,0,1
BRDA:162,22,1,4
BRDA:189,23,0,1
BRDA:189,23,1,3
BRDA:195,24,0,1
BRDA:195,24,1,2
BRDA:195,25,0,3
BRDA:195,25,1,2
BRDA:209,26,0,1
BRDA:209,26,1,0
BRDA:254,27,0,0
BRDA:254,27,1,1
BRDA:254,28,0,1
BRDA:254,28,1,1
BRDA:260,29,0,0
BRDA:260,29,1,5
BRDA:265,30,0,0
BRDA:265,30,1,1
BRDA:272,31,0,0
BRDA:272,31,1,5
BRDA:291,32,0,1
BRDA:291,32,1,1
BRF:69
BRH:63
end_of_record
TN:
SF:src/services/fhirQuestionnaireService.ts
FN:72,(anonymous_0)
FN:74,(anonymous_1)
FN:149,(anonymous_2)
FN:189,(anonymous_3)
FN:202,(anonymous_4)
FN:216,(anonymous_5)
FN:226,(anonymous_6)
FN:237,(anonymous_7)
FN:259,(anonymous_8)
FN:270,(anonymous_9)
FNF:10
FNH:0
FNDA:0,(anonymous_0)
FNDA:0,(anonymous_1)
FNDA:0,(anonymous_2)
FNDA:0,(anonymous_3)
FNDA:0,(anonymous_4)
FNDA:0,(anonymous_5)
FNDA:0,(anonymous_6)
FNDA:0,(anonymous_7)
FNDA:0,(anonymous_8)
FNDA:0,(anonymous_9)
DA:75,0
DA:121,0
DA:122,0
DA:125,0
DA:127,0
DA:128,0
DA:131,0
DA:136,0
DA:137,0
DA:139,0
DA:140,0
DA:143,0
DA:145,0
DA:157,0
DA:159,0
DA:176,0
DA:182,0
DA:183,0
DA:186,0
DA:190,0
DA:195,0
DA:196,0
DA:199,0
DA:203,0
DA:209,0
DA:210,0
DA:213,0
DA:217,0
DA:221,0
DA:222,0
DA:227,0
DA:230,0
DA:231,0
DA:234,0
DA:241,0
DA:243,0
DA:244,0
DA:245,0
DA:246,0
DA:249,0
DA:254,0
DA:255,0
DA:260,0
DA:265,0
DA:266,0
DA:271,0
DA:274,0
DA:275,0
DA:278,0
LF:49
LH:0
BRDA:121,0,0,0
BRDA:121,0,1,0
BRDA:127,1,0,0
BRDA:127,1,1,0
BRDA:139,2,0,0
BRDA:139,2,1,0
BRDA:151,3,0,0
BRDA:171,4,0,0
BRDA:171,4,1,0
BRDA:182,5,0,0
BRDA:182,5,1,0
BRDA:195,6,0,0
BRDA:195,6,1,0
BRDA:199,7,0,0
BRDA:199,7,1,0
BRDA:209,8,0,0
BRDA:209,8,1,0
BRDA:213,9,0,0
BRDA:213,9,1,0
BRDA:221,10,0,0
BRDA:221,10,1,0
BRDA:230,11,0,0
BRDA:230,11,1,0
BRDA:243,12,0,0
BRDA:243,12,1,0
BRDA:245,13,0,0
BRDA:245,13,1,0
BRDA:254,14,0,0
BRDA:254,14,1,0
BRDA:265,15,0,0
BRDA:265,15,1,0
BRDA:274,16,0,0
BRDA:274,16,1,0
BRF:33
BRH:0
end_of_record
TN:
SF:src/settings/firebase.ts
FN:3,(anonymous_0)
FN:4,(anonymous_1)
FN:14,assertClientFirebaseEnv
FNF:3
FNH:2
FNDA:7,(anonymous_0)
FNDA:7,(anonymous_1)
FNDA:0,assertClientFirebaseEnv
DA:3,7
DA:4,7
DA:6,1
DA:7,1
DA:8,1
DA:9,1
DA:10,1
DA:11,1
DA:12,1
DA:15,0
DA:16,0
DA:17,0
DA:18,0
DA:19,0
DA:20,0
DA:21,0
DA:22,0
DA:30,1
LF:18
LH:10
BRDA:3,0,0,7
BRDA:3,0,1,7
BRDA:4,1,0,7
BRDA:4,1,1,0
BRDA:16,2,0,0
BRDA:16,2,1,0
BRDA:17,3,0,0
BRDA:17,3,1,0
BRDA:18,4,0,0
BRDA:18,4,1,0
BRDA:19,5,0,0
BRDA:19,5,1,0
BRDA:20,6,0,0
BRDA:20,6,1,0
BRDA:21,7,0,0
BRDA:21,7,1,0
BRDA:34,8,0,1
BRDA:34,8,1,0
BRDA:37,9,0,1
BRDA:37,9,1,0
BRF:20
BRH:5
end_of_record
TN:
SF:src/settings/settings.ts
FN:5,(anonymous_0)
FN:6,(anonymous_1)
FN:26,invariant
FN:31,assertClientSupabaseEnv
FNF:4
FNH:3
FNDA:4,(anonymous_0)
FNDA:2,(anonymous_1)
FNDA:0,invariant
FNDA:1,assertClientSupabaseEnv
DA:5,4
DA:6,2
DA:8,1
DA:11,1
DA:16,1
DA:22,1
DA:23,1
DA:27,0
DA:32,1
DA:33,1
DA:35,1
DA:36,0
DA:47,0
DA:50,0
DA:51,0
DA:53,0
DA:57,1
DA:59,1
DA:68,1
DA:77,1
DA:84,1
DA:85,1
DA:87,1
DA:89,0
DA:91,0
DA:94,1
LF:26
LH:18
BRDA:5,0,0,4
BRDA:5,0,1,4
BRDA:6,1,0,2
BRDA:6,1,1,0
BRDA:27,2,0,0
BRDA:27,2,1,0
BRDA:35,3,0,0
BRDA:35,3,1,1
BRDA:35,4,0,1
BRDA:35,4,1,1
BRDA:38,5,0,0
BRDA:38,5,1,0
BRDA:39,6,0,0
BRDA:39,6,1,0
BRDA:47,7,0,0
BRDA:47,7,1,0
BRDA:57,8,0,1
BRDA:57,8,1,0
BRDA:89,9,0,0
BRDA:89,9,1,0
BRF:20
BRH:7
end_of_record
TN:
SF:src/test/claudeServiceTest.ts
FN:9,testClaudeService
FN:80,(anonymous_1)
FNF:2
FNH:0
FNDA:0,testClaudeService
FNDA:0,(anonymous_1)
DA:10,0
DA:11,0
DA:13,0
DA:15,0
DA:16,0
DA:17,0
DA:20,0
DA:21,0
DA:22,0
DA:23,0
DA:25,0
DA:26,0
DA:27,0
DA:31,0
DA:32,0
DA:33,0
DA:36,0
DA:37,0
DA:38,0
DA:39,0
DA:40,0
DA:41,0
DA:42,0
DA:43,0
DA:46,0
DA:47,0
DA:50,0
DA:51,0
DA:53,0
DA:54,0
DA:55,0
DA:56,0
DA:57,0
DA:59,0
DA:62,0
DA:63,0
DA:65,0
DA:66,0
DA:67,0
DA:68,0
DA:69,0
DA:70,0
DA:74,0
DA:79,0
DA:80,0
DA:81,0
LF:46
LH:0
BRDA:22,0,0,0
BRDA:22,0,1,0
BRDA:25,1,0,0
BRDA:25,1,1,0
BRDA:33,2,0,0
BRDA:33,2,1,0
BRDA:39,3,0,0
BRDA:39,3,1,0
BRDA:40,4,0,0
BRDA:40,4,1,0
BRDA:41,5,0,0
BRDA:41,5,1,0
BRDA:65,6,0,0
BRDA:65,6,1,0
BRDA:66,7,0,0
BRDA:66,7,1,0
BRDA:79,8,0,0
BRDA:79,8,1,0
BRDA:81,9,0,0
BRDA:81,9,1,0
BRF:20
BRH:0
end_of_record
TN:
SF:src/theme/colors.ts
FNF:0
FNH:0
DA:2,0
DA:3,0
DA:6,0
DA:9,0
DA:10,0
LF:5
LH:0
BRF:0
BRH:0
end_of_record
TN:
SF:src/types/billing.ts
FNF:0
FNH:0
LF:0
LH:0
BRF:0
BRH:0
end_of_record
TN:
SF:src/types/claude.ts
FNF:0
FNH:0
LF:0
LH:0
BRF:0
BRH:0
end_of_record
TN:
SF:src/types/riskAssessment.ts
FNF:0
FNH:0
LF:0
LH:0
BRF:0
BRH:0
end_of_record
TN:
SF:src/utils/billingUtils.ts
FN:16,(anonymous_0)
FN:42,(anonymous_1)
FN:52,(anonymous_2)
FN:59,(anonymous_3)
FN:66,(anonymous_4)
FN:73,(anonymous_5)
FN:80,(anonymous_6)
FN:88,(anonymous_7)
FN:93,(anonymous_8)
FN:101,(anonymous_9)
FN:110,(anonymous_10)
FN:116,(anonymous_11)
FN:128,(anonymous_12)
FN:129,(anonymous_13)
FN:136,(anonymous_14)
FN:148,(anonymous_15)
FN:160,(anonymous_16)
FN:164,(anonymous_17)
FN:167,(anonymous_18)
FN:175,(anonymous_19)
FN:179,(anonymous_20)
FN:183,(anonymous_21)
FN:229,(anonymous_22)
FN:250,(anonymous_23)
FN:282,(anonymous_24)
FN:290,(anonymous_25)
FN:295,(anonymous_26)
FN:302,(anonymous_27)
FN:309,(anonymous_28)
FN:319,(anonymous_29)
FN:334,(anonymous_30)
FN:344,(anonymous_31)
FN:347,(anonymous_32)
FN:355,(anonymous_33)
FN:363,(anonymous_34)
FN:364,(anonymous_35)
FN:368,(anonymous_36)
FN:372,(anonymous_37)
FNF:38
FNH:0
FNDA:0,(anonymous_0)
FNDA:0,(anonymous_1)
FNDA:0,(anonymous_2)
FNDA:0,(anonymous_3)
FNDA:0,(anonymous_4)
FNDA:0,(anonymous_5)
FNDA:0,(anonymous_6)
FNDA:0,(anonymous_7)
FNDA:0,(anonymous_8)
FNDA:0,(anonymous_9)
FNDA:0,(anonymous_10)
FNDA:0,(anonymous_11)
FNDA:0,(anonymous_12)
FNDA:0,(anonymous_13)
FNDA:0,(anonymous_14)
FNDA:0,(anonymous_15)
FNDA:0,(anonymous_16)
FNDA:0,(anonymous_17)
FNDA:0,(anonymous_18)
FNDA:0,(anonymous_19)
FNDA:0,(anonymous_20)
FNDA:0,(anonymous_21)
FNDA:0,(anonymous_22)
FNDA:0,(anonymous_23)
FNDA:0,(anonymous_24)
FNDA:0,(anonymous_25)
FNDA:0,(anonymous_26)
FNDA:0,(anonymous_27)
FNDA:0,(anonymous_28)
FNDA:0,(anonymous_29)
FNDA:0,(anonymous_30)
FNDA:0,(anonymous_31)
FNDA:0,(anonymous_32)
FNDA:0,(anonymous_33)
FNDA:0,(anonymous_34)
FNDA:0,(anonymous_35)
FNDA:0,(anonymous_36)
FNDA:0,(anonymous_37)
DA:17,0
DA:20,0
DA:23,0
DA:26,0
DA:27,0
DA:29,0
DA:30,0
DA:31,0
DA:32,0
DA:33,0
DA:35,0
DA:38,0
DA:39,0
DA:43,0
DA:46,0
DA:49,0
DA:53,0
DA:56,0
DA:60,0
DA:63,0
DA:67,0
DA:70,0
DA:74,0
DA:77,0
DA:81,0
DA:84,0
DA:89,0
DA:90,0
DA:94,0
DA:95,0
DA:96,0
DA:98,0
DA:102,0
DA:103,0
DA:104,0
DA:111,0
DA:112,0
DA:113,0
DA:117,0
DA:118,0
DA:120,0
DA:121,0
DA:122,0
DA:124,0
DA:129,0
DA:130,0
DA:131,0
DA:132,0
DA:137,0
DA:145,0
DA:149,0
DA:157,0
DA:161,0
DA:164,0
DA:169,0
DA:170,0
DA:171,0
DA:176,0
DA:180,0
DA:187,0
DA:189,0
DA:190,0
DA:191,0
DA:192,0
DA:195,0
DA:196,0
DA:199,0
DA:200,0
DA:203,0
DA:204,0
DA:207,0
DA:208,0
DA:211,0
DA:212,0
DA:215,0
DA:216,0
DA:219,0
DA:220,0
DA:223,0
DA:233,0
DA:235,0
DA:236,0
DA:239,0
DA:240,0
DA:243,0
DA:254,0
DA:255,0
DA:256,0
DA:258,0
DA:259,0
DA:260,0
DA:263,0
DA:264,0
DA:265,0
DA:268,0
DA:269,0
DA:270,0
DA:273,0
DA:274,0
DA:277,0
DA:279,0
DA:283,0
DA:284,0
DA:285,0
DA:286,0
DA:292,0
DA:296,0
DA:297,0
DA:304,0
DA:305,0
DA:310,0
DA:311,0
DA:312,0
DA:313,0
DA:316,0
DA:323,0
DA:324,0
DA:325,0
DA:327,0
DA:335,0
DA:336,0
DA:338,0
DA:339,0
DA:341,0
DA:345,0
DA:346,0
DA:347,0
DA:348,0
DA:351,0
DA:356,0
DA:357,0
DA:358,0
DA:360,0
DA:364,0
DA:369,0
DA:374,0
LF:136
LH:0
BRDA:17,0,0,0
BRDA:17,0,1,0
BRDA:17,1,0,0
BRDA:17,1,1,0
BRDA:23,2,0,0
BRDA:23,2,1,0
BRDA:31,3,0,0
BRDA:31,3,1,0
BRDA:33,4,0,0
BRDA:33,4,1,0
BRDA:43,5,0,0
BRDA:43,5,1,0
BRDA:43,6,0,0
BRDA:43,6,1,0
BRDA:53,7,0,0
BRDA:53,7,1,0
BRDA:53,8,0,0
BRDA:53,8,1,0
BRDA:60,9,0,0
BRDA:60,9,1,0
BRDA:60,10,0,0
BRDA:60,10,1,0
BRDA:67,11,0,0
BRDA:67,11,1,0
BRDA:67,12,0,0
BRDA:67,12,1,0
BRDA:74,13,0,0
BRDA:74,13,1,0
BRDA:74,14,0,0
BRDA:74,14,1,0
BRDA:81,15,0,0
BRDA:81,15,1,0
BRDA:81,16,0,0
BRDA:81,16,1,0
BRDA:90,17,0,0
BRDA:90,17,1,0
BRDA:95,18,0,0
BRDA:95,18,1,0
BRDA:102,19,0,0
BRDA:102,19,1,0
BRDA:103,20,0,0
BRDA:103,20,1,0
BRDA:112,21,0,0
BRDA:112,21,1,0
BRDA:118,22,0,0
BRDA:118,22,1,0
BRDA:130,23,0,0
BRDA:130,23,1,0
BRDA:131,24,0,0
BRDA:131,24,1,0
BRDA:145,25,0,0
BRDA:145,25,1,0
BRDA:157,26,0,0
BRDA:157,26,1,0
BRDA:161,27,0,0
BRDA:161,27,1,0
BRDA:161,28,0,0
BRDA:161,28,1,0
BRDA:164,29,0,0
BRDA:164,29,1,0
BRDA:176,30,0,0
BRDA:176,30,1,0
BRDA:176,30,2,0
BRDA:180,31,0,0
BRDA:180,31,1,0
BRDA:180,31,2,0
BRDA:189,32,0,0
BRDA:189,32,1,0
BRDA:191,33,0,0
BRDA:191,33,1,0
BRDA:195,34,0,0
BRDA:195,34,1,0
BRDA:199,35,0,0
BRDA:199,35,1,0
BRDA:203,36,0,0
BRDA:203,36,1,0
BRDA:207,37,0,0
BRDA:207,37,1,0
BRDA:211,38,0,0
BRDA:211,38,1,0
BRDA:215,39,0,0
BRDA:215,39,1,0
BRDA:215,40,0,0
BRDA:215,40,1,0
BRDA:219,41,0,0
BRDA:219,41,1,0
BRDA:219,42,0,0
BRDA:219,42,1,0
BRDA:235,43,0,0
BRDA:235,43,1,0
BRDA:239,44,0,0
BRDA:239,44,1,0
BRDA:239,45,0,0
BRDA:239,45,1,0
BRDA:258,46,0,0
BRDA:258,46,1,0
BRDA:258,47,0,0
BRDA:258,47,1,0
BRDA:263,48,0,0
BRDA:263,48,1,0
BRDA:263,49,0,0
BRDA:263,49,1,0
BRDA:268,50,0,0
BRDA:268,50,1,0
BRDA:268,51,0,0
BRDA:268,51,1,0
BRDA:273,52,0,0
BRDA:273,52,1,0
BRDA:283,53,0,0
BRDA:283,53,1,0
BRDA:284,54,0,0
BRDA:284,54,1,0
BRDA:285,55,0,0
BRDA:285,55,1,0
BRDA:295,56,0,0
BRDA:297,57,0,0
BRDA:297,57,1,0
BRDA:316,58,0,0
BRDA:316,58,1,0
BRDA:319,59,0,0
BRDA:335,60,0,0
BRDA:335,60,1,0
BRDA:338,61,0,0
BRDA:338,61,1,0
BRDA:345,62,0,0
BRDA:345,62,1,0
BRDA:355,63,0,0
BRDA:372,64,0,0
BRF:128
BRH:0
end_of_record
TN:
SF:src/utils/claudeModelSelection.ts
FN:42,(anonymous_0)
FN:67,(anonymous_1)
FN:88,(anonymous_2)
FN:119,(anonymous_3)
FN:143,(anonymous_4)
FN:153,(anonymous_5)
FN:190,(anonymous_6)
FN:218,createModelCriteria
FNF:8
FNH:0
FNDA:0,(anonymous_0)
FNDA:0,(anonymous_1)
FNDA:0,(anonymous_2)
FNDA:0,(anonymous_3)
FNDA:0,(anonymous_4)
FNDA:0,(anonymous_5)
FNDA:0,(anonymous_6)
FNDA:0,createModelCriteria
DA:10,0
DA:17,0
DA:43,0
DA:46,0
DA:47,0
DA:51,0
DA:52,0
DA:56,0
DA:57,0
DA:61,0
DA:68,0
DA:72,0
DA:75,0
DA:78,0
DA:81,0
DA:93,0
DA:95,0
DA:98,0
DA:101,0
DA:105,0
DA:109,0
DA:112,0
DA:120,0
DA:124,0
DA:128,0
DA:136,0
DA:144,0
DA:145,0
DA:147,0
DA:159,0
DA:175,0
DA:176,0
DA:184,0
DA:191,0
DA:192,0
DA:193,0
DA:194,0
DA:199,0
DA:201,0
DA:205,0
DA:206,0
DA:210,0
DA:215,0
DA:224,0
DA:226,0
LF:45
LH:0
BRDA:46,0,0,0
BRDA:46,0,1,0
BRDA:51,1,0,0
BRDA:51,1,1,0
BRDA:56,2,0,0
BRDA:56,2,1,0
BRDA:56,3,0,0
BRDA:56,3,1,0
BRDA:68,4,0,0
BRDA:68,4,1,0
BRDA:68,4,2,0
BRDA:68,4,3,0
BRDA:68,4,4,0
BRDA:68,4,5,0
BRDA:75,5,0,0
BRDA:75,5,1,0
BRDA:95,6,0,0
BRDA:95,6,1,0
BRDA:95,6,2,0
BRDA:95,6,3,0
BRDA:95,6,4,0
BRDA:95,6,5,0
BRDA:95,6,6,0
BRDA:98,7,0,0
BRDA:98,7,1,0
BRDA:98,8,0,0
BRDA:98,8,1,0
BRDA:101,9,0,0
BRDA:101,9,1,0
BRDA:102,10,0,0
BRDA:102,10,1,0
BRDA:105,11,0,0
BRDA:105,11,1,0
BRDA:109,12,0,0
BRDA:109,12,1,0
BRDA:120,13,0,0
BRDA:120,13,1,0
BRDA:120,13,2,0
BRDA:120,13,3,0
BRDA:120,13,4,0
BRDA:120,13,5,0
BRDA:120,13,6,0
BRDA:120,13,7,0
BRDA:124,14,0,0
BRDA:124,14,1,0
BRDA:143,15,0,0
BRDA:175,16,0,0
BRDA:175,16,1,0
BRDA:175,17,0,0
BRDA:175,17,1,0
BRDA:192,18,0,0
BRDA:192,18,1,0
BRDA:194,19,0,0
BRDA:194,19,1,0
BRDA:194,19,2,0
BRDA:199,20,0,0
BRDA:199,20,1,0
BRDA:199,21,0,0
BRDA:199,21,1,0
BRDA:199,21,2,0
BRDA:205,22,0,0
BRDA:205,22,1,0
BRDA:205,23,0,0
BRDA:205,23,1,0
BRDA:205,23,2,0
BRDA:222,24,0,0
BRF:66
BRH:0
end_of_record
TN:
SF:src/utils/getSignedUrl.ts
FN:10,getSignedUrl
FNF:1
FNH:0
FNDA:0,getSignedUrl
DA:11,0
DA:15,0
DA:16,0
DA:17,0
DA:20,0
DA:21,0
DA:22,0
DA:25,0
LF:8
LH:0
BRDA:10,0,0,0
BRDA:15,1,0,0
BRDA:15,1,1,0
BRDA:20,2,0,0
BRDA:20,2,1,0
BRDA:20,3,0,0
BRDA:20,3,1,0
BRF:7
BRH:0
end_of_record
TN:
SF:src/utils/register.ts
FN:13,registerUser
FN:48,loginUser
FNF:2
FNH:0
FNDA:0,registerUser
FNDA:0,loginUser
DA:14,0
DA:15,0
DA:17,0
DA:29,0
DA:30,0
DA:31,0
DA:34,0
DA:35,0
DA:36,0
DA:39,0
DA:40,0
DA:42,0
DA:43,0
DA:49,0
DA:50,0
DA:52,0
DA:56,0
DA:57,0
DA:58,0
DA:61,0
DA:62,0
DA:63,0
DA:66,0
DA:67,0
DA:69,0
DA:70,0
LF:26
LH:0
BRDA:23,0,0,0
BRDA:23,0,1,0
BRDA:29,1,0,0
BRDA:29,1,1,0
BRDA:31,2,0,0
BRDA:31,2,1,0
BRDA:34,3,0,0
BRDA:34,3,1,0
BRDA:36,4,0,0
BRDA:36,4,1,0
BRDA:56,5,0,0
BRDA:56,5,1,0
BRDA:58,6,0,0
BRDA:58,6,1,0
BRDA:61,7,0,0
BRDA:61,7,1,0
BRDA:63,8,0,0
BRDA:63,8,1,0
BRF:18
BRH:0
end_of_record
TN:
SF:src/utils/requestNotificationPermission.ts
FN:8,(anonymous_0)
FN:72,(anonymous_1)
FNF:2
FNH:0
FNDA:0,(anonymous_0)
FNDA:0,(anonymous_1)
DA:6,0
DA:8,0
DA:9,0
DA:10,0
DA:11,0
DA:12,0
DA:13,0
DA:17,0
DA:20,0
DA:21,0
DA:22,0
DA:23,0
DA:27,0
DA:28,0
DA:29,0
DA:30,0
DA:31,0
DA:32,0
DA:35,0
DA:36,0
DA:37,0
DA:41,0
DA:45,0
DA:46,0
DA:47,0
DA:51,0
DA:60,0
DA:61,0
DA:62,0
DA:63,0
DA:64,0
DA:66,0
DA:69,0
DA:72,0
DA:73,0
DA:77,0
DA:78,0
LF:37
LH:0
BRDA:11,0,0,0
BRDA:11,0,1,0
BRDA:21,1,0,0
BRDA:21,1,1,0
BRDA:30,2,0,0
BRDA:30,2,1,0
BRDA:30,3,0,0
BRDA:30,3,1,0
BRDA:35,4,0,0
BRDA:35,4,1,0
BRDA:45,5,0,0
BRDA:45,5,1,0
BRDA:60,6,0,0
BRDA:60,6,1,0
BRDA:64,7,0,0
BRDA:64,7,1,0
BRDA:66,8,0,0
BRDA:66,8,1,0
BRF:18
BRH:0
end_of_record
TN:
SF:src/utils/sendEmail.ts
FN:9,sendEmail
FNF:1
FNH:0
FNDA:0,sendEmail
DA:21,0
DA:23,0
DA:29,0
DA:30,0
DA:31,0
DA:33,0
LF:6
LH:0
BRDA:29,0,0,0
BRDA:29,0,1,0
BRDA:31,1,0,0
BRDA:31,1,1,0
BRF:4
BRH:0
end_of_record
TN:
SF:src/utils/sendSMS.ts
FN:2,sendSMS
FNF:1
FNH:0
FNDA:0,sendSMS
DA:3,0
DA:8,0
DA:9,0
LF:3
LH:0
BRF:0
BRH:0
end_of_record
TN:
SF:src/utils/tenantUtils.ts
FN:16,getAllTenants
FN:17,(anonymous_1)
FN:28,getCurrentTenant
FN:36,(anonymous_3)
FN:54,isTenantSite
FN:61,getTenantPrefix
FN:69,getTenantContactInfo
FN:77,validateTenantConfig
FN:78,(anonymous_8)
FN:84,(anonymous_9)
FN:90,simulateTenant
FN:109,(anonymous_11)
FNF:12
FNH:0
FNDA:0,getAllTenants
FNDA:0,(anonymous_1)
FNDA:0,getCurrentTenant
FNDA:0,(anonymous_3)
FNDA:0,isTenantSite
FNDA:0,getTenantPrefix
FNDA:0,getTenantContactInfo
FNDA:0,validateTenantConfig
FNDA:0,(anonymous_8)
FNDA:0,(anonymous_9)
FNDA:0,simulateTenant
FNDA:0,(anonymous_11)
DA:17,0
DA:29,0
DA:31,0
DA:32,0
DA:34,0
DA:35,0
DA:36,0
DA:38,0
DA:39,0
DA:48,0
DA:55,0
DA:62,0
DA:63,0
DA:70,0
DA:71,0
DA:78,0
DA:80,0
DA:83,0
DA:84,0
DA:91,0
DA:92,0
DA:93,0
DA:97,0
DA:100,0
DA:105,0
DA:106,0
DA:109,0
DA:110,0
DA:114,0
LF:29
LH:0
BRDA:29,0,0,0
BRDA:29,0,1,0
BRDA:34,1,0,0
BRDA:34,1,1,0
BRDA:34,2,0,0
BRDA:34,2,1,0
BRDA:38,3,0,0
BRDA:38,3,1,0
BRDA:63,4,0,0
BRDA:63,4,1,0
BRDA:71,5,0,0
BRDA:71,5,1,0
BRDA:80,6,0,0
BRDA:80,6,1,0
BRDA:91,7,0,0
BRDA:91,7,1,0
BRF:16
BRH:0
end_of_record
TN:
SF:src/utils/verifyHcaptcha.ts
FN:6,verifyHcaptchaToken
FNF:1
FNH:0
FNDA:0,verifyHcaptchaToken
DA:7,0
DA:9,0
DA:13,0
DA:14,0
DA:16,0
DA:17,0
DA:18,0
LF:7
LH:0
BRDA:7,0,0,0
BRDA:7,0,1,0
BRDA:10,1,0,0
BRDA:10,1,1,0
BRDA:13,2,0,0
BRDA:13,2,1,0
BRDA:14,3,0,0
BRDA:14,3,1,0
BRDA:16,4,0,0
BRDA:16,4,1,0
BRDA:17,5,0,0
BRDA:17,5,1,0
BRDA:18,6,0,0
BRDA:18,6,1,0
BRF:14
BRH:0
end_of_record
