TN:
SF:src/App.tsx
FN:38,(anonymous_0)
FN:39,(anonymous_1)
FN:40,(anonymous_2)
FN:41,(anonymous_3)
FN:42,(anonymous_4)
FN:43,(anonymous_5)
FN:44,(anonymous_6)
FN:45,(anonymous_7)
FN:46,(anonymous_8)
FN:47,(anonymous_9)
FN:48,(anonymous_10)
FN:49,(anonymous_11)
FN:50,(anonymous_12)
FN:51,(anonymous_13)
FN:52,(anonymous_14)
FN:53,(anonymous_15)
FN:54,(anonymous_16)
FN:55,(anonymous_17)
FN:56,(anonymous_18)
FN:57,(anonymous_19)
FN:58,(anonymous_20)
FN:59,(anonymous_21)
FN:60,(anonymous_22)
FN:61,(anonymous_23)
FN:62,(anonymous_24)
FN:63,(anonymous_25)
FN:64,(anonymous_26)
FN:65,(anonymous_27)
FN:66,(anonymous_28)
FN:67,(anonymous_29)
FN:68,(anonymous_30)
FN:69,(anonymous_31)
FN:70,(anonymous_32)
FN:71,(anonymous_33)
FN:72,(anonymous_34)
FN:73,(anonymous_35)
FN:74,(anonymous_36)
FN:75,(anonymous_37)
FN:76,(anonymous_38)
FN:77,(anonymous_39)
FN:78,(anonymous_40)
FN:80,Shell
FN:86,(anonymous_42)
FN:92,(anonymous_43)
FN:366,(anonymous_44)
FNF:45
FNH:0
FNDA:0,(anonymous_0)
FNDA:0,(anonymous_1)
FNDA:0,(anonymous_2)
FNDA:0,(anonymous_3)
FNDA:0,(anonymous_4)
FNDA:0,(anonymous_5)
FNDA:0,(anonymous_6)
FNDA:0,(anonymous_7)
FNDA:0,(anonymous_8)
FNDA:0,(anonymous_9)
FNDA:0,(anonymous_10)
FNDA:0,(anonymous_11)
FNDA:0,(anonymous_12)
FNDA:0,(anonymous_13)
FNDA:0,(anonymous_14)
FNDA:0,(anonymous_15)
FNDA:0,(anonymous_16)
FNDA:0,(anonymous_17)
FNDA:0,(anonymous_18)
FNDA:0,(anonymous_19)
FNDA:0,(anonymous_20)
FNDA:0,(anonymous_21)
FNDA:0,(anonymous_22)
FNDA:0,(anonymous_23)
FNDA:0,(anonymous_24)
FNDA:0,(anonymous_25)
FNDA:0,(anonymous_26)
FNDA:0,(anonymous_27)
FNDA:0,(anonymous_28)
FNDA:0,(anonymous_29)
FNDA:0,(anonymous_30)
FNDA:0,(anonymous_31)
FNDA:0,(anonymous_32)
FNDA:0,(anonymous_33)
FNDA:0,(anonymous_34)
FNDA:0,(anonymous_35)
FNDA:0,(anonymous_36)
FNDA:0,(anonymous_37)
FNDA:0,(anonymous_38)
FNDA:0,(anonymous_39)
FNDA:0,(anonymous_40)
FNDA:0,Shell
FNDA:0,(anonymous_42)
FNDA:0,(anonymous_43)
FNDA:0,(anonymous_44)
DA:38,0
DA:39,0
DA:40,0
DA:41,0
DA:42,0
DA:43,0
DA:44,0
DA:45,0
DA:46,0
DA:47,0
DA:48,0
DA:49,0
DA:50,0
DA:51,0
DA:52,0
DA:53,0
DA:54,0
DA:55,0
DA:56,0
DA:57,0
DA:58,0
DA:59,0
DA:60,0
DA:61,0
DA:62,0
DA:63,0
DA:64,0
DA:65,0
DA:66,0
DA:67,0
DA:68,0
DA:69,0
DA:70,0
DA:71,0
DA:72,0
DA:73,0
DA:74,0
DA:75,0
DA:76,0
DA:77,0
DA:78,0
DA:81,0
DA:82,0
DA:83,0
DA:86,0
DA:87,0
DA:88,0
DA:92,0
DA:93,0
DA:96,0
DA:366,0
DA:367,0
LF:52
LH:0
BRDA:87,0,0,0
BRDA:87,0,1,0
BRF:2
BRH:0
end_of_record
TN:
SF:src/AuthGate.tsx
FN:19,isAdminish
FN:38,AuthGate
FN:45,(anonymous_2)
FN:48,(anonymous_3)
FN:127,(anonymous_4)
FNF:5
FNH:0
FNDA:0,isAdminish
FNDA:0,AuthGate
FNDA:0,(anonymous_2)
FNDA:0,(anonymous_3)
FNDA:0,(anonymous_4)
DA:17,0
DA:20,0
DA:21,0
DA:22,0
DA:23,0
DA:26,0
DA:33,0
DA:34,0
DA:35,0
DA:39,0
DA:40,0
DA:41,0
DA:42,0
DA:43,0
DA:45,0
DA:46,0
DA:48,0
DA:50,0
DA:52,0
DA:54,0
DA:60,0
DA:68,0
DA:70,0
DA:71,0
DA:75,0
DA:78,0
DA:81,0
DA:82,0
DA:83,0
DA:85,0
DA:89,0
DA:90,0
DA:92,0
DA:97,0
DA:101,0
DA:103,0
DA:104,0
DA:105,0
DA:107,0
DA:111,0
DA:113,0
DA:114,0
DA:119,0
DA:121,0
DA:127,0
DA:128,0
DA:132,0
LF:47
LH:0
BRDA:20,0,0,0
BRDA:20,0,1,0
BRDA:21,1,0,0
BRDA:21,1,1,0
BRDA:22,2,0,0
BRDA:22,2,1,0
BRDA:23,3,0,0
BRDA:23,3,1,0
BRDA:23,4,0,0
BRDA:23,4,1,0
BRDA:26,5,0,0
BRDA:26,5,1,0
BRDA:27,6,0,0
BRDA:27,6,1,0
BRDA:27,6,2,0
BRDA:27,6,3,0
BRDA:27,6,4,0
BRDA:34,7,0,0
BRDA:34,7,1,0
BRDA:34,8,0,0
BRDA:34,8,1,0
BRDA:50,9,0,0
BRDA:50,9,1,0
BRDA:50,10,0,0
BRDA:50,10,1,0
BRDA:54,11,0,0
BRDA:54,11,1,0
BRDA:54,11,2,0
BRDA:54,11,3,0
BRDA:68,12,0,0
BRDA:68,12,1,0
BRDA:70,13,0,0
BRDA:70,13,1,0
BRDA:78,14,0,0
BRDA:78,14,1,0
BRDA:81,15,0,0
BRDA:81,15,1,0
BRDA:82,16,0,0
BRDA:82,16,1,0
BRDA:82,17,0,0
BRDA:82,17,1,0
BRDA:89,18,0,0
BRDA:89,18,1,0
BRDA:90,19,0,0
BRDA:90,19,1,0
BRDA:90,20,0,0
BRDA:90,20,1,0
BRDA:101,21,0,0
BRDA:101,21,1,0
BRDA:103,22,0,0
BRDA:103,22,1,0
BRDA:104,23,0,0
BRDA:104,23,1,0
BRDA:104,24,0,0
BRDA:104,24,1,0
BRDA:111,25,0,0
BRDA:111,25,1,0
BRDA:113,26,0,0
BRDA:113,26,1,0
BRDA:113,27,0,0
BRDA:113,27,1,0
BRDA:114,28,0,0
BRDA:114,28,1,0
BRDA:115,29,0,0
BRDA:115,29,1,0
BRDA:115,29,2,0
BRF:66
BRH:0
end_of_record
TN:
SF:src/BrandingContext.tsx
FN:18,(anonymous_0)
FN:22,useBranding
FN:27,BrandingProvider
FNF:3
FNH:0
FNDA:0,(anonymous_0)
FNDA:0,useBranding
FNDA:0,BrandingProvider
DA:7,0
DA:16,0
DA:23,0
DA:28,0
DA:30,0
DA:35,0
LF:6
LH:0
BRF:0
BRH:0
end_of_record
TN:
SF:src/ErrorBoundary.tsx
FN:28,(anonymous_0)
FN:32,(anonymous_1)
FN:39,(anonymous_2)
FN:47,(anonymous_3)
FN:51,(anonymous_4)
FN:83,(anonymous_5)
FN:95,(anonymous_6)
FN:117,areArraysEqual
FN:126,ErrorBoundary
FN:134,(anonymous_9)
FNF:10
FNH:0
FNDA:0,(anonymous_0)
FNDA:0,(anonymous_1)
FNDA:0,(anonymous_2)
FNDA:0,(anonymous_3)
FNDA:0,(anonymous_4)
FNDA:0,(anonymous_5)
FNDA:0,(anonymous_6)
FNDA:0,areArraysEqual
FNDA:0,ErrorBoundary
FNDA:0,(anonymous_9)
DA:26,0
DA:29,0
DA:34,0
DA:36,0
DA:41,0
DA:43,0
DA:47,0
DA:48,0
DA:52,0
DA:53,0
DA:55,0
DA:57,0
DA:60,0
DA:62,0
DA:83,0
DA:95,0
DA:107,0
DA:118,0
DA:119,0
DA:120,0
DA:121,0
DA:122,0
DA:127,0
DA:130,0
DA:132,0
DA:133,0
DA:134,0
DA:139,0
LF:28
LH:0
BRDA:41,0,0,0
BRDA:41,0,1,0
BRDA:43,1,0,0
BRDA:43,1,1,0
BRDA:55,2,0,0
BRDA:55,2,1,0
BRDA:55,3,0,0
BRDA:55,3,1,0
BRDA:57,4,0,0
BRDA:57,4,1,0
BRDA:88,5,0,0
BRDA:88,5,1,0
BRDA:92,6,0,0
BRDA:92,6,1,0
BRDA:95,7,0,0
BRDA:95,7,1,0
BRDA:118,8,0,0
BRDA:118,8,1,0
BRDA:119,9,0,0
BRDA:119,9,1,0
BRDA:119,10,0,0
BRDA:119,10,1,0
BRDA:120,11,0,0
BRDA:120,11,1,0
BRDA:121,12,0,0
BRDA:121,12,1,0
BRDA:134,13,0,0
BRDA:134,13,1,0
BRDA:136,14,0,0
BRDA:136,14,1,0
BRF:30
BRH:0
end_of_record
TN:
SF:src/branding.config.ts
FN:93,getCurrentBranding
FN:103,(anonymous_1)
FN:114,readableTextOn
FNF:3
FNH:0
FNDA:0,getCurrentBranding
FNDA:0,(anonymous_1)
FNDA:0,readableTextOn
DA:20,0
DA:33,0
DA:95,0
DA:97,0
DA:98,0
DA:101,0
DA:102,0
DA:103,0
DA:104,0
DA:107,0
DA:116,0
DA:117,0
DA:118,0
DA:119,0
DA:120,0
DA:121,0
LF:16
LH:0
BRDA:95,0,0,0
BRDA:95,0,1,0
BRDA:101,1,0,0
BRDA:101,1,1,0
BRDA:101,2,0,0
BRDA:101,2,1,0
BRDA:104,3,0,0
BRDA:104,3,1,0
BRDA:121,4,0,0
BRDA:121,4,1,0
BRF:10
BRH:0
end_of_record
TN:
SF:src/firebase.ts
FN:30,getFirebaseApp
FN:52,ensureMessagingServiceWorker
FN:72,getFirebaseMessaging
FN:78,(anonymous_3)
FN:90,getFcmToken
FN:122,onForegroundMessage
FN:126,(anonymous_6)
FN:127,(anonymous_7)
FNF:8
FNH:0
FNDA:0,getFirebaseApp
FNDA:0,ensureMessagingServiceWorker
FNDA:0,getFirebaseMessaging
FNDA:0,(anonymous_3)
FNDA:0,getFcmToken
FNDA:0,onForegroundMessage
FNDA:0,(anonymous_6)
FNDA:0,(anonymous_7)
DA:14,0
DA:15,0
DA:31,0
DA:32,0
DA:33,0
DA:34,0
DA:36,0
DA:38,0
DA:39,0
DA:48,0
DA:53,0
DA:54,0
DA:57,0
DA:59,0
DA:61,0
DA:62,0
DA:64,0
DA:65,0
DA:67,0
DA:73,0
DA:75,0
DA:76,0
DA:78,0
DA:79,0
DA:81,0
DA:82,0
DA:83,0
DA:85,0
DA:91,0
DA:92,0
DA:95,0
DA:96,0
DA:97,0
DA:98,0
DA:100,0
DA:102,0
DA:103,0
DA:107,0
DA:108,0
DA:110,0
DA:111,0
DA:115,0
DA:117,0
DA:125,0
DA:126,0
DA:127,0
LF:46
LH:0
BRDA:32,0,0,0
BRDA:32,0,1,0
BRDA:32,1,0,0
BRDA:32,1,1,0
BRDA:32,1,2,0
BRDA:33,2,0,0
BRDA:33,2,1,0
BRDA:38,3,0,0
BRDA:38,3,1,0
BRDA:39,4,0,0
BRDA:39,4,1,0
BRDA:53,5,0,0
BRDA:53,5,1,0
BRDA:53,6,0,0
BRDA:53,6,1,0
BRDA:54,7,0,0
BRDA:54,7,1,0
BRDA:57,8,0,0
BRDA:57,8,1,0
BRDA:62,9,0,0
BRDA:62,9,1,0
BRDA:73,10,0,0
BRDA:73,10,1,0
BRDA:76,11,0,0
BRDA:76,11,1,0
BRDA:79,12,0,0
BRDA:79,12,1,0
BRDA:92,13,0,0
BRDA:92,13,1,0
BRDA:95,14,0,0
BRDA:95,14,1,0
BRDA:95,15,0,0
BRDA:95,15,1,0
BRDA:98,16,0,0
BRDA:98,16,1,0
BRDA:102,17,0,0
BRDA:102,17,1,0
BRDA:102,18,0,0
BRDA:102,18,1,0
BRDA:108,19,0,0
BRDA:108,19,1,0
BRDA:113,20,0,0
BRDA:113,20,1,0
BRDA:115,21,0,0
BRDA:115,21,1,0
BRDA:126,22,0,0
BRDA:126,22,1,0
BRF:47
BRH:0
end_of_record
TN:
SF:src/index.tsx
FN:23,DemoModeBridge
FN:39,(anonymous_1)
FN:42,(anonymous_2)
FN:90,(anonymous_3)
FN:93,(anonymous_4)
FN:99,(anonymous_5)
FN:113,(anonymous_6)
FN:118,(anonymous_7)
FN:131,(anonymous_8)
FN:135,(anonymous_9)
FNF:10
FNH:0
FNDA:0,DemoModeBridge
FNDA:0,(anonymous_1)
FNDA:0,(anonymous_2)
FNDA:0,(anonymous_3)
FNDA:0,(anonymous_4)
FNDA:0,(anonymous_5)
FNDA:0,(anonymous_6)
FNDA:0,(anonymous_7)
FNDA:0,(anonymous_8)
FNDA:0,(anonymous_9)
DA:24,0
DA:25,0
DA:27,0
DA:29,0
DA:37,0
DA:40,0
DA:43,0
DA:49,0
DA:51,0
DA:89,0
DA:91,0
DA:95,0
DA:99,0
DA:111,0
DA:114,0
DA:118,0
DA:131,0
DA:132,0
DA:135,0
DA:136,0
LF:20
LH:0
BRDA:25,0,0,0
BRDA:25,0,1,0
BRDA:27,1,0,0
BRDA:27,1,1,0
BRDA:45,2,0,0
BRDA:45,2,1,0
BRF:6
BRH:0
end_of_record
TN:
SF:src/serviceWorkerRegistration.ts
FN:27,(anonymous_0)
FN:33,(anonymous_1)
FN:45,(anonymous_2)
FN:47,isHttpsOrLocal
FN:55,hardUnregister
FN:59,(anonymous_5)
FN:63,(anonymous_6)
FN:70,sameOriginPublicUrl
FN:82,(anonymous_8)
FN:86,(anonymous_9)
FN:91,(anonymous_10)
FN:99,unregister
FN:102,(anonymous_12)
FN:113,register
FN:131,(anonymous_14)
FN:136,(anonymous_15)
FN:141,(anonymous_16)
FN:147,(anonymous_17)
FN:154,(anonymous_18)
FN:167,(anonymous_19)
FN:171,(anonymous_20)
FN:192,(anonymous_21)
FN:197,(anonymous_22)
FN:203,(anonymous_23)
FN:214,promptUpdate
FN:215,(anonymous_25)
FN:222,(anonymous_26)
FN:226,(anonymous_27)
FN:229,(anonymous_28)
FN:244,wireUpdateBanner
FN:245,(anonymous_30)
FN:266,(anonymous_31)
FNF:32
FNH:0
FNDA:0,(anonymous_0)
FNDA:0,(anonymous_1)
FNDA:0,(anonymous_2)
FNDA:0,isHttpsOrLocal
FNDA:0,hardUnregister
FNDA:0,(anonymous_5)
FNDA:0,(anonymous_6)
FNDA:0,sameOriginPublicUrl
FNDA:0,(anonymous_8)
FNDA:0,(anonymous_9)
FNDA:0,(anonymous_10)
FNDA:0,unregister
FNDA:0,(anonymous_12)
FNDA:0,register
FNDA:0,(anonymous_14)
FNDA:0,(anonymous_15)
FNDA:0,(anonymous_16)
FNDA:0,(anonymous_17)
FNDA:0,(anonymous_18)
FNDA:0,(anonymous_19)
FNDA:0,(anonymous_20)
FNDA:0,(anonymous_21)
FNDA:0,(anonymous_22)
FNDA:0,(anonymous_23)
FNDA:0,promptUpdate
FNDA:0,(anonymous_25)
FNDA:0,(anonymous_26)
FNDA:0,(anonymous_27)
FNDA:0,(anonymous_28)
FNDA:0,wireUpdateBanner
FNDA:0,(anonymous_30)
FNDA:0,(anonymous_31)
DA:11,0
DA:13,0
DA:15,0
DA:23,0
DA:26,0
DA:27,0
DA:29,0
DA:30,0
DA:33,0
DA:34,0
DA:35,0
DA:37,0
DA:41,0
DA:44,0
DA:45,0
DA:48,0
DA:56,0
DA:57,0
DA:58,0
DA:59,0
DA:61,0
DA:62,0
DA:63,0
DA:71,0
DA:72,0
DA:73,0
DA:75,0
DA:81,0
DA:83,0
DA:84,0
DA:87,0
DA:88,0
DA:92,0
DA:93,0
DA:100,0
DA:102,0
DA:114,0
DA:117,0
DA:118,0
DA:119,0
DA:121,0
DA:122,0
DA:123,0
DA:125,0
DA:127,0
DA:129,0
DA:131,0
DA:132,0
DA:134,0
DA:138,0
DA:139,0
DA:141,0
DA:142,0
DA:143,0
DA:144,0
DA:147,0
DA:148,0
DA:149,0
DA:151,0
DA:154,0
DA:155,0
DA:156,0
DA:157,0
DA:162,0
DA:163,0
DA:167,0
DA:168,0
DA:169,0
DA:171,0
DA:172,0
DA:174,0
DA:176,0
DA:179,0
DA:181,0
DA:183,0
DA:184,0
DA:186,0
DA:192,0
DA:193,0
DA:197,0
DA:198,0
DA:199,0
DA:205,0
DA:215,0
DA:216,0
DA:217,0
DA:222,0
DA:226,0
DA:227,0
DA:228,0
DA:229,0
DA:231,0
DA:245,0
DA:247,0
DA:248,0
DA:249,0
DA:250,0
DA:251,0
DA:252,0
DA:253,0
DA:254,0
DA:255,0
DA:256,0
DA:257,0
DA:258,0
DA:259,0
DA:261,0
DA:262,0
DA:263,0
DA:264,0
DA:265,0
DA:266,0
DA:267,0
DA:268,0
DA:271,0
DA:272,0
DA:275,0
LF:117
LH:0
BRDA:11,0,0,0
BRDA:11,0,1,0
BRDA:13,1,0,0
BRDA:13,1,1,0
BRDA:29,2,0,0
BRDA:29,2,1,0
BRDA:41,3,0,0
BRDA:41,3,1,0
BRDA:41,3,2,0
BRDA:41,3,3,0
BRDA:49,4,0,0
BRDA:49,4,1,0
BRDA:49,4,2,0
BRDA:57,5,0,0
BRDA:57,5,1,0
BRDA:61,6,0,0
BRDA:61,6,1,0
BRDA:72,7,0,0
BRDA:72,7,1,0
BRDA:81,8,0,0
BRDA:81,8,1,0
BRDA:113,9,0,0
BRDA:114,10,0,0
BRDA:114,10,1,0
BRDA:117,11,0,0
BRDA:117,11,1,0
BRDA:121,12,0,0
BRDA:121,12,1,0
BRDA:125,13,0,0
BRDA:125,13,1,0
BRDA:129,14,0,0
BRDA:129,14,1,0
BRDA:142,15,0,0
BRDA:142,15,1,0
BRDA:155,16,0,0
BRDA:155,16,1,0
BRDA:162,17,0,0
BRDA:162,17,1,0
BRDA:169,18,0,0
BRDA:169,18,1,0
BRDA:172,19,0,0
BRDA:172,19,1,0
BRDA:172,19,2,0
BRDA:174,20,0,0
BRDA:174,20,1,0
BRDA:198,21,0,0
BRDA:198,21,1,0
BRDA:198,22,0,0
BRDA:198,22,1,0
BRDA:227,23,0,0
BRDA:227,23,1,0
BRDA:268,24,0,0
BRDA:268,24,1,0
BRF:53
BRH:0
end_of_record
TN:
SF:src/api/adminRoles.ts
FN:3,jsonFetch
FN:9,(anonymous_1)
FN:17,grantRole
FN:24,revokeRole
FNF:4
FNH:0
FNDA:0,jsonFetch
FNDA:0,(anonymous_1)
FNDA:0,grantRole
FNDA:0,revokeRole
DA:4,0
DA:9,0
DA:10,0
DA:11,0
DA:12,0
DA:14,0
DA:18,0
DA:25,0
LF:8
LH:0
BRDA:3,0,0,0
BRDA:6,1,0,0
BRDA:6,1,1,0
BRDA:10,2,0,0
BRDA:10,2,1,0
BRDA:11,3,0,0
BRDA:11,3,1,0
BRDA:11,3,2,0
BRDA:11,3,3,0
BRF:9
BRH:0
end_of_record
TN:
SF:src/api/allergies.ts
FN:36,getAllergies
FN:53,getActiveAllergies
FN:66,addAllergy
FN:82,updateAllergy
FN:99,deleteAllergy
FN:114,checkMedicationAllergy
FNF:6
FNH:0
FNDA:0,getAllergies
FNDA:0,getActiveAllergies
FNDA:0,addAllergy
FNDA:0,updateAllergy
FNDA:0,deleteAllergy
FNDA:0,checkMedicationAllergy
DA:37,0
DA:38,0
DA:45,0
DA:46,0
DA:48,0
DA:54,0
DA:55,0
DA:58,0
DA:59,0
DA:61,0
DA:67,0
DA:68,0
DA:74,0
DA:75,0
DA:77,0
DA:83,0
DA:84,0
DA:91,0
DA:92,0
DA:94,0
DA:100,0
DA:101,0
DA:106,0
DA:107,0
DA:109,0
DA:122,0
DA:123,0
DA:129,0
DA:130,0
DA:132,0
LF:30
LH:0
BRDA:45,0,0,0
BRDA:45,0,1,0
BRDA:46,1,0,0
BRDA:46,1,1,0
BRDA:48,2,0,0
BRDA:48,2,1,0
BRDA:58,3,0,0
BRDA:58,3,1,0
BRDA:59,4,0,0
BRDA:59,4,1,0
BRDA:61,5,0,0
BRDA:61,5,1,0
BRDA:74,6,0,0
BRDA:74,6,1,0
BRDA:77,7,0,0
BRDA:77,7,1,0
BRDA:91,8,0,0
BRDA:91,8,1,0
BRDA:94,9,0,0
BRDA:94,9,1,0
BRDA:106,10,0,0
BRDA:106,10,1,0
BRDA:109,11,0,0
BRDA:109,11,1,0
BRDA:129,12,0,0
BRDA:129,12,1,0
BRDA:130,13,0,0
BRDA:130,13,1,0
BRDA:132,14,0,0
BRDA:132,14,1,0
BRF:30
BRH:0
end_of_record
TN:
SF:src/api/fhirSearch.ts
FN:58,(anonymous_0)
FN:67,(anonymous_1)
FN:78,(anonymous_2)
FN:88,(anonymous_3)
FN:114,(anonymous_4)
FN:124,(anonymous_5)
FN:134,(anonymous_6)
FN:144,(anonymous_7)
FN:154,(anonymous_8)
FN:164,(anonymous_9)
FN:174,(anonymous_10)
FN:186,(anonymous_11)
FN:195,(anonymous_12)
FN:205,(anonymous_13)
FN:226,(anonymous_14)
FN:231,(anonymous_15)
FN:251,searchMedicationRequests
FN:280,searchConditions
FN:311,searchDiagnosticReports
FN:340,searchProcedures
FN:368,searchAllergyIntolerances
FN:403,(anonymous_21)
FNF:22
FNH:9
FNDA:47,(anonymous_0)
FNDA:47,(anonymous_1)
FNDA:1,(anonymous_2)
FNDA:0,(anonymous_3)
FNDA:0,(anonymous_4)
FNDA:0,(anonymous_5)
FNDA:0,(anonymous_6)
FNDA:0,(anonymous_7)
FNDA:0,(anonymous_8)
FNDA:0,(anonymous_9)
FNDA:0,(anonymous_10)
FNDA:0,(anonymous_11)
FNDA:0,(anonymous_12)
FNDA:0,(anonymous_13)
FNDA:0,(anonymous_14)
FNDA:0,(anonymous_15)
FNDA:13,searchMedicationRequests
FNDA:8,searchConditions
FNDA:14,searchDiagnosticReports
FNDA:6,searchProcedures
FNDA:6,searchAllergyIntolerances
FNDA:6,(anonymous_21)
DA:59,47
DA:60,47
DA:61,47
DA:68,47
DA:69,47
DA:70,46
DA:72,1
DA:79,1
DA:80,1
DA:82,0
DA:89,0
DA:90,0
DA:93,0
DA:94,0
DA:95,0
DA:96,0
DA:97,0
DA:98,0
DA:99,0
DA:100,0
DA:101,0
DA:102,0
DA:105,0
DA:108,0
DA:115,0
DA:116,0
DA:118,0
DA:125,0
DA:126,0
DA:128,0
DA:135,0
DA:136,0
DA:138,0
DA:145,0
DA:146,0
DA:148,0
DA:155,0
DA:156,0
DA:158,0
DA:165,0
DA:166,0
DA:168,0
DA:175,0
DA:176,0
DA:177,0
DA:179,0
DA:180,0
DA:187,0
DA:188,0
DA:189,0
DA:196,0
DA:197,0
DA:199,0
DA:201,0
DA:205,0
DA:214,0
DA:216,0
DA:217,0
DA:227,0
DA:228,0
DA:232,0
DA:239,0
DA:254,13
DA:256,13
DA:263,0
DA:264,0
DA:266,0
DA:267,0
DA:269,0
DA:270,0
DA:273,0
DA:283,8
DA:285,8
DA:295,0
DA:296,0
DA:297,0
DA:299,0
DA:300,0
DA:301,0
DA:304,0
DA:314,14
DA:316,14
DA:325,0
DA:326,0
DA:328,0
DA:329,0
DA:330,0
DA:333,0
DA:343,6
DA:345,6
DA:353,0
DA:354,0
DA:356,0
DA:357,0
DA:358,0
DA:361,0
DA:371,6
DA:373,6
DA:379,0
DA:380,0
DA:382,0
DA:383,0
DA:386,0
DA:393,1
DA:404,6
DA:406,1
DA:408,1
DA:410,1
DA:412,1
DA:414,1
DA:416,1
LF:111
LH:27
BRDA:68,0,0,47
BRDA:68,0,1,2
BRDA:69,1,0,46
BRDA:69,1,1,1
BRDA:79,2,0,1
BRDA:79,2,1,0
BRDA:89,3,0,0
BRDA:89,3,1,0
BRDA:93,4,0,0
BRDA:93,4,1,0
BRDA:95,5,0,0
BRDA:95,5,1,0
BRDA:97,6,0,0
BRDA:97,6,1,0
BRDA:99,7,0,0
BRDA:99,7,1,0
BRDA:101,8,0,0
BRDA:101,8,1,0
BRDA:115,9,0,0
BRDA:115,9,1,0
BRDA:125,10,0,0
BRDA:125,10,1,0
BRDA:135,11,0,0
BRDA:135,11,1,0
BRDA:145,12,0,0
BRDA:145,12,1,0
BRDA:155,13,0,0
BRDA:155,13,1,0
BRDA:165,14,0,0
BRDA:165,14,1,0
BRDA:174,15,0,0
BRDA:174,16,0,0
BRDA:175,17,0,0
BRDA:175,17,1,0
BRDA:176,18,0,0
BRDA:176,18,1,0
BRDA:187,19,0,0
BRDA:187,19,1,0
BRDA:199,20,0,0
BRDA:199,20,1,0
BRDA:204,21,0,0
BRDA:204,21,1,0
BRDA:205,22,0,0
BRDA:205,22,1,0
BRDA:239,23,0,0
BRDA:239,23,1,0
BRDA:263,24,0,0
BRDA:263,24,1,0
BRDA:266,25,0,0
BRDA:266,25,1,0
BRDA:269,26,0,0
BRDA:269,26,1,0
BRDA:295,27,0,0
BRDA:295,27,1,0
BRDA:299,28,0,0
BRDA:299,28,1,0
BRDA:325,29,0,0
BRDA:325,29,1,0
BRDA:328,30,0,0
BRDA:328,30,1,0
BRDA:353,31,0,0
BRDA:353,31,1,0
BRDA:356,32,0,0
BRDA:356,32,1,0
BRDA:379,33,0,0
BRDA:379,33,1,0
BRDA:382,34,0,0
BRDA:382,34,1,0
BRDA:404,35,0,1
BRDA:404,35,1,1
BRDA:404,35,2,1
BRDA:404,35,3,1
BRDA:404,35,4,1
BRDA:404,35,5,1
BRF:74
BRH:11
end_of_record
TN:
SF:src/api/fhirSync.ts
FN:29,getFHIRConnections
FN:47,createFHIRConnection
FN:68,testFHIRConnection
FN:87,updateFHIRConnectionStatus
FN:108,deleteFHIRConnection
FN:146,syncFromFHIR
FN:168,syncToFHIR
FN:190,syncBidirectional
FN:212,getSyncHistory
FN:245,createPatientMapping
FN:272,getPatientMapping
FN:299,getAllPatientMappings
FN:330,deletePatientMapping
FN:362,startAutoSync
FN:390,stopAutoSync
FN:419,getSyncStatistics
FN:437,(anonymous_16)
FN:438,(anonymous_17)
FN:439,(anonymous_18)
FN:440,(anonymous_19)
FN:441,(anonymous_20)
FN:468,getFHIRComplianceMetrics
FNF:22
FNH:0
FNDA:0,getFHIRConnections
FNDA:0,createFHIRConnection
FNDA:0,testFHIRConnection
FNDA:0,updateFHIRConnectionStatus
FNDA:0,deleteFHIRConnection
FNDA:0,syncFromFHIR
FNDA:0,syncToFHIR
FNDA:0,syncBidirectional
FNDA:0,getSyncHistory
FNDA:0,createPatientMapping
FNDA:0,getPatientMapping
FNDA:0,getAllPatientMappings
FNDA:0,deletePatientMapping
FNDA:0,startAutoSync
FNDA:0,stopAutoSync
FNDA:0,getSyncStatistics
FNDA:0,(anonymous_16)
FNDA:0,(anonymous_17)
FNDA:0,(anonymous_18)
FNDA:0,(anonymous_19)
FNDA:0,(anonymous_20)
FNDA:0,getFHIRComplianceMetrics
DA:30,0
DA:31,0
DA:32,0
DA:37,0
DA:50,0
DA:51,0
DA:52,0
DA:58,0
DA:69,0
DA:70,0
DA:71,0
DA:77,0
DA:91,0
DA:92,0
DA:93,0
DA:98,0
DA:109,0
DA:111,0
DA:114,0
DA:120,0
DA:125,0
DA:127,0
DA:132,0
DA:150,0
DA:151,0
DA:152,0
DA:158,0
DA:172,0
DA:173,0
DA:174,0
DA:180,0
DA:194,0
DA:195,0
DA:196,0
DA:202,0
DA:216,0
DA:217,0
DA:224,0
DA:226,0
DA:231,0
DA:250,0
DA:251,0
DA:256,0
DA:262,0
DA:276,0
DA:277,0
DA:278,0
DA:279,0
DA:284,0
DA:289,0
DA:300,0
DA:301,0
DA:313,0
DA:315,0
DA:320,0
DA:334,0
DA:335,0
DA:341,0
DA:343,0
DA:348,0
DA:366,0
DA:367,0
DA:370,0
DA:375,0
DA:380,0
DA:391,0
DA:392,0
DA:395,0
DA:400,0
DA:405,0
DA:423,0
DA:424,0
DA:425,0
DA:427,0
DA:433,0
DA:435,0
DA:436,0
DA:437,0
DA:438,0
DA:439,0
DA:440,0
DA:441,0
DA:443,0
DA:458,0
DA:469,0
DA:471,0
DA:476,0
DA:481,0
DA:482,0
DA:484,0
DA:490,0
DA:502,0
LF:92
LH:0
BRDA:39,0,0,0
BRDA:39,0,1,0
BRDA:60,1,0,0
BRDA:60,1,1,0
BRDA:79,2,0,0
BRDA:79,2,1,0
BRDA:100,3,0,0
BRDA:100,3,1,0
BRDA:125,4,0,0
BRDA:125,4,1,0
BRDA:134,5,0,0
BRDA:134,5,1,0
BRDA:160,6,0,0
BRDA:160,6,1,0
BRDA:182,7,0,0
BRDA:182,7,1,0
BRDA:204,8,0,0
BRDA:204,8,1,0
BRDA:214,9,0,0
BRDA:224,10,0,0
BRDA:224,10,1,0
BRDA:228,11,0,0
BRDA:228,11,1,0
BRDA:233,12,0,0
BRDA:233,12,1,0
BRDA:264,13,0,0
BRDA:264,13,1,0
BRDA:278,14,0,0
BRDA:278,14,1,0
BRDA:291,15,0,0
BRDA:291,15,1,0
BRDA:313,16,0,0
BRDA:313,16,1,0
BRDA:317,17,0,0
BRDA:317,17,1,0
BRDA:322,18,0,0
BRDA:322,18,1,0
BRDA:341,19,0,0
BRDA:341,19,1,0
BRDA:350,20,0,0
BRDA:350,20,1,0
BRDA:382,21,0,0
BRDA:382,21,1,0
BRDA:407,22,0,0
BRDA:407,22,1,0
BRDA:421,23,0,0
BRDA:433,24,0,0
BRDA:433,24,1,0
BRDA:435,25,0,0
BRDA:435,25,1,0
BRDA:440,26,0,0
BRDA:440,26,1,0
BRDA:441,27,0,0
BRDA:441,27,1,0
BRDA:451,28,0,0
BRDA:451,28,1,0
BRDA:454,29,0,0
BRDA:454,29,1,0
BRDA:460,30,0,0
BRDA:460,30,1,0
BRDA:493,31,0,0
BRDA:493,31,1,0
BRDA:494,32,0,0
BRDA:494,32,1,0
BRDA:495,33,0,0
BRDA:495,33,1,0
BRDA:496,34,0,0
BRDA:496,34,1,0
BRDA:496,35,0,0
BRDA:496,35,1,0
BRDA:497,36,0,0
BRDA:497,36,1,0
BRDA:497,37,0,0
BRDA:497,37,1,0
BRDA:497,38,0,0
BRDA:497,38,1,0
BRDA:498,39,0,0
BRDA:498,39,1,0
BRDA:498,40,0,0
BRDA:498,40,1,0
BRDA:504,41,0,0
BRDA:504,41,1,0
BRF:82
BRH:0
end_of_record
TN:
SF:src/api/medications.ts
FN:106,getMedications
FN:140,getMedication
FN:166,createMedication
FN:214,updateMedication
FN:244,deleteMedication
FN:268,discontinueMedication
FN:308,extractMedicationFromImage
FN:410,confirmMedication
FN:475,getMedicationReminders
FN:502,createMedicationReminder
FN:530,updateMedicationReminder
FN:560,deleteMedicationReminder
FN:588,recordDoseTaken
FN:616,getMedicationAdherence
FN:632,(anonymous_14)
FN:650,getMedicationsNeedingRefill
FN:678,getUpcomingReminders
FN:710,identifyPill
FN:755,comparePillWithLabel
FN:826,getPillIdentificationHistory
FN:855,getPillComparisonHistory
FN:888,checkAndAlertMultiplePsychMeds
FN:919,(anonymous_22)
FN:920,(anonymous_23)
FN:921,(anonymous_24)
FN:947,getPsychiatricMedications
FN:976,checkMultiplePsychMeds
FN:1015,getPsychMedAlerts
FN:1043,acknowledgePsychMedAlert
FNF:29
FNH:0
FNDA:0,getMedications
FNDA:0,getMedication
FNDA:0,createMedication
FNDA:0,updateMedication
FNDA:0,deleteMedication
FNDA:0,discontinueMedication
FNDA:0,extractMedicationFromImage
FNDA:0,confirmMedication
FNDA:0,getMedicationReminders
FNDA:0,createMedicationReminder
FNDA:0,updateMedicationReminder
FNDA:0,deleteMedicationReminder
FNDA:0,recordDoseTaken
FNDA:0,getMedicationAdherence
FNDA:0,(anonymous_14)
FNDA:0,getMedicationsNeedingRefill
FNDA:0,getUpcomingReminders
FNDA:0,identifyPill
FNDA:0,comparePillWithLabel
FNDA:0,getPillIdentificationHistory
FNDA:0,getPillComparisonHistory
FNDA:0,checkAndAlertMultiplePsychMeds
FNDA:0,(anonymous_22)
FNDA:0,(anonymous_23)
FNDA:0,(anonymous_24)
FNDA:0,getPsychiatricMedications
FNDA:0,checkMultiplePsychMeds
FNDA:0,getPsychMedAlerts
FNDA:0,acknowledgePsychMedAlert
DA:110,0
DA:111,0
DA:117,0
DA:118,0
DA:121,0
DA:123,0
DA:125,0
DA:130,0
DA:141,0
DA:142,0
DA:148,0
DA:149,0
DA:151,0
DA:156,0
DA:169,0
DA:171,0
DA:177,0
DA:185,0
DA:191,0
DA:194,0
DA:195,0
DA:198,0
DA:204,0
DA:218,0
DA:219,0
DA:226,0
DA:228,0
DA:234,0
DA:245,0
DA:246,0
DA:251,0
DA:253,0
DA:258,0
DA:272,0
DA:273,0
DA:279,0
DA:286,0
DA:288,0
DA:294,0
DA:312,0
DA:314,0
DA:316,0
DA:317,0
DA:325,0
DA:337,0
DA:338,0
DA:369,0
DA:371,0
DA:373,0
DA:382,0
DA:393,0
DA:400,0
DA:415,0
DA:416,0
DA:449,0
DA:451,0
DA:453,0
DA:459,0
DA:461,0
DA:478,0
DA:479,0
DA:485,0
DA:487,0
DA:492,0
DA:505,0
DA:506,0
DA:512,0
DA:514,0
DA:520,0
DA:534,0
DA:535,0
DA:542,0
DA:544,0
DA:550,0
DA:561,0
DA:562,0
DA:567,0
DA:569,0
DA:574,0
DA:591,0
DA:592,0
DA:598,0
DA:600,0
DA:606,0
DA:621,0
DA:622,0
DA:628,0
DA:631,0
DA:632,0
DA:635,0
DA:640,0
DA:654,0
DA:655,0
DA:661,0
DA:663,0
DA:668,0
DA:682,0
DA:683,0
DA:689,0
DA:691,0
DA:696,0
DA:714,0
DA:715,0
DA:718,0
DA:730,0
DA:731,0
DA:738,0
DA:745,0
DA:760,0
DA:762,0
DA:763,0
DA:764,0
DA:770,0
DA:773,0
DA:780,0
DA:793,0
DA:794,0
DA:807,0
DA:816,0
DA:830,0
DA:831,0
DA:838,0
DA:840,0
DA:845,0
DA:859,0
DA:860,0
DA:867,0
DA:869,0
DA:874,0
DA:889,0
DA:891,0
DA:897,0
DA:900,0
DA:902,0
DA:904,0
DA:912,0
DA:914,0
DA:919,0
DA:920,0
DA:921,0
DA:928,0
DA:940,0
DA:950,0
DA:951,0
DA:959,0
DA:961,0
DA:966,0
DA:979,0
DA:981,0
DA:987,0
DA:988,0
DA:995,0
DA:998,0
DA:1000,0
DA:1005,0
DA:1018,0
DA:1019,0
DA:1026,0
DA:1028,0
DA:1033,0
DA:1047,0
DA:1048,0
DA:1057,0
DA:1059,0
DA:1064,0
LF:165
LH:0
BRDA:117,0,0,0
BRDA:117,0,1,0
BRDA:123,1,0,0
BRDA:123,1,1,0
BRDA:127,2,0,0
BRDA:127,2,1,0
BRDA:132,3,0,0
BRDA:132,3,1,0
BRDA:148,4,0,0
BRDA:148,4,1,0
BRDA:149,5,0,0
BRDA:149,5,1,0
BRDA:158,6,0,0
BRDA:158,6,1,0
BRDA:172,7,0,0
BRDA:172,7,1,0
BRDA:191,8,0,0
BRDA:191,8,1,0
BRDA:194,9,0,0
BRDA:194,9,1,0
BRDA:194,10,0,0
BRDA:194,10,1,0
BRDA:206,11,0,0
BRDA:206,11,1,0
BRDA:226,12,0,0
BRDA:226,12,1,0
BRDA:236,13,0,0
BRDA:236,13,1,0
BRDA:251,14,0,0
BRDA:251,14,1,0
BRDA:260,15,0,0
BRDA:260,15,1,0
BRDA:286,16,0,0
BRDA:286,16,1,0
BRDA:296,17,0,0
BRDA:296,17,1,0
BRDA:316,18,0,0
BRDA:316,18,1,0
BRDA:316,19,0,0
BRDA:316,19,1,0
BRDA:319,20,0,0
BRDA:319,20,1,0
BRDA:337,21,0,0
BRDA:337,21,1,0
BRDA:337,22,0,0
BRDA:337,22,1,0
BRDA:371,23,0,0
BRDA:371,23,1,0
BRDA:402,24,0,0
BRDA:402,24,1,0
BRDA:451,25,0,0
BRDA:451,25,1,0
BRDA:451,26,0,0
BRDA:451,26,1,0
BRDA:463,27,0,0
BRDA:463,27,1,0
BRDA:485,28,0,0
BRDA:485,28,1,0
BRDA:489,29,0,0
BRDA:489,29,1,0
BRDA:494,30,0,0
BRDA:494,30,1,0
BRDA:512,31,0,0
BRDA:512,31,1,0
BRDA:522,32,0,0
BRDA:522,32,1,0
BRDA:542,33,0,0
BRDA:542,33,1,0
BRDA:552,34,0,0
BRDA:552,34,1,0
BRDA:567,35,0,0
BRDA:567,35,1,0
BRDA:576,36,0,0
BRDA:576,36,1,0
BRDA:598,37,0,0
BRDA:598,37,1,0
BRDA:608,38,0,0
BRDA:608,38,1,0
BRDA:619,39,0,0
BRDA:628,40,0,0
BRDA:628,40,1,0
BRDA:631,41,0,0
BRDA:631,41,1,0
BRDA:637,42,0,0
BRDA:637,42,1,0
BRDA:642,43,0,0
BRDA:642,43,1,0
BRDA:652,44,0,0
BRDA:661,45,0,0
BRDA:661,45,1,0
BRDA:665,46,0,0
BRDA:665,46,1,0
BRDA:670,47,0,0
BRDA:670,47,1,0
BRDA:680,48,0,0
BRDA:689,49,0,0
BRDA:689,49,1,0
BRDA:693,50,0,0
BRDA:693,50,1,0
BRDA:698,51,0,0
BRDA:698,51,1,0
BRDA:723,52,0,0
BRDA:723,52,1,0
BRDA:730,53,0,0
BRDA:730,53,1,0
BRDA:733,54,0,0
BRDA:733,54,1,0
BRDA:747,55,0,0
BRDA:747,55,1,0
BRDA:763,56,0,0
BRDA:763,56,1,0
BRDA:763,57,0,0
BRDA:763,57,1,0
BRDA:793,58,0,0
BRDA:793,58,1,0
BRDA:793,59,0,0
BRDA:793,59,1,0
BRDA:810,60,0,0
BRDA:810,60,1,0
BRDA:818,61,0,0
BRDA:818,61,1,0
BRDA:828,62,0,0
BRDA:838,63,0,0
BRDA:838,63,1,0
BRDA:842,64,0,0
BRDA:842,64,1,0
BRDA:847,65,0,0
BRDA:847,65,1,0
BRDA:857,66,0,0
BRDA:867,67,0,0
BRDA:867,67,1,0
BRDA:871,68,0,0
BRDA:871,68,1,0
BRDA:876,69,0,0
BRDA:876,69,1,0
BRDA:897,70,0,0
BRDA:897,70,1,0
BRDA:902,71,0,0
BRDA:902,71,1,0
BRDA:912,72,0,0
BRDA:912,72,1,0
BRDA:912,73,0,0
BRDA:912,73,1,0
BRDA:917,74,0,0
BRDA:917,74,1,0
BRDA:959,75,0,0
BRDA:959,75,1,0
BRDA:963,76,0,0
BRDA:963,76,1,0
BRDA:968,77,0,0
BRDA:968,77,1,0
BRDA:987,78,0,0
BRDA:987,78,1,0
BRDA:1007,79,0,0
BRDA:1007,79,1,0
BRDA:1026,80,0,0
BRDA:1026,80,1,0
BRDA:1030,81,0,0
BRDA:1030,81,1,0
BRDA:1035,82,0,0
BRDA:1035,82,1,0
BRDA:1057,83,0,0
BRDA:1057,83,1,0
BRDA:1066,84,0,0
BRDA:1066,84,1,0
BRF:165
BRH:0
end_of_record
TN:
SF:src/api/metrics.ts
FN:17,fetchPatientEngagementMetrics
FNF:1
FNH:0
FNDA:0,fetchPatientEngagementMetrics
DA:21,0
DA:23,0
DA:28,0
DA:30,0
DA:32,0
LF:5
LH:0
BRDA:21,0,0,0
BRDA:28,1,0,0
BRDA:28,1,1,0
BRDA:32,2,0,0
BRDA:32,2,1,0
BRF:5
BRH:0
end_of_record
TN:
SF:src/api/physicians.ts
FN:15,listPhysiciansByTenant
FN:33,upsertPhysicianForTenant
FNF:2
FNH:0
FNDA:0,listPhysiciansByTenant
FNDA:0,upsertPhysicianForTenant
DA:23,0
DA:29,0
DA:30,0
DA:39,0
DA:45,0
DA:47,0
DA:50,0
DA:54,0
DA:55,0
LF:9
LH:0
BRDA:29,0,0,0
BRDA:29,0,1,0
BRDA:30,1,0,0
BRDA:30,1,1,0
BRDA:45,2,0,0
BRDA:45,2,1,0
BRDA:54,3,0,0
BRDA:54,3,1,0
BRF:8
BRH:0
end_of_record
TN:
SF:src/api/scores.ts
FN:13,fetchPatientEngagementScores
FNF:1
FNH:0
FNDA:0,fetchPatientEngagementScores
DA:18,0
DA:22,0
DA:23,0
LF:3
LH:0
BRDA:16,0,0,0
BRDA:22,1,0,0
BRDA:22,1,1,0
BRDA:23,2,0,0
BRDA:23,2,1,0
BRF:5
BRH:0
end_of_record
TN:
SF:src/components/AdminProfileEditor.tsx
FN:25,(anonymous_0)
FN:34,(anonymous_1)
FN:43,(anonymous_2)
FN:45,(anonymous_3)
FN:59,(anonymous_4)
FN:77,(anonymous_5)
FN:82,(anonymous_6)
FN:91,(anonymous_7)
FN:96,(anonymous_8)
FN:109,(anonymous_9)
FN:126,(anonymous_10)
FN:128,(anonymous_11)
FN:147,(anonymous_12)
FN:153,(anonymous_13)
FN:156,(anonymous_14)
FN:168,(anonymous_15)
FN:185,(anonymous_16)
FNF:17
FNH:0
FNDA:0,(anonymous_0)
FNDA:0,(anonymous_1)
FNDA:0,(anonymous_2)
FNDA:0,(anonymous_3)
FNDA:0,(anonymous_4)
FNDA:0,(anonymous_5)
FNDA:0,(anonymous_6)
FNDA:0,(anonymous_7)
FNDA:0,(anonymous_8)
FNDA:0,(anonymous_9)
FNDA:0,(anonymous_10)
FNDA:0,(anonymous_11)
FNDA:0,(anonymous_12)
FNDA:0,(anonymous_13)
FNDA:0,(anonymous_14)
FNDA:0,(anonymous_15)
FNDA:0,(anonymous_16)
DA:25,0
DA:26,0
DA:27,0
DA:28,0
DA:29,0
DA:30,0
DA:31,0
DA:32,0
DA:34,0
DA:35,0
DA:36,0
DA:37,0
DA:38,0
DA:39,0
DA:43,0
DA:44,0
DA:45,0
DA:46,0
DA:47,0
DA:50,0
DA:51,0
DA:54,0
DA:55,0
DA:59,0
DA:60,0
DA:64,0
DA:69,0
DA:70,0
DA:73,0
DA:77,0
DA:78,0
DA:79,0
DA:82,0
DA:83,0
DA:88,0
DA:91,0
DA:92,0
DA:93,0
DA:96,0
DA:97,0
DA:98,0
DA:103,0
DA:104,0
DA:105,0
DA:109,0
DA:110,0
DA:114,0
DA:115,0
DA:116,0
DA:120,0
DA:126,0
DA:129,0
DA:148,0
DA:153,0
DA:156,0
DA:169,0
DA:170,0
DA:185,0
LF:58
LH:0
BRDA:38,0,0,0
BRDA:38,0,1,0
BRDA:44,1,0,0
BRDA:44,1,1,0
BRDA:45,2,0,0
BRDA:45,2,1,0
BRDA:50,3,0,0
BRDA:50,3,1,0
BRDA:50,4,0,0
BRDA:50,4,1,0
BRDA:69,5,0,0
BRDA:69,5,1,0
BRDA:79,6,0,0
BRDA:79,6,1,0
BRDA:79,7,0,0
BRDA:79,7,1,0
BRDA:88,8,0,0
BRDA:88,8,1,0
BRDA:88,9,0,0
BRDA:88,9,1,0
BRDA:93,10,0,0
BRDA:93,10,1,0
BRDA:97,11,0,0
BRDA:97,11,1,0
BRDA:97,12,0,0
BRDA:97,12,1,0
BRDA:97,12,2,0
BRDA:103,13,0,0
BRDA:103,13,1,0
BRDA:114,14,0,0
BRDA:114,14,1,0
BRDA:135,15,0,0
BRDA:135,15,1,0
BRDA:149,16,0,0
BRDA:149,16,1,0
BRDA:165,17,0,0
BRDA:165,17,1,0
BRF:37
BRH:0
end_of_record
TN:
SF:src/components/CheckInTracker.tsx
FN:25,parseIntOrNull
FN:32,clampVitals
FN:39,safe
FN:55,CheckInTracker
FN:81,(anonymous_4)
FN:94,(anonymous_5)
FN:96,(anonymous_6)
FN:109,(anonymous_7)
FN:120,(anonymous_8)
FN:144,(anonymous_9)
FN:150,(anonymous_10)
FN:156,handleCheckIn
FN:166,(anonymous_12)
FN:201,(anonymous_13)
FN:249,(anonymous_14)
FN:250,(anonymous_15)
FN:270,(anonymous_16)
FN:288,(anonymous_17)
FN:293,(anonymous_18)
FN:311,(anonymous_19)
FN:325,(anonymous_20)
FN:339,(anonymous_21)
FN:353,(anonymous_22)
FN:367,(anonymous_23)
FN:378,(anonymous_24)
FN:388,(anonymous_25)
FN:391,(anonymous_26)
FN:427,(anonymous_27)
FN:462,(anonymous_28)
FN:468,(anonymous_29)
FN:474,(anonymous_30)
FN:480,(anonymous_31)
FNF:32
FNH:0
FNDA:0,parseIntOrNull
FNDA:0,clampVitals
FNDA:0,safe
FNDA:0,CheckInTracker
FNDA:0,(anonymous_4)
FNDA:0,(anonymous_5)
FNDA:0,(anonymous_6)
FNDA:0,(anonymous_7)
FNDA:0,(anonymous_8)
FNDA:0,(anonymous_9)
FNDA:0,(anonymous_10)
FNDA:0,handleCheckIn
FNDA:0,(anonymous_12)
FNDA:0,(anonymous_13)
FNDA:0,(anonymous_14)
FNDA:0,(anonymous_15)
FNDA:0,(anonymous_16)
FNDA:0,(anonymous_17)
FNDA:0,(anonymous_18)
FNDA:0,(anonymous_19)
FNDA:0,(anonymous_20)
FNDA:0,(anonymous_21)
FNDA:0,(anonymous_22)
FNDA:0,(anonymous_23)
FNDA:0,(anonymous_24)
FNDA:0,(anonymous_25)
FNDA:0,(anonymous_26)
FNDA:0,(anonymous_27)
FNDA:0,(anonymous_28)
FNDA:0,(anonymous_29)
FNDA:0,(anonymous_30)
FNDA:0,(anonymous_31)
DA:5,0
DA:19,0
DA:20,0
DA:26,0
DA:27,0
DA:28,0
DA:40,0
DA:42,0
DA:56,0
DA:57,0
DA:58,0
DA:60,0
DA:61,0
DA:62,0
DA:63,0
DA:64,0
DA:65,0
DA:66,0
DA:67,0
DA:70,0
DA:73,0
DA:74,0
DA:75,0
DA:76,0
DA:77,0
DA:78,0
DA:81,0
DA:82,0
DA:83,0
DA:84,0
DA:85,0
DA:86,0
DA:87,0
DA:89,0
DA:94,0
DA:95,0
DA:96,0
DA:97,0
DA:102,0
DA:103,0
DA:109,0
DA:110,0
DA:111,0
DA:120,0
DA:121,0
DA:122,0
DA:125,0
DA:134,0
DA:144,0
DA:145,0
DA:146,0
DA:147,0
DA:150,0
DA:151,0
DA:152,0
DA:158,0
DA:159,0
DA:160,0
DA:164,0
DA:165,0
DA:166,0
DA:167,0
DA:170,0
DA:171,0
DA:173,0
DA:174,0
DA:176,0
DA:177,0
DA:178,0
DA:179,0
DA:180,0
DA:181,0
DA:190,0
DA:201,0
DA:203,0
DA:204,0
DA:206,0
DA:207,0
DA:208,0
DA:221,0
DA:222,0
DA:224,0
DA:226,0
DA:233,0
DA:234,0
DA:235,0
DA:236,0
DA:237,0
DA:238,0
DA:239,0
DA:242,0
DA:243,0
DA:248,0
DA:249,0
DA:250,0
DA:254,0
DA:266,0
DA:270,0
DA:288,0
DA:294,0
DA:311,0
DA:325,0
DA:339,0
DA:353,0
DA:367,0
DA:378,0
DA:389,0
DA:391,0
DA:428,0
DA:462,0
DA:468,0
DA:474,0
DA:480,0
LF:113
LH:0
BRDA:26,0,0,0
BRDA:26,0,1,0
BRDA:28,1,0,0
BRDA:28,1,1,0
BRDA:40,2,0,0
BRDA:40,2,1,0
BRDA:40,3,0,0
BRDA:40,3,1,0
BRDA:40,3,2,0
BRDA:55,4,0,0
BRDA:55,5,0,0
BRDA:58,6,0,0
BRDA:58,6,1,0
BRDA:82,7,0,0
BRDA:82,7,1,0
BRDA:84,8,0,0
BRDA:84,8,1,0
BRDA:87,9,0,0
BRDA:87,9,1,0
BRDA:95,10,0,0
BRDA:95,10,1,0
BRDA:102,11,0,0
BRDA:102,11,1,0
BRDA:110,12,0,0
BRDA:110,12,1,0
BRDA:110,13,0,0
BRDA:110,13,1,0
BRDA:121,14,0,0
BRDA:121,14,1,0
BRDA:156,15,0,0
BRDA:158,16,0,0
BRDA:158,16,1,0
BRDA:158,17,0,0
BRDA:158,17,1,0
BRDA:164,18,0,0
BRDA:164,18,1,0
BRDA:164,19,0,0
BRDA:164,19,1,0
BRDA:194,20,0,0
BRDA:194,20,1,0
BRDA:195,21,0,0
BRDA:195,21,1,0
BRDA:196,22,0,0
BRDA:196,22,1,0
BRDA:197,23,0,0
BRDA:197,23,1,0
BRDA:198,24,0,0
BRDA:198,24,1,0
BRDA:199,25,0,0
BRDA:199,25,1,0
BRDA:203,26,0,0
BRDA:203,26,1,0
BRDA:204,27,0,0
BRDA:204,27,1,0
BRDA:207,28,0,0
BRDA:207,28,1,0
BRDA:212,29,0,0
BRDA:212,29,1,0
BRDA:213,30,0,0
BRDA:213,30,1,0
BRDA:214,31,0,0
BRDA:214,31,1,0
BRDA:215,32,0,0
BRDA:215,32,1,0
BRDA:216,33,0,0
BRDA:216,33,1,0
BRDA:217,34,0,0
BRDA:217,34,1,0
BRDA:222,35,0,0
BRDA:222,35,1,0
BRDA:233,36,0,0
BRDA:233,36,1,0
BRDA:245,37,0,0
BRDA:245,37,1,0
BRDA:249,38,0,0
BRDA:249,38,1,0
BRDA:268,39,0,0
BRDA:268,39,1,0
BRDA:380,40,0,0
BRDA:380,40,1,0
BRDA:382,41,0,0
BRDA:382,41,1,0
BRDA:395,42,0,0
BRDA:395,42,1,0
BRDA:401,43,0,0
BRDA:401,43,1,0
BRDA:405,44,0,0
BRDA:405,44,1,0
BRDA:407,45,0,0
BRDA:407,45,1,0
BRDA:409,46,0,0
BRDA:409,46,1,0
BRDA:419,47,0,0
BRDA:419,47,1,0
BRDA:430,48,0,0
BRDA:430,48,1,0
BRDA:431,49,0,0
BRDA:431,49,1,0
BRDA:432,50,0,0
BRDA:432,50,1,0
BRDA:433,51,0,0
BRDA:433,51,1,0
BRDA:433,51,2,0
BRDA:436,52,0,0
BRDA:436,52,1,0
BRDA:449,53,0,0
BRDA:449,53,1,0
BRDA:491,54,0,0
BRDA:491,54,1,0
BRDA:491,54,2,0
BRDA:498,55,0,0
BRDA:498,55,1,0
BRDA:513,56,0,0
BRDA:513,56,1,0
BRDA:527,57,0,0
BRDA:527,57,1,0
BRDA:533,58,0,0
BRDA:533,58,1,0
BRDA:552,59,0,0
BRDA:552,59,1,0
BRF:120
BRH:0
end_of_record
TN:
SF:src/components/CommunityMoments.tsx
FN:51,useWindowSize
FN:53,(anonymous_1)
FN:55,(anonymous_2)
FN:58,(anonymous_3)
FN:63,sanitizeTags
FN:66,(anonymous_5)
FN:72,safeFilename
FN:76,getSignedUrlIfPossible
FN:83,(anonymous_8)
FN:119,(anonymous_9)
FN:120,(anonymous_10)
FN:121,(anonymous_11)
FN:125,(anonymous_12)
FN:128,(anonymous_13)
FN:136,(anonymous_14)
FN:142,(anonymous_15)
FN:146,(anonymous_16)
FN:161,(anonymous_17)
FN:168,(anonymous_18)
FN:170,(anonymous_19)
FN:184,(anonymous_20)
FN:190,(anonymous_21)
FN:192,(anonymous_22)
FN:208,(anonymous_23)
FN:233,(anonymous_24)
FN:239,(anonymous_25)
FN:255,(anonymous_26)
FN:272,(anonymous_27)
FN:282,(anonymous_28)
FN:283,(anonymous_29)
FN:285,(anonymous_30)
FN:286,(anonymous_31)
FN:290,(anonymous_32)
FN:307,(anonymous_33)
FN:313,(anonymous_34)
FN:370,(anonymous_35)
FN:387,(anonymous_36)
FN:420,(anonymous_37)
FN:422,(anonymous_38)
FN:424,(anonymous_39)
FN:428,(anonymous_40)
FN:452,(anonymous_41)
FN:468,(anonymous_42)
FN:509,(anonymous_43)
FN:546,(anonymous_44)
FN:577,(anonymous_45)
FN:590,(anonymous_46)
FN:604,(anonymous_47)
FN:645,(anonymous_48)
FN:669,(anonymous_49)
FN:681,(anonymous_50)
FNF:51
FNH:0
FNDA:0,useWindowSize
FNDA:0,(anonymous_1)
FNDA:0,(anonymous_2)
FNDA:0,(anonymous_3)
FNDA:0,sanitizeTags
FNDA:0,(anonymous_5)
FNDA:0,safeFilename
FNDA:0,getSignedUrlIfPossible
FNDA:0,(anonymous_8)
FNDA:0,(anonymous_9)
FNDA:0,(anonymous_10)
FNDA:0,(anonymous_11)
FNDA:0,(anonymous_12)
FNDA:0,(anonymous_13)
FNDA:0,(anonymous_14)
FNDA:0,(anonymous_15)
FNDA:0,(anonymous_16)
FNDA:0,(anonymous_17)
FNDA:0,(anonymous_18)
FNDA:0,(anonymous_19)
FNDA:0,(anonymous_20)
FNDA:0,(anonymous_21)
FNDA:0,(anonymous_22)
FNDA:0,(anonymous_23)
FNDA:0,(anonymous_24)
FNDA:0,(anonymous_25)
FNDA:0,(anonymous_26)
FNDA:0,(anonymous_27)
FNDA:0,(anonymous_28)
FNDA:0,(anonymous_29)
FNDA:0,(anonymous_30)
FNDA:0,(anonymous_31)
FNDA:0,(anonymous_32)
FNDA:0,(anonymous_33)
FNDA:0,(anonymous_34)
FNDA:0,(anonymous_35)
FNDA:0,(anonymous_36)
FNDA:0,(anonymous_37)
FNDA:0,(anonymous_38)
FNDA:0,(anonymous_39)
FNDA:0,(anonymous_40)
FNDA:0,(anonymous_41)
FNDA:0,(anonymous_42)
FNDA:0,(anonymous_43)
FNDA:0,(anonymous_44)
FNDA:0,(anonymous_45)
FNDA:0,(anonymous_46)
FNDA:0,(anonymous_47)
FNDA:0,(anonymous_48)
FNDA:0,(anonymous_49)
FNDA:0,(anonymous_50)
DA:19,0
DA:20,0
DA:21,0
DA:22,0
DA:24,0
DA:52,0
DA:53,0
DA:54,0
DA:55,0
DA:56,0
DA:57,0
DA:58,0
DA:60,0
DA:64,0
DA:66,0
DA:73,0
DA:77,0
DA:78,0
DA:79,0
DA:80,0
DA:83,0
DA:85,0
DA:86,0
DA:87,0
DA:88,0
DA:89,0
DA:92,0
DA:93,0
DA:94,0
DA:95,0
DA:96,0
DA:97,0
DA:98,0
DA:99,0
DA:100,0
DA:101,0
DA:104,0
DA:105,0
DA:106,0
DA:107,0
DA:108,0
DA:109,0
DA:110,0
DA:111,0
DA:112,0
DA:114,0
DA:115,0
DA:116,0
DA:119,0
DA:120,0
DA:121,0
DA:125,0
DA:126,0
DA:127,0
DA:128,0
DA:129,0
DA:130,0
DA:131,0
DA:133,0
DA:136,0
DA:137,0
DA:142,0
DA:143,0
DA:144,0
DA:146,0
DA:147,0
DA:148,0
DA:149,0
DA:150,0
DA:153,0
DA:157,0
DA:159,0
DA:161,0
DA:162,0
DA:163,0
DA:168,0
DA:169,0
DA:170,0
DA:171,0
DA:172,0
DA:176,0
DA:177,0
DA:178,0
DA:179,0
DA:184,0
DA:185,0
DA:190,0
DA:191,0
DA:192,0
DA:193,0
DA:194,0
DA:195,0
DA:205,0
DA:206,0
DA:207,0
DA:208,0
DA:222,0
DA:223,0
DA:224,0
DA:225,0
DA:227,0
DA:228,0
DA:230,0
DA:233,0
DA:234,0
DA:239,0
DA:240,0
DA:241,0
DA:242,0
DA:243,0
DA:244,0
DA:245,0
DA:253,0
DA:254,0
DA:255,0
DA:269,0
DA:270,0
DA:271,0
DA:272,0
DA:273,0
DA:275,0
DA:277,0
DA:282,0
DA:283,0
DA:284,0
DA:285,0
DA:286,0
DA:290,0
DA:291,0
DA:292,0
DA:293,0
DA:294,0
DA:295,0
DA:297,0
DA:298,0
DA:299,0
DA:301,0
DA:302,0
DA:307,0
DA:308,0
DA:309,0
DA:313,0
DA:314,0
DA:315,0
DA:316,0
DA:318,0
DA:319,0
DA:320,0
DA:322,0
DA:323,0
DA:324,0
DA:326,0
DA:327,0
DA:328,0
DA:329,0
DA:331,0
DA:339,0
DA:341,0
DA:343,0
DA:355,0
DA:356,0
DA:359,0
DA:362,0
DA:363,0
DA:364,0
DA:365,0
DA:366,0
DA:367,0
DA:369,0
DA:370,0
DA:372,0
DA:373,0
DA:377,0
DA:378,0
DA:386,0
DA:387,0
DA:401,0
DA:402,0
DA:403,0
DA:404,0
DA:405,0
DA:407,0
DA:409,0
DA:410,0
DA:420,0
DA:421,0
DA:422,0
DA:423,0
DA:424,0
DA:425,0
DA:426,0
DA:428,0
DA:429,0
DA:433,0
DA:434,0
DA:453,0
DA:468,0
DA:475,0
DA:509,0
DA:547,0
DA:577,0
DA:590,0
DA:604,0
DA:645,0
DA:670,0
DA:682,0
LF:206
LH:0
BRDA:24,0,0,0
BRDA:24,0,1,0
BRDA:54,1,0,0
BRDA:54,1,1,0
BRDA:77,2,0,0
BRDA:77,2,1,0
BRDA:79,3,0,0
BRDA:79,3,1,0
BRDA:79,4,0,0
BRDA:79,4,1,0
BRDA:88,5,0,0
BRDA:88,5,1,0
BRDA:88,5,2,0
BRDA:127,6,0,0
BRDA:127,6,1,0
BRDA:131,7,0,0
BRDA:131,7,1,0
BRDA:133,8,0,0
BRDA:133,8,1,0
BRDA:144,9,0,0
BRDA:144,9,1,0
BRDA:149,10,0,0
BRDA:149,10,1,0
BRDA:149,11,0,0
BRDA:149,11,1,0
BRDA:150,12,0,0
BRDA:150,12,1,0
BRDA:176,13,0,0
BRDA:176,13,1,0
BRDA:176,14,0,0
BRDA:176,14,1,0
BRDA:176,14,2,0
BRDA:205,15,0,0
BRDA:205,15,1,0
BRDA:206,16,0,0
BRDA:206,16,1,0
BRDA:207,17,0,0
BRDA:207,17,1,0
BRDA:225,18,0,0
BRDA:225,18,1,0
BRDA:228,19,0,0
BRDA:228,19,1,0
BRDA:230,20,0,0
BRDA:230,20,1,0
BRDA:240,21,0,0
BRDA:240,21,1,0
BRDA:240,22,0,0
BRDA:240,22,1,0
BRDA:253,23,0,0
BRDA:253,23,1,0
BRDA:254,24,0,0
BRDA:254,24,1,0
BRDA:283,25,0,0
BRDA:283,25,1,0
BRDA:291,26,0,0
BRDA:291,26,1,0
BRDA:291,27,0,0
BRDA:291,27,1,0
BRDA:293,28,0,0
BRDA:293,28,1,0
BRDA:297,29,0,0
BRDA:297,29,1,0
BRDA:308,30,0,0
BRDA:308,30,1,0
BRDA:319,31,0,0
BRDA:319,31,1,0
BRDA:320,32,0,0
BRDA:320,32,1,0
BRDA:324,33,0,0
BRDA:324,33,1,0
BRDA:324,34,0,0
BRDA:324,34,1,0
BRDA:339,35,0,0
BRDA:339,35,1,0
BRDA:352,36,0,0
BRDA:352,36,1,0
BRDA:356,37,0,0
BRDA:356,37,1,0
BRDA:367,38,0,0
BRDA:367,38,1,0
BRDA:372,39,0,0
BRDA:372,39,1,0
BRDA:386,40,0,0
BRDA:386,40,1,0
BRDA:407,41,0,0
BRDA:407,41,1,0
BRDA:426,42,0,0
BRDA:426,42,1,0
BRDA:426,43,0,0
BRDA:426,43,1,0
BRDA:426,43,2,0
BRDA:433,44,0,0
BRDA:433,44,1,0
BRDA:435,45,0,0
BRDA:435,45,1,0
BRDA:436,46,0,0
BRDA:436,46,1,0
BRDA:439,47,0,0
BRDA:439,47,1,0
BRDA:446,48,0,0
BRDA:446,48,1,0
BRDA:450,49,0,0
BRDA:450,49,1,0
BRDA:464,50,0,0
BRDA:464,50,1,0
BRDA:479,51,0,0
BRDA:479,51,1,0
BRDA:479,51,2,0
BRDA:479,51,3,0
BRDA:479,51,4,0
BRDA:495,52,0,0
BRDA:495,52,1,0
BRDA:516,53,0,0
BRDA:516,53,1,0
BRDA:516,53,2,0
BRDA:524,54,0,0
BRDA:524,54,1,0
BRDA:537,55,0,0
BRDA:537,55,1,0
BRDA:619,56,0,0
BRDA:619,56,1,0
BRDA:621,57,0,0
BRDA:621,57,1,0
BRDA:621,57,2,0
BRDA:655,58,0,0
BRDA:655,58,1,0
BRDA:657,59,0,0
BRDA:657,59,1,0
BRDA:667,60,0,0
BRDA:667,60,1,0
BRDA:684,61,0,0
BRDA:684,61,1,0
BRDA:688,62,0,0
BRDA:688,62,1,0
BRDA:695,63,0,0
BRDA:695,63,1,0
BRF:136
BRH:0
end_of_record
TN:
SF:src/components/ErrorBoundary.tsx
FN:18,(anonymous_0)
FN:23,(anonymous_1)
FN:27,(anonymous_2)
FN:43,(anonymous_3)
FN:47,(anonymous_4)
FN:74,(anonymous_5)
FN:89,(anonymous_6)
FN:93,(anonymous_7)
FNF:8
FNH:0
FNDA:0,(anonymous_0)
FNDA:0,(anonymous_1)
FNDA:0,(anonymous_2)
FNDA:0,(anonymous_3)
FNDA:0,(anonymous_4)
FNDA:0,(anonymous_5)
FNDA:0,(anonymous_6)
FNDA:0,(anonymous_7)
DA:19,0
DA:20,0
DA:24,0
DA:28,0
DA:31,0
DA:40,0
DA:43,0
DA:44,0
DA:48,0
DA:49,0
DA:50,0
DA:53,0
DA:74,0
DA:85,0
DA:89,0
DA:93,0
DA:94,0
DA:99,0
DA:100,0
LF:19
LH:0
BRDA:35,0,0,0
BRDA:35,0,1,0
BRDA:48,1,0,0
BRDA:48,1,1,0
BRDA:49,2,0,0
BRDA:49,2,1,0
BRDA:60,3,0,0
BRDA:60,3,1,0
BRDA:99,4,0,0
BRDA:99,4,1,0
BRF:10
BRH:0
end_of_record
TN:
SF:src/components/ExplicitCaptcha.tsx
FN:11,ExplicitCaptcha
FN:15,(anonymous_1)
FN:20,(anonymous_2)
FN:31,(anonymous_3)
FN:43,(anonymous_4)
FNF:5
FNH:0
FNDA:0,ExplicitCaptcha
FNDA:0,(anonymous_1)
FNDA:0,(anonymous_2)
FNDA:0,(anonymous_3)
FNDA:0,(anonymous_4)
DA:4,0
DA:12,0
DA:13,0
DA:15,0
DA:16,0
DA:17,0
DA:20,0
DA:21,0
DA:22,0
DA:23,0
DA:24,0
DA:26,0
DA:31,0
DA:33,0
DA:37,0
DA:38,0
DA:40,0
DA:43,0
DA:44,0
DA:45,0
DA:47,0
DA:51,0
LF:22
LH:0
BRDA:17,0,0,0
BRDA:17,0,1,0
BRDA:22,1,0,0
BRDA:22,1,1,0
BRDA:37,2,0,0
BRDA:37,2,1,0
BRDA:45,3,0,0
BRDA:45,3,1,0
BRF:8
BRH:0
end_of_record
TN:
SF:src/components/FhirAiDashboardRouter.tsx
FN:27,(anonymous_0)
FN:42,(anonymous_1)
FN:74,(anonymous_2)
FN:107,(anonymous_3)
FN:153,(anonymous_4)
FN:175,(anonymous_5)
FN:183,(anonymous_6)
FN:213,(anonymous_7)
FN:244,(anonymous_8)
FN:261,(anonymous_9)
FN:262,(anonymous_10)
FN:273,(anonymous_11)
FN:277,(anonymous_12)
FNF:13
FNH:0
FNDA:0,(anonymous_0)
FNDA:0,(anonymous_1)
FNDA:0,(anonymous_2)
FNDA:0,(anonymous_3)
FNDA:0,(anonymous_4)
FNDA:0,(anonymous_5)
FNDA:0,(anonymous_6)
FNDA:0,(anonymous_7)
FNDA:0,(anonymous_8)
FNDA:0,(anonymous_9)
FNDA:0,(anonymous_10)
FNDA:0,(anonymous_11)
FNDA:0,(anonymous_12)
DA:27,0
DA:32,0
DA:33,0
DA:34,0
DA:35,0
DA:36,0
DA:37,0
DA:42,0
DA:43,0
DA:44,0
DA:45,0
DA:48,0
DA:49,0
DA:50,0
DA:53,0
DA:58,0
DA:59,0
DA:63,0
DA:69,0
DA:70,0
DA:74,0
DA:75,0
DA:76,0
DA:77,0
DA:79,0
DA:86,0
DA:89,0
DA:90,0
DA:91,0
DA:92,0
DA:93,0
DA:94,0
DA:96,0
DA:100,0
DA:101,0
DA:103,0
DA:107,0
DA:108,0
DA:112,0
DA:113,0
DA:124,0
DA:125,0
DA:143,0
DA:144,0
DA:153,0
DA:162,0
DA:163,0
DA:175,0
DA:183,0
DA:198,0
DA:199,0
DA:213,0
DA:230,0
DA:244,0
DA:261,0
DA:262,0
DA:263,0
DA:273,0
DA:274,0
DA:277,0
DA:278,0
LF:61
LH:0
BRDA:28,0,0,0
BRDA:28,1,0,0
BRDA:28,1,1,0
BRDA:29,2,0,0
BRDA:29,3,0,0
BRDA:29,3,1,0
BRDA:43,4,0,0
BRDA:43,4,1,0
BRDA:58,5,0,0
BRDA:58,5,1,0
BRDA:69,6,0,0
BRDA:69,6,1,0
BRDA:69,7,0,0
BRDA:69,7,1,0
BRDA:74,8,0,0
BRDA:74,8,1,0
BRDA:75,9,0,0
BRDA:75,9,1,0
BRDA:77,10,0,0
BRDA:77,10,1,0
BRDA:77,10,2,0
BRDA:89,11,0,0
BRDA:89,11,1,0
BRDA:91,12,0,0
BRDA:91,12,1,0
BRDA:91,13,0,0
BRDA:91,13,1,0
BRDA:91,13,2,0
BRDA:93,14,0,0
BRDA:93,14,1,0
BRDA:112,15,0,0
BRDA:112,15,1,0
BRDA:124,16,0,0
BRDA:124,16,1,0
BRDA:143,17,0,0
BRDA:143,17,1,0
BRDA:162,18,0,0
BRDA:162,18,1,0
BRDA:162,19,0,0
BRDA:162,19,1,0
BRDA:162,19,2,0
BRDA:198,20,0,0
BRDA:198,20,1,0
BRDA:198,21,0,0
BRDA:198,21,1,0
BRDA:198,21,2,0
BRDA:206,22,0,0
BRDA:206,22,1,0
BRDA:209,23,0,0
BRDA:209,23,1,0
BRDA:240,24,0,0
BRDA:240,24,1,0
BRF:52
BRH:0
end_of_record
TN:
SF:src/components/HealthHistory.tsx
FN:41,(anonymous_0)
FN:48,(anonymous_1)
FN:54,(anonymous_2)
FN:85,(anonymous_3)
FN:100,(anonymous_4)
FN:163,(anonymous_5)
FN:168,(anonymous_6)
FN:190,(anonymous_7)
FNF:8
FNH:0
FNDA:0,(anonymous_0)
FNDA:0,(anonymous_1)
FNDA:0,(anonymous_2)
FNDA:0,(anonymous_3)
FNDA:0,(anonymous_4)
FNDA:0,(anonymous_5)
FNDA:0,(anonymous_6)
FNDA:0,(anonymous_7)
DA:41,0
DA:42,0
DA:43,0
DA:44,0
DA:45,0
DA:46,0
DA:48,0
DA:49,0
DA:50,0
DA:51,0
DA:54,0
DA:55,0
DA:56,0
DA:57,0
DA:60,0
DA:68,0
DA:76,0
DA:79,0
DA:80,0
DA:84,0
DA:85,0
DA:96,0
DA:100,0
DA:101,0
DA:102,0
DA:103,0
DA:107,0
DA:110,0
DA:111,0
DA:114,0
DA:115,0
DA:117,0
DA:121,0
DA:124,0
DA:125,0
DA:132,0
DA:133,0
DA:144,0
DA:145,0
DA:153,0
DA:154,0
DA:163,0
DA:164,0
DA:165,0
DA:168,0
DA:170,0
DA:171,0
DA:175,0
DA:176,0
DA:177,0
DA:178,0
DA:179,0
DA:182,0
DA:191,0
DA:192,0
DA:193,0
DA:195,0
LF:57
LH:0
BRDA:49,0,0,0
BRDA:49,0,1,0
BRDA:79,1,0,0
BRDA:79,1,1,0
BRDA:79,2,0,0
BRDA:79,2,1,0
BRDA:84,3,0,0
BRDA:84,3,1,0
BRDA:84,4,0,0
BRDA:84,4,1,0
BRDA:94,5,0,0
BRDA:94,5,1,0
BRDA:101,6,0,0
BRDA:101,6,1,0
BRDA:101,7,0,0
BRDA:101,7,1,0
BRDA:102,8,0,0
BRDA:102,8,1,0
BRDA:102,9,0,0
BRDA:102,9,1,0
BRDA:110,10,0,0
BRDA:110,10,1,0
BRDA:110,11,0,0
BRDA:110,11,1,0
BRDA:124,12,0,0
BRDA:124,12,1,0
BRDA:132,13,0,0
BRDA:132,13,1,0
BRDA:144,14,0,0
BRDA:144,14,1,0
BRDA:153,15,0,0
BRDA:153,15,1,0
BRDA:170,16,0,0
BRDA:170,16,1,0
BRDA:170,17,0,0
BRDA:170,17,1,0
BRDA:176,18,0,0
BRDA:176,18,1,0
BRDA:177,19,0,0
BRDA:177,19,1,0
BRDA:177,20,0,0
BRDA:177,20,1,0
BRDA:178,21,0,0
BRDA:178,21,1,0
BRDA:178,22,0,0
BRDA:178,22,1,0
BRDA:202,23,0,0
BRDA:202,23,1,0
BRDA:202,23,2,0
BRDA:203,24,0,0
BRDA:203,24,1,0
BRDA:204,25,0,0
BRDA:204,25,1,0
BRDA:211,26,0,0
BRDA:211,26,1,0
BRDA:215,27,0,0
BRDA:215,27,1,0
BRDA:223,28,0,0
BRDA:223,28,1,0
BRDA:223,29,0,0
BRDA:223,29,1,0
BRDA:229,30,0,0
BRDA:229,30,1,0
BRDA:235,31,0,0
BRDA:235,31,1,0
BRDA:235,31,2,0
BRDA:241,32,0,0
BRDA:241,32,1,0
BRDA:247,33,0,0
BRDA:247,33,1,0
BRDA:247,33,2,0
BRDA:253,34,0,0
BRDA:253,34,1,0
BRDA:253,34,2,0
BRF:74
BRH:0
end_of_record
TN:
SF:src/components/HealthInsightsWidget.tsx
FN:20,(anonymous_0)
FN:25,(anonymous_1)
FN:27,(anonymous_2)
FN:35,(anonymous_3)
FN:39,(anonymous_4)
FN:69,(anonymous_5)
FN:138,(anonymous_6)
FNF:7
FNH:0
FNDA:0,(anonymous_0)
FNDA:0,(anonymous_1)
FNDA:0,(anonymous_2)
FNDA:0,(anonymous_3)
FNDA:0,(anonymous_4)
FNDA:0,(anonymous_5)
FNDA:0,(anonymous_6)
DA:20,0
DA:21,0
DA:22,0
DA:23,0
DA:25,0
DA:26,0
DA:27,0
DA:28,0
DA:29,0
DA:35,0
DA:36,0
DA:39,0
DA:40,0
DA:41,0
DA:43,0
DA:44,0
DA:45,0
DA:48,0
DA:49,0
DA:52,0
DA:57,0
DA:60,0
DA:62,0
DA:63,0
DA:65,0
DA:69,0
DA:70,0
DA:72,0
DA:73,0
DA:74,0
DA:75,0
DA:76,0
DA:78,0
DA:82,0
DA:83,0
DA:84,0
DA:85,0
DA:86,0
DA:90,0
DA:91,0
DA:92,0
DA:94,0
DA:98,0
DA:103,0
DA:104,0
DA:107,0
DA:139,0
LF:47
LH:0
BRDA:26,0,0,0
BRDA:26,0,1,0
BRDA:36,1,0,0
BRDA:36,1,1,0
BRDA:36,1,2,0
BRDA:36,1,3,0
BRDA:36,1,4,0
BRDA:36,1,5,0
BRDA:44,2,0,0
BRDA:44,2,1,0
BRDA:44,3,0,0
BRDA:44,3,1,0
BRDA:72,4,0,0
BRDA:72,4,1,0
BRDA:73,5,0,0
BRDA:73,5,1,0
BRDA:75,6,0,0
BRDA:75,6,1,0
BRDA:82,7,0,0
BRDA:82,7,1,0
BRDA:82,8,0,0
BRDA:82,8,1,0
BRDA:83,9,0,0
BRDA:83,9,1,0
BRDA:83,10,0,0
BRDA:83,10,1,0
BRDA:85,11,0,0
BRDA:85,11,1,0
BRDA:85,12,0,0
BRDA:85,12,1,0
BRDA:90,13,0,0
BRDA:90,13,1,0
BRDA:91,14,0,0
BRDA:91,14,1,0
BRDA:91,15,0,0
BRDA:91,15,1,0
BRDA:98,16,0,0
BRDA:98,16,1,0
BRDA:103,17,0,0
BRDA:103,17,1,0
BRDA:113,18,0,0
BRDA:113,18,1,0
BRDA:123,19,0,0
BRDA:123,19,1,0
BRDA:134,20,0,0
BRDA:134,20,1,0
BRF:46
BRH:0
end_of_record
TN:
SF:src/components/LanguageSelector.tsx
FN:11,(anonymous_0)
FN:17,(anonymous_1)
FN:33,(anonymous_2)
FN:46,(anonymous_3)
FNF:4
FNH:0
FNDA:0,(anonymous_0)
FNDA:0,(anonymous_1)
FNDA:0,(anonymous_2)
FNDA:0,(anonymous_3)
DA:11,0
DA:15,0
DA:17,0
DA:18,0
DA:20,0
DA:23,0
DA:33,0
DA:46,0
LF:8
LH:0
BRDA:12,0,0,0
BRDA:13,1,0,0
BRDA:20,2,0,0
BRDA:20,2,1,0
BRDA:25,3,0,0
BRDA:25,3,1,0
BRDA:27,4,0,0
BRDA:27,4,1,0
BRDA:35,5,0,0
BRDA:35,5,1,0
BRDA:48,6,0,0
BRDA:48,6,1,0
BRF:12
BRH:0
end_of_record
TN:
SF:src/components/NotFoundPage.tsx
FN:8,(anonymous_0)
FNF:1
FNH:0
FNDA:0,(anonymous_0)
DA:8,0
DA:9,0
DA:10,0
DA:13,0
DA:18,0
DA:19,0
DA:21,0
LF:7
LH:0
BRDA:13,0,0,0
BRDA:13,0,1,0
BRDA:13,0,2,0
BRDA:18,1,0,0
BRDA:18,1,1,0
BRDA:18,2,0,0
BRDA:18,2,1,0
BRDA:19,3,0,0
BRDA:19,3,1,0
BRDA:19,4,0,0
BRDA:19,4,1,0
BRDA:29,5,0,0
BRDA:29,5,1,0
BRDA:29,5,2,0
BRF:14
BRH:0
end_of_record
TN:
SF:src/components/OfflineIndicator.tsx
FN:8,(anonymous_0)
FN:16,(anonymous_1)
FN:17,(anonymous_2)
FN:27,(anonymous_3)
FN:35,(anonymous_4)
FN:36,(anonymous_5)
FN:52,(anonymous_6)
FN:56,(anonymous_7)
FN:59,(anonymous_8)
FN:63,(anonymous_9)
FN:67,(anonymous_10)
FN:81,(anonymous_11)
FN:100,(anonymous_12)
FN:189,(anonymous_13)
FNF:14
FNH:0
FNDA:0,(anonymous_0)
FNDA:0,(anonymous_1)
FNDA:0,(anonymous_2)
FNDA:0,(anonymous_3)
FNDA:0,(anonymous_4)
FNDA:0,(anonymous_5)
FNDA:0,(anonymous_6)
FNDA:0,(anonymous_7)
FNDA:0,(anonymous_8)
FNDA:0,(anonymous_9)
FNDA:0,(anonymous_10)
FNDA:0,(anonymous_11)
FNDA:0,(anonymous_12)
FNDA:0,(anonymous_13)
DA:8,0
DA:9,0
DA:10,0
DA:11,0
DA:12,0
DA:13,0
DA:16,0
DA:17,0
DA:18,0
DA:21,0
DA:22,0
DA:25,0
DA:27,0
DA:28,0
DA:29,0
DA:30,0
DA:35,0
DA:36,0
DA:37,0
DA:38,0
DA:39,0
DA:40,0
DA:42,0
DA:47,0
DA:50,0
DA:52,0
DA:56,0
DA:57,0
DA:59,0
DA:60,0
DA:63,0
DA:67,0
DA:68,0
DA:70,0
DA:72,0
DA:74,0
DA:78,0
DA:81,0
DA:82,0
DA:83,0
DA:84,0
DA:87,0
DA:88,0
DA:93,0
DA:94,0
DA:97,0
DA:100,0
DA:189,0
LF:48
LH:0
BRDA:37,0,0,0
BRDA:37,0,1,0
BRDA:57,1,0,0
BRDA:57,1,1,0
BRDA:57,2,0,0
BRDA:57,2,1,0
BRDA:57,2,2,0
BRDA:68,3,0,0
BRDA:68,3,1,0
BRDA:68,4,0,0
BRDA:68,4,1,0
BRDA:93,5,0,0
BRDA:93,5,1,0
BRDA:93,6,0,0
BRDA:93,6,1,0
BRDA:102,7,0,0
BRDA:102,7,1,0
BRDA:107,8,0,0
BRDA:107,8,1,0
BRDA:109,9,0,0
BRDA:109,9,1,0
BRDA:116,10,0,0
BRDA:116,10,1,0
BRDA:116,11,0,0
BRDA:116,11,1,0
BRDA:119,12,0,0
BRDA:119,12,1,0
BRDA:126,13,0,0
BRDA:126,13,1,0
BRDA:129,14,0,0
BRDA:129,14,1,0
BRDA:135,15,0,0
BRDA:135,15,1,0
BRDA:139,16,0,0
BRDA:139,16,1,0
BRDA:142,17,0,0
BRDA:142,17,1,0
BRDA:145,18,0,0
BRDA:145,18,1,0
BRDA:152,19,0,0
BRDA:152,19,1,0
BRDA:175,20,0,0
BRDA:175,20,1,0
BRDA:178,21,0,0
BRDA:178,21,1,0
BRF:45
BRH:0
end_of_record
TN:
SF:src/components/PasskeySetup.tsx
FN:25,(anonymous_0)
FN:41,(anonymous_1)
FN:42,(anonymous_2)
FN:57,(anonymous_3)
FN:67,(anonymous_4)
FN:97,(anonymous_5)
FN:113,(anonymous_6)
FN:175,(anonymous_7)
FN:196,(anonymous_8)
FN:216,(anonymous_9)
FNF:10
FNH:0
FNDA:0,(anonymous_0)
FNDA:0,(anonymous_1)
FNDA:0,(anonymous_2)
FNDA:0,(anonymous_3)
FNDA:0,(anonymous_4)
FNDA:0,(anonymous_5)
FNDA:0,(anonymous_6)
FNDA:0,(anonymous_7)
FNDA:0,(anonymous_8)
FNDA:0,(anonymous_9)
DA:25,0
DA:32,0
DA:33,0
DA:34,0
DA:35,0
DA:36,0
DA:37,0
DA:38,0
DA:41,0
DA:42,0
DA:43,0
DA:44,0
DA:46,0
DA:47,0
DA:48,0
DA:52,0
DA:53,0
DA:57,0
DA:58,0
DA:59,0
DA:60,0
DA:62,0
DA:67,0
DA:68,0
DA:69,0
DA:70,0
DA:72,0
DA:73,0
DA:81,0
DA:82,0
DA:83,0
DA:85,0
DA:86,0
DA:89,0
DA:90,0
DA:92,0
DA:97,0
DA:98,0
DA:99,0
DA:102,0
DA:103,0
DA:104,0
DA:105,0
DA:107,0
DA:108,0
DA:113,0
DA:114,0
DA:115,0
DA:116,0
DA:117,0
DA:118,0
DA:119,0
DA:120,0
DA:122,0
DA:125,0
DA:126,0
DA:141,0
DA:176,0
DA:196,0
DA:216,0
LF:60
LH:0
BRDA:30,0,0,0
BRDA:46,1,0,0
BRDA:46,1,1,0
BRDA:77,2,0,0
BRDA:77,2,1,0
BRDA:85,3,0,0
BRDA:85,3,1,0
BRDA:90,4,0,0
BRDA:90,4,1,0
BRDA:98,5,0,0
BRDA:98,5,1,0
BRDA:108,6,0,0
BRDA:108,6,1,0
BRDA:114,7,0,0
BRDA:114,7,1,0
BRDA:116,8,0,0
BRDA:116,8,1,0
BRDA:116,9,0,0
BRDA:116,9,1,0
BRDA:117,10,0,0
BRDA:117,10,1,0
BRDA:118,11,0,0
BRDA:118,11,1,0
BRDA:119,12,0,0
BRDA:119,12,1,0
BRDA:125,13,0,0
BRDA:125,13,1,0
BRDA:150,14,0,0
BRDA:150,14,1,0
BRDA:158,15,0,0
BRDA:158,15,1,0
BRDA:164,16,0,0
BRDA:164,16,1,0
BRDA:171,17,0,0
BRDA:171,17,1,0
BRDA:186,18,0,0
BRDA:186,18,1,0
BRDA:189,19,0,0
BRDA:189,19,1,0
BRDA:218,20,0,0
BRDA:218,20,1,0
BRDA:231,21,0,0
BRDA:231,21,1,0
BRDA:248,22,0,0
BRDA:248,22,1,0
BRF:45
BRH:0
end_of_record
TN:
SF:src/components/PulseOximeter.tsx
FN:10,(anonymous_0)
FN:30,(anonymous_1)
FN:31,(anonymous_2)
FN:36,(anonymous_3)
FN:38,(anonymous_4)
FN:49,(anonymous_5)
FN:72,(anonymous_6)
FN:141,(anonymous_7)
FN:142,(anonymous_8)
FN:175,(anonymous_9)
FN:182,(anonymous_10)
FN:234,(anonymous_11)
FN:246,(anonymous_12)
FN:247,(anonymous_13)
FN:280,(anonymous_14)
FN:285,(anonymous_15)
FN:287,(anonymous_16)
FN:288,(anonymous_17)
FN:291,(anonymous_18)
FN:321,(anonymous_19)
FN:326,(anonymous_20)
FN:329,(anonymous_21)
FN:331,(anonymous_22)
FN:455,(anonymous_23)
FNF:24
FNH:0
FNDA:0,(anonymous_0)
FNDA:0,(anonymous_1)
FNDA:0,(anonymous_2)
FNDA:0,(anonymous_3)
FNDA:0,(anonymous_4)
FNDA:0,(anonymous_5)
FNDA:0,(anonymous_6)
FNDA:0,(anonymous_7)
FNDA:0,(anonymous_8)
FNDA:0,(anonymous_9)
FNDA:0,(anonymous_10)
FNDA:0,(anonymous_11)
FNDA:0,(anonymous_12)
FNDA:0,(anonymous_13)
FNDA:0,(anonymous_14)
FNDA:0,(anonymous_15)
FNDA:0,(anonymous_16)
FNDA:0,(anonymous_17)
FNDA:0,(anonymous_18)
FNDA:0,(anonymous_19)
FNDA:0,(anonymous_20)
FNDA:0,(anonymous_21)
FNDA:0,(anonymous_22)
FNDA:0,(anonymous_23)
DA:10,0
DA:11,0
DA:12,0
DA:13,0
DA:14,0
DA:15,0
DA:16,0
DA:17,0
DA:18,0
DA:20,0
DA:21,0
DA:22,0
DA:23,0
DA:24,0
DA:25,0
DA:27,0
DA:30,0
DA:31,0
DA:32,0
DA:36,0
DA:37,0
DA:38,0
DA:39,0
DA:41,0
DA:42,0
DA:43,0
DA:45,0
DA:46,0
DA:49,0
DA:50,0
DA:52,0
DA:53,0
DA:54,0
DA:55,0
DA:56,0
DA:59,0
DA:60,0
DA:63,0
DA:64,0
DA:66,0
DA:67,0
DA:68,0
DA:72,0
DA:73,0
DA:74,0
DA:77,0
DA:78,0
DA:79,0
DA:87,0
DA:88,0
DA:89,0
DA:94,0
DA:95,0
DA:98,0
DA:99,0
DA:102,0
DA:103,0
DA:107,0
DA:108,0
DA:111,0
DA:113,0
DA:114,0
DA:115,0
DA:119,0
DA:120,0
DA:121,0
DA:122,0
DA:123,0
DA:126,0
DA:127,0
DA:129,0
DA:130,0
DA:131,0
DA:134,0
DA:135,0
DA:140,0
DA:141,0
DA:142,0
DA:143,0
DA:144,0
DA:145,0
DA:146,0
DA:147,0
DA:149,0
DA:153,0
DA:154,0
DA:156,0
DA:157,0
DA:160,0
DA:161,0
DA:162,0
DA:163,0
DA:164,0
DA:165,0
DA:167,0
DA:170,0
DA:171,0
DA:175,0
DA:176,0
DA:177,0
DA:178,0
DA:179,0
DA:182,0
DA:183,0
DA:185,0
DA:186,0
DA:187,0
DA:189,0
DA:190,0
DA:191,0
DA:195,0
DA:196,0
DA:197,0
DA:200,0
DA:201,0
DA:202,0
DA:204,0
DA:212,0
DA:213,0
DA:214,0
DA:216,0
DA:218,0
DA:221,0
DA:222,0
DA:223,0
DA:226,0
DA:227,0
DA:228,0
DA:231,0
DA:234,0
DA:235,0
DA:237,0
DA:240,0
DA:241,0
DA:242,0
DA:246,0
DA:247,0
DA:248,0
DA:249,0
DA:252,0
DA:253,0
DA:254,0
DA:258,0
DA:259,0
DA:260,0
DA:261,0
DA:262,0
DA:266,0
DA:267,0
DA:270,0
DA:271,0
DA:272,0
DA:275,0
DA:276,0
DA:277,0
DA:280,0
DA:281,0
DA:285,0
DA:287,0
DA:288,0
DA:291,0
DA:292,0
DA:293,0
DA:296,0
DA:297,0
DA:299,0
DA:300,0
DA:301,0
DA:303,0
DA:305,0
DA:306,0
DA:312,0
DA:313,0
DA:316,0
DA:318,0
DA:321,0
DA:326,0
DA:329,0
DA:330,0
DA:331,0
DA:335,0
DA:338,0
DA:340,0
DA:341,0
DA:346,0
DA:352,0
DA:355,0
DA:359,0
DA:362,0
DA:364,0
DA:367,0
DA:371,0
DA:455,0
LF:193
LH:0
BRDA:37,0,0,0
BRDA:37,0,1,0
BRDA:41,1,0,0
BRDA:41,1,1,0
BRDA:50,2,0,0
BRDA:50,2,1,0
BRDA:53,3,0,0
BRDA:53,3,1,0
BRDA:53,4,0,0
BRDA:53,4,1,0
BRDA:63,5,0,0
BRDA:63,5,1,0
BRDA:107,6,0,0
BRDA:107,6,1,0
BRDA:113,7,0,0
BRDA:113,7,1,0
BRDA:119,8,0,0
BRDA:119,8,1,0
BRDA:121,9,0,0
BRDA:121,9,1,0
BRDA:143,10,0,0
BRDA:143,10,1,0
BRDA:143,11,0,0
BRDA:143,11,1,0
BRDA:157,12,0,0
BRDA:157,12,1,0
BRDA:160,13,0,0
BRDA:160,13,1,0
BRDA:160,14,0,0
BRDA:160,14,1,0
BRDA:162,15,0,0
BRDA:162,15,1,0
BRDA:162,16,0,0
BRDA:162,16,1,0
BRDA:164,17,0,0
BRDA:164,17,1,0
BRDA:164,18,0,0
BRDA:164,18,1,0
BRDA:183,19,0,0
BRDA:183,19,1,0
BRDA:183,20,0,0
BRDA:183,20,1,0
BRDA:183,20,2,0
BRDA:189,21,0,0
BRDA:189,21,1,0
BRDA:189,22,0,0
BRDA:189,22,1,0
BRDA:221,23,0,0
BRDA:221,23,1,0
BRDA:226,24,0,0
BRDA:226,24,1,0
BRDA:240,25,0,0
BRDA:240,25,1,0
BRDA:252,26,0,0
BRDA:252,26,1,0
BRDA:260,27,0,0
BRDA:260,27,1,0
BRDA:260,28,0,0
BRDA:260,28,1,0
BRDA:270,29,0,0
BRDA:270,29,1,0
BRDA:270,30,0,0
BRDA:270,30,1,0
BRDA:300,31,0,0
BRDA:300,31,1,0
BRDA:303,32,0,0
BRDA:303,32,1,0
BRDA:303,33,0,0
BRDA:303,33,1,0
BRDA:305,34,0,0
BRDA:305,34,1,0
BRDA:305,35,0,0
BRDA:305,35,1,0
BRDA:338,36,0,0
BRDA:338,36,1,0
BRDA:362,37,0,0
BRDA:362,37,1,0
BRDA:387,38,0,0
BRDA:387,38,1,0
BRDA:387,38,2,0
BRDA:427,39,0,0
BRDA:427,39,1,0
BRDA:431,40,0,0
BRDA:431,40,1,0
BRDA:432,41,0,0
BRDA:432,41,1,0
BRDA:433,42,0,0
BRDA:433,42,1,0
BRDA:437,43,0,0
BRDA:437,43,1,0
BRDA:444,44,0,0
BRDA:444,44,1,0
BRDA:445,45,0,0
BRDA:445,45,1,0
BRDA:446,46,0,0
BRDA:446,46,1,0
BRDA:453,47,0,0
BRDA:453,47,1,0
BRDA:457,48,0,0
BRDA:457,48,1,0
BRDA:461,49,0,0
BRDA:461,49,1,0
BRDA:463,50,0,0
BRDA:463,50,1,0
BRDA:469,51,0,0
BRDA:469,51,1,0
BRDA:476,52,0,0
BRDA:476,52,1,0
BRDA:476,52,2,0
BRDA:483,53,0,0
BRDA:483,53,1,0
BRDA:514,54,0,0
BRDA:514,54,1,0
BRDA:514,54,2,0
BRF:114
BRH:0
end_of_record
TN:
SF:src/components/SendSmsButton.jsx
FN:5,SendSmsButton
FN:11,sendSMS
FN:31,(anonymous_2)
FN:37,(anonymous_3)
FN:39,(anonymous_4)
FNF:5
FNH:0
FNDA:0,SendSmsButton
FNDA:0,sendSMS
FNDA:0,(anonymous_2)
FNDA:0,(anonymous_3)
FNDA:0,(anonymous_4)
DA:6,0
DA:7,0
DA:8,0
DA:12,0
DA:17,0
DA:18,0
DA:19,0
DA:21,0
DA:25,0
DA:31,0
DA:37,0
DA:39,0
LF:12
LH:0
BRDA:18,0,0,0
BRDA:18,0,1,0
BRDA:21,1,0,0
BRDA:21,1,1,0
BRF:4
BRH:0
end_of_record
TN:
SF:src/components/SendTestEmail.tsx
FN:3,(anonymous_0)
FN:6,sendTestEmail
FNF:2
FNH:0
FNDA:0,(anonymous_0)
FNDA:0,sendTestEmail
DA:3,0
DA:4,0
DA:7,0
DA:8,0
DA:18,0
DA:19,0
DA:22,0
LF:7
LH:0
BRDA:19,0,0,0
BRDA:19,0,1,0
BRDA:19,1,0,0
BRDA:19,1,1,0
BRF:4
BRH:0
end_of_record
TN:
SF:src/components/StepList.tsx
FN:8,(anonymous_0)
FN:11,(anonymous_1)
FNF:2
FNH:0
FNDA:0,(anonymous_0)
FNDA:0,(anonymous_1)
DA:8,0
DA:9,0
DA:12,0
LF:3
LH:0
BRF:0
BRH:0
end_of_record
TN:
SF:src/components/TriviaGame.tsx
FN:8,(anonymous_0)
FN:17,(anonymous_1)
FN:41,(anonymous_2)
FN:51,(anonymous_3)
FN:52,(anonymous_4)
FN:53,(anonymous_5)
FN:66,(anonymous_6)
FN:67,(anonymous_7)
FN:68,(anonymous_8)
FN:88,(anonymous_9)
FN:109,(anonymous_10)
FN:114,(anonymous_11)
FN:130,(anonymous_12)
FN:136,(anonymous_13)
FN:155,(anonymous_14)
FN:198,(anonymous_15)
FN:210,(anonymous_16)
FN:223,(anonymous_17)
FN:229,(anonymous_18)
FN:305,(anonymous_19)
FN:326,(anonymous_20)
FN:346,(anonymous_21)
FN:378,(anonymous_22)
FNF:23
FNH:0
FNDA:0,(anonymous_0)
FNDA:0,(anonymous_1)
FNDA:0,(anonymous_2)
FNDA:0,(anonymous_3)
FNDA:0,(anonymous_4)
FNDA:0,(anonymous_5)
FNDA:0,(anonymous_6)
FNDA:0,(anonymous_7)
FNDA:0,(anonymous_8)
FNDA:0,(anonymous_9)
FNDA:0,(anonymous_10)
FNDA:0,(anonymous_11)
FNDA:0,(anonymous_12)
FNDA:0,(anonymous_13)
FNDA:0,(anonymous_14)
FNDA:0,(anonymous_15)
FNDA:0,(anonymous_16)
FNDA:0,(anonymous_17)
FNDA:0,(anonymous_18)
FNDA:0,(anonymous_19)
FNDA:0,(anonymous_20)
FNDA:0,(anonymous_21)
FNDA:0,(anonymous_22)
DA:8,0
DA:9,0
DA:10,0
DA:11,0
DA:12,0
DA:14,0
DA:17,0
DA:18,0
DA:19,0
DA:20,0
DA:21,0
DA:22,0
DA:23,0
DA:24,0
DA:25,0
DA:26,0
DA:27,0
DA:28,0
DA:29,0
DA:30,0
DA:32,0
DA:33,0
DA:34,0
DA:41,0
DA:42,0
DA:43,0
DA:45,0
DA:46,0
DA:47,0
DA:48,0
DA:49,0
DA:51,0
DA:52,0
DA:53,0
DA:55,0
DA:56,0
DA:61,0
DA:65,0
DA:66,0
DA:67,0
DA:68,0
DA:70,0
DA:71,0
DA:72,0
DA:75,0
DA:76,0
DA:77,0
DA:79,0
DA:85,0
DA:87,0
DA:88,0
DA:89,0
DA:93,0
DA:94,0
DA:95,0
DA:96,0
DA:97,0
DA:98,0
DA:99,0
DA:100,0
DA:101,0
DA:102,0
DA:104,0
DA:105,0
DA:109,0
DA:110,0
DA:111,0
DA:114,0
DA:115,0
DA:116,0
DA:117,0
DA:118,0
DA:119,0
DA:120,0
DA:122,0
DA:123,0
DA:126,0
DA:130,0
DA:131,0
DA:132,0
DA:136,0
DA:137,0
DA:138,0
DA:142,0
DA:145,0
DA:146,0
DA:147,0
DA:148,0
DA:149,0
DA:151,0
DA:155,0
DA:156,0
DA:157,0
DA:158,0
DA:159,0
DA:160,0
DA:163,0
DA:164,0
DA:165,0
DA:168,0
DA:169,0
DA:170,0
DA:171,0
DA:173,0
DA:174,0
DA:177,0
DA:178,0
DA:181,0
DA:188,0
DA:190,0
DA:194,0
DA:195,0
DA:197,0
DA:198,0
DA:199,0
DA:202,0
DA:210,0
DA:213,0
DA:215,0
DA:219,0
DA:223,0
DA:224,0
DA:225,0
DA:226,0
DA:229,0
DA:230,0
DA:231,0
DA:232,0
DA:233,0
DA:235,0
DA:238,0
DA:239,0
DA:252,0
DA:253,0
DA:254,0
DA:255,0
DA:256,0
DA:257,0
DA:260,0
DA:292,0
DA:293,0
DA:295,0
DA:298,0
DA:305,0
DA:327,0
DA:328,0
DA:329,0
DA:331,0
DA:332,0
DA:333,0
DA:334,0
DA:335,0
DA:337,0
DA:339,0
DA:340,0
DA:343,0
DA:346,0
DA:379,0
DA:380,0
DA:381,0
DA:382,0
DA:383,0
LF:162
LH:0
BRDA:47,0,0,0
BRDA:47,0,1,0
BRDA:49,1,0,0
BRDA:49,1,1,0
BRDA:49,2,0,0
BRDA:49,2,1,0
BRDA:55,3,0,0
BRDA:55,3,1,0
BRDA:65,4,0,0
BRDA:65,4,1,0
BRDA:87,5,0,0
BRDA:87,5,1,0
BRDA:93,6,0,0
BRDA:93,6,1,0
BRDA:117,7,0,0
BRDA:117,7,1,0
BRDA:119,8,0,0
BRDA:119,8,1,0
BRDA:120,9,0,0
BRDA:120,9,1,0
BRDA:131,10,0,0
BRDA:131,10,1,0
BRDA:137,11,0,0
BRDA:137,11,1,0
BRDA:147,12,0,0
BRDA:147,12,1,0
BRDA:159,13,0,0
BRDA:159,13,1,0
BRDA:163,14,0,0
BRDA:163,14,1,0
BRDA:173,15,0,0
BRDA:173,15,1,0
BRDA:177,16,0,0
BRDA:177,16,1,0
BRDA:194,17,0,0
BRDA:194,17,1,0
BRDA:199,18,0,0
BRDA:199,18,1,0
BRDA:232,19,0,0
BRDA:232,19,1,0
BRDA:238,20,0,0
BRDA:238,20,1,0
BRDA:252,21,0,0
BRDA:252,21,1,0
BRDA:254,22,0,0
BRDA:254,22,1,0
BRDA:254,23,0,0
BRDA:254,23,1,0
BRDA:256,24,0,0
BRDA:256,24,1,0
BRDA:256,25,0,0
BRDA:256,25,1,0
BRDA:267,26,0,0
BRDA:267,26,1,0
BRDA:270,27,0,0
BRDA:270,27,1,0
BRDA:277,28,0,0
BRDA:277,28,1,0
BRDA:293,29,0,0
BRDA:293,29,1,0
BRDA:315,30,0,0
BRDA:315,30,1,0
BRDA:331,31,0,0
BRDA:331,31,1,0
BRDA:332,32,0,0
BRDA:332,32,1,0
BRDA:334,33,0,0
BRDA:334,33,1,0
BRDA:334,34,0,0
BRDA:334,34,1,0
BRDA:339,35,0,0
BRDA:339,35,1,0
BRDA:358,36,0,0
BRDA:358,36,1,0
BRDA:358,36,2,0
BRDA:360,37,0,0
BRDA:360,37,1,0
BRDA:366,38,0,0
BRDA:366,38,1,0
BRDA:376,39,0,0
BRDA:376,39,1,0
BRDA:378,40,0,0
BRDA:378,40,1,0
BRDA:387,41,0,0
BRDA:387,41,1,0
BRF:85
BRH:0
end_of_record
TN:
SF:src/components/UploadMeal.tsx
FN:16,(anonymous_0)
FN:35,(anonymous_1)
FN:40,(anonymous_2)
FN:42,(anonymous_3)
FN:48,(anonymous_4)
FN:79,(anonymous_5)
FN:105,(anonymous_6)
FNF:7
FNH:0
FNDA:0,(anonymous_0)
FNDA:0,(anonymous_1)
FNDA:0,(anonymous_2)
FNDA:0,(anonymous_3)
FNDA:0,(anonymous_4)
FNDA:0,(anonymous_5)
FNDA:0,(anonymous_6)
DA:16,0
DA:17,0
DA:19,0
DA:31,0
DA:32,0
DA:33,0
DA:35,0
DA:36,0
DA:38,0
DA:39,0
DA:40,0
DA:42,0
DA:45,0
DA:48,0
DA:49,0
DA:50,0
DA:51,0
DA:52,0
DA:54,0
DA:55,0
DA:56,0
DA:59,0
DA:63,0
DA:65,0
DA:70,0
DA:79,0
DA:82,0
DA:84,0
DA:85,0
DA:87,0
DA:88,0
DA:91,0
DA:92,0
DA:93,0
DA:95,0
DA:99,0
DA:100,0
DA:102,0
DA:105,0
LF:39
LH:0
BRDA:38,0,0,0
BRDA:38,0,1,0
BRDA:38,1,0,0
BRDA:38,1,1,0
BRDA:39,2,0,0
BRDA:39,2,1,0
BRDA:45,3,0,0
BRDA:45,3,1,0
BRDA:54,4,0,0
BRDA:54,4,1,0
BRDA:55,5,0,0
BRDA:55,5,1,0
BRDA:63,6,0,0
BRDA:63,6,1,0
BRDA:82,7,0,0
BRDA:82,7,1,0
BRDA:88,8,0,0
BRDA:88,8,1,0
BRDA:92,9,0,0
BRDA:92,9,1,0
BRDA:120,10,0,0
BRDA:120,10,1,0
BRDA:121,11,0,0
BRDA:121,11,1,0
BRDA:124,12,0,0
BRDA:124,12,1,0
BRDA:125,13,0,0
BRDA:125,13,1,0
BRF:28
BRH:0
end_of_record
TN:
SF:src/components/UserQuestions.tsx
FN:29,UserQuestions
FN:79,(anonymous_1)
FN:83,(anonymous_2)
FN:105,(anonymous_3)
FN:135,(anonymous_4)
FN:161,(anonymous_5)
FN:165,(anonymous_6)
FN:174,(anonymous_7)
FN:213,(anonymous_8)
FN:229,(anonymous_9)
FN:274,(anonymous_10)
FN:317,(anonymous_11)
FN:325,(anonymous_12)
FN:332,(anonymous_13)
FN:344,(anonymous_14)
FNF:15
FNH:0
FNDA:0,UserQuestions
FNDA:0,(anonymous_1)
FNDA:0,(anonymous_2)
FNDA:0,(anonymous_3)
FNDA:0,(anonymous_4)
FNDA:0,(anonymous_5)
FNDA:0,(anonymous_6)
FNDA:0,(anonymous_7)
FNDA:0,(anonymous_8)
FNDA:0,(anonymous_9)
FNDA:0,(anonymous_10)
FNDA:0,(anonymous_11)
FNDA:0,(anonymous_12)
FNDA:0,(anonymous_13)
FNDA:0,(anonymous_14)
DA:36,0
DA:37,0
DA:38,0
DA:39,0
DA:40,0
DA:41,0
DA:42,0
DA:43,0
DA:44,0
DA:47,0
DA:79,0
DA:80,0
DA:83,0
DA:84,0
DA:85,0
DA:87,0
DA:88,0
DA:89,0
DA:90,0
DA:93,0
DA:96,0
DA:97,0
DA:99,0
DA:101,0
DA:105,0
DA:106,0
DA:108,0
DA:109,0
DA:110,0
DA:112,0
DA:113,0
DA:114,0
DA:120,0
DA:123,0
DA:124,0
DA:125,0
DA:126,0
DA:128,0
DA:129,0
DA:131,0
DA:135,0
DA:136,0
DA:138,0
DA:139,0
DA:141,0
DA:142,0
DA:143,0
DA:146,0
DA:149,0
DA:150,0
DA:151,0
DA:152,0
DA:154,0
DA:155,0
DA:157,0
DA:161,0
DA:162,0
DA:165,0
DA:166,0
DA:167,0
DA:168,0
DA:169,0
DA:170,0
DA:174,0
DA:175,0
DA:176,0
DA:177,0
DA:178,0
DA:179,0
DA:183,0
DA:213,0
DA:229,0
DA:275,0
DA:317,0
DA:325,0
DA:333,0
DA:334,0
DA:344,0
LF:78
LH:0
BRDA:30,0,0,0
BRDA:88,1,0,0
BRDA:88,1,1,0
BRDA:97,2,0,0
BRDA:97,2,1,0
BRDA:106,3,0,0
BRDA:106,3,1,0
BRDA:113,4,0,0
BRDA:113,4,1,0
BRDA:129,5,0,0
BRDA:129,5,1,0
BRDA:136,6,0,0
BRDA:136,6,1,0
BRDA:142,7,0,0
BRDA:142,7,1,0
BRDA:155,8,0,0
BRDA:155,8,1,0
BRDA:166,9,0,0
BRDA:166,9,1,0
BRDA:166,9,2,0
BRDA:166,9,3,0
BRDA:175,10,0,0
BRDA:175,10,1,0
BRDA:175,10,2,0
BRDA:175,10,3,0
BRDA:186,11,0,0
BRDA:186,11,1,0
BRDA:190,12,0,0
BRDA:190,12,1,0
BRDA:194,13,0,0
BRDA:194,13,1,0
BRDA:200,14,0,0
BRDA:200,14,1,0
BRDA:242,15,0,0
BRDA:242,15,1,0
BRDA:245,16,0,0
BRDA:245,16,1,0
BRDA:255,17,0,0
BRDA:255,17,1,0
BRDA:262,18,0,0
BRDA:262,18,1,0
BRDA:266,19,0,0
BRDA:266,19,1,0
BRDA:268,20,0,0
BRDA:268,20,1,0
BRDA:270,21,0,0
BRDA:270,21,1,0
BRDA:290,22,0,0
BRDA:290,22,1,0
BRDA:290,22,2,0
BRDA:301,23,0,0
BRDA:301,23,1,0
BRDA:311,24,0,0
BRDA:311,24,1,0
BRDA:311,24,2,0
BRDA:313,25,0,0
BRDA:313,25,1,0
BRDA:326,26,0,0
BRDA:326,26,1,0
BRDA:329,27,0,0
BRDA:329,27,1,0
BRF:61
BRH:0
end_of_record
TN:
SF:src/components/WhatsNewSeniorModal.tsx
FN:46,(anonymous_0)
FN:51,(anonymous_1)
FN:61,(anonymous_2)
FN:64,(anonymous_3)
FN:71,(anonymous_4)
FN:73,(anonymous_5)
FN:77,(anonymous_6)
FN:81,(anonymous_7)
FN:147,(anonymous_8)
FNF:9
FNH:0
FNDA:0,(anonymous_0)
FNDA:0,(anonymous_1)
FNDA:0,(anonymous_2)
FNDA:0,(anonymous_3)
FNDA:0,(anonymous_4)
FNDA:0,(anonymous_5)
FNDA:0,(anonymous_6)
FNDA:0,(anonymous_7)
FNDA:0,(anonymous_8)
DA:19,0
DA:46,0
DA:47,0
DA:48,0
DA:49,0
DA:51,0
DA:52,0
DA:53,0
DA:55,0
DA:57,0
DA:61,0
DA:62,0
DA:64,0
DA:65,0
DA:66,0
DA:70,0
DA:71,0
DA:73,0
DA:77,0
DA:78,0
DA:79,0
DA:80,0
DA:81,0
DA:82,0
DA:87,0
DA:89,0
DA:148,0
LF:27
LH:0
BRDA:49,0,0,0
BRDA:49,0,1,0
BRDA:62,1,0,0
BRDA:62,1,1,0
BRDA:65,2,0,0
BRDA:65,2,1,0
BRDA:78,3,0,0
BRDA:78,3,1,0
BRDA:87,4,0,0
BRDA:87,4,1,0
BRDA:152,5,0,0
BRDA:152,5,1,0
BRDA:153,6,0,0
BRDA:153,6,1,0
BRDA:176,7,0,0
BRDA:176,7,1,0
BRF:16
BRH:0
end_of_record
TN:
SF:src/components/admin/AdminFeatureToggle.tsx
FN:18,(anonymous_0)
FN:30,(anonymous_1)
FN:36,(anonymous_2)
FN:60,(anonymous_3)
FN:102,(anonymous_4)
FN:117,(anonymous_5)
FN:142,(anonymous_6)
FN:159,(anonymous_7)
FN:165,(anonymous_8)
FN:171,(anonymous_9)
FNF:10
FNH:0
FNDA:0,(anonymous_0)
FNDA:0,(anonymous_1)
FNDA:0,(anonymous_2)
FNDA:0,(anonymous_3)
FNDA:0,(anonymous_4)
FNDA:0,(anonymous_5)
FNDA:0,(anonymous_6)
FNDA:0,(anonymous_7)
FNDA:0,(anonymous_8)
FNDA:0,(anonymous_9)
DA:18,0
DA:26,0
DA:27,0
DA:30,0
DA:31,0
DA:32,0
DA:36,0
DA:37,0
DA:38,0
DA:41,0
DA:43,0
DA:45,0
DA:47,0
DA:49,0
DA:53,0
DA:54,0
DA:57,0
DA:60,0
DA:61,0
DA:63,0
DA:64,0
DA:65,0
DA:67,0
DA:69,0
DA:76,0
DA:77,0
DA:81,0
DA:82,0
DA:83,0
DA:86,0
DA:89,0
DA:90,0
DA:91,0
DA:94,0
DA:95,0
DA:98,0
DA:102,0
DA:103,0
DA:104,0
DA:105,0
DA:110,0
DA:117,0
DA:118,0
DA:126,0
DA:127,0
DA:135,0
DA:142,0
DA:143,0
DA:144,0
DA:152,0
DA:153,0
DA:156,0
DA:159,0
DA:160,0
DA:161,0
DA:162,0
DA:165,0
DA:166,0
DA:167,0
DA:168,0
DA:171,0
DA:172,0
DA:173,0
DA:178,0
LF:64
LH:0
BRDA:23,0,0,0
BRDA:24,1,0,0
BRDA:31,2,0,0
BRDA:31,2,1,0
BRDA:37,3,0,0
BRDA:37,3,1,0
BRDA:41,4,0,0
BRDA:41,4,1,0
BRDA:41,4,2,0
BRDA:41,4,3,0
BRDA:49,5,0,0
BRDA:49,5,1,0
BRDA:53,6,0,0
BRDA:53,6,1,0
BRDA:61,7,0,0
BRDA:61,7,1,0
BRDA:76,8,0,0
BRDA:76,8,1,0
BRDA:82,9,0,0
BRDA:82,9,1,0
BRDA:94,10,0,0
BRDA:94,10,1,0
BRDA:103,11,0,0
BRDA:103,11,1,0
BRDA:103,12,0,0
BRDA:103,12,1,0
BRDA:126,13,0,0
BRDA:126,13,1,0
BRDA:128,14,0,0
BRDA:128,14,1,0
BRDA:136,15,0,0
BRDA:136,15,1,0
BRDA:143,16,0,0
BRDA:143,16,1,0
BRDA:152,17,0,0
BRDA:152,17,1,0
BRDA:153,18,0,0
BRDA:153,18,1,0
BRDA:160,19,0,0
BRDA:160,19,1,0
BRDA:161,20,0,0
BRDA:161,20,1,0
BRDA:162,21,0,0
BRDA:162,21,1,0
BRDA:166,22,0,0
BRDA:166,22,1,0
BRDA:167,23,0,0
BRDA:167,23,1,0
BRDA:172,24,0,0
BRDA:172,24,1,0
BRDA:173,25,0,0
BRDA:173,25,1,0
BRDA:197,26,0,0
BRDA:197,26,1,0
BRF:54
BRH:0
end_of_record
TN:
SF:src/components/admin/AdminHeader.tsx
FN:10,(anonymous_0)
FN:19,(anonymous_1)
FN:31,(anonymous_2)
FN:58,(anonymous_3)
FN:67,(anonymous_4)
FN:78,(anonymous_5)
FN:88,(anonymous_6)
FN:97,(anonymous_7)
FN:106,(anonymous_8)
FN:123,(anonymous_9)
FN:151,(anonymous_10)
FN:171,(anonymous_11)
FN:182,(anonymous_12)
FN:193,(anonymous_13)
FN:205,(anonymous_14)
FN:220,(anonymous_15)
FN:240,(anonymous_16)
FN:247,(anonymous_17)
FN:255,(anonymous_18)
FN:262,(anonymous_19)
FN:268,(anonymous_20)
FN:274,(anonymous_21)
FN:287,(anonymous_22)
FNF:23
FNH:0
FNDA:0,(anonymous_0)
FNDA:0,(anonymous_1)
FNDA:0,(anonymous_2)
FNDA:0,(anonymous_3)
FNDA:0,(anonymous_4)
FNDA:0,(anonymous_5)
FNDA:0,(anonymous_6)
FNDA:0,(anonymous_7)
FNDA:0,(anonymous_8)
FNDA:0,(anonymous_9)
FNDA:0,(anonymous_10)
FNDA:0,(anonymous_11)
FNDA:0,(anonymous_12)
FNDA:0,(anonymous_13)
FNDA:0,(anonymous_14)
FNDA:0,(anonymous_15)
FNDA:0,(anonymous_16)
FNDA:0,(anonymous_17)
FNDA:0,(anonymous_18)
FNDA:0,(anonymous_19)
FNDA:0,(anonymous_20)
FNDA:0,(anonymous_21)
FNDA:0,(anonymous_22)
DA:10,0
DA:14,0
DA:15,0
DA:16,0
DA:17,0
DA:19,0
DA:20,0
DA:21,0
DA:24,0
DA:25,0
DA:27,0
DA:31,0
DA:32,0
DA:35,0
DA:58,0
DA:67,0
DA:78,0
DA:88,0
DA:97,0
DA:106,0
DA:123,0
DA:152,0
DA:153,0
DA:172,0
DA:173,0
DA:183,0
DA:184,0
DA:194,0
DA:195,0
DA:206,0
DA:207,0
DA:221,0
DA:222,0
DA:240,0
DA:247,0
DA:255,0
DA:262,0
DA:268,0
DA:274,0
DA:287,0
LF:40
LH:0
BRDA:11,0,0,0
BRDA:12,1,0,0
BRDA:24,2,0,0
BRDA:24,2,1,0
BRDA:48,3,0,0
BRDA:48,3,1,0
BRDA:65,4,0,0
BRDA:65,4,1,0
BRDA:76,5,0,0
BRDA:76,5,1,0
BRDA:132,6,0,0
BRDA:132,6,1,0
BRDA:138,7,0,0
BRDA:138,7,1,0
BRDA:147,8,0,0
BRDA:147,8,1,0
BRDA:156,9,0,0
BRDA:156,9,1,0
BRDA:161,10,0,0
BRDA:161,10,1,0
BRDA:203,11,0,0
BRDA:203,11,1,0
BRDA:245,12,0,0
BRDA:245,12,1,0
BRDA:253,13,0,0
BRDA:253,13,1,0
BRDA:284,14,0,0
BRDA:284,14,1,0
BRF:28
BRH:0
end_of_record
TN:
SF:src/components/admin/AdminPanel.tsx
FN:38,(anonymous_0)
FN:51,(anonymous_1)
FN:75,(anonymous_2)
FN:81,(anonymous_3)
FN:88,(anonymous_4)
FN:105,(anonymous_5)
FN:112,(anonymous_6)
FN:122,(anonymous_7)
FN:129,(anonymous_8)
FN:136,(anonymous_9)
FN:143,(anonymous_10)
FN:150,(anonymous_11)
FN:157,(anonymous_12)
FN:237,(anonymous_13)
FNF:14
FNH:0
FNDA:0,(anonymous_0)
FNDA:0,(anonymous_1)
FNDA:0,(anonymous_2)
FNDA:0,(anonymous_3)
FNDA:0,(anonymous_4)
FNDA:0,(anonymous_5)
FNDA:0,(anonymous_6)
FNDA:0,(anonymous_7)
FNDA:0,(anonymous_8)
FNDA:0,(anonymous_9)
FNDA:0,(anonymous_10)
FNDA:0,(anonymous_11)
FNDA:0,(anonymous_12)
FNDA:0,(anonymous_13)
DA:38,0
DA:46,0
DA:48,0
DA:51,0
DA:75,0
DA:76,0
DA:77,0
DA:78,0
DA:79,0
DA:81,0
DA:83,0
DA:84,0
DA:86,0
DA:88,0
DA:92,0
DA:105,0
DA:112,0
DA:122,0
DA:129,0
DA:136,0
DA:143,0
DA:150,0
DA:157,0
DA:237,0
LF:24
LH:0
BRDA:43,0,0,0
BRDA:44,1,0,0
BRDA:58,2,0,0
BRDA:58,2,1,0
BRDA:61,3,0,0
BRDA:61,3,1,0
BRDA:66,4,0,0
BRDA:66,4,1,0
BRDA:86,5,0,0
BRDA:86,5,1,0
BRDA:100,6,0,0
BRDA:100,6,1,0
BRDA:249,7,0,0
BRDA:249,7,1,0
BRDA:250,8,0,0
BRDA:250,8,1,0
BRDA:327,9,0,0
BRDA:327,9,1,0
BRDA:346,10,0,0
BRDA:346,10,1,0
BRF:20
BRH:0
end_of_record
TN:
SF:src/components/admin/AdminSettingsPanel.tsx
FN:29,(anonymous_0)
FN:63,(anonymous_1)
FN:64,(anonymous_2)
FN:115,(anonymous_3)
FN:131,(anonymous_4)
FN:175,(anonymous_5)
FN:176,(anonymous_6)
FN:185,(anonymous_7)
FN:265,(anonymous_8)
FN:268,(anonymous_9)
FN:268,(anonymous_10)
FN:286,(anonymous_11)
FN:296,(anonymous_12)
FN:307,(anonymous_13)
FN:333,(anonymous_14)
FN:346,(anonymous_15)
FN:359,(anonymous_16)
FN:380,(anonymous_17)
FN:398,(anonymous_18)
FN:411,(anonymous_19)
FN:435,(anonymous_20)
FN:447,(anonymous_21)
FN:465,(anonymous_22)
FNF:23
FNH:0
FNDA:0,(anonymous_0)
FNDA:0,(anonymous_1)
FNDA:0,(anonymous_2)
FNDA:0,(anonymous_3)
FNDA:0,(anonymous_4)
FNDA:0,(anonymous_5)
FNDA:0,(anonymous_6)
FNDA:0,(anonymous_7)
FNDA:0,(anonymous_8)
FNDA:0,(anonymous_9)
FNDA:0,(anonymous_10)
FNDA:0,(anonymous_11)
FNDA:0,(anonymous_12)
FNDA:0,(anonymous_13)
FNDA:0,(anonymous_14)
FNDA:0,(anonymous_15)
FNDA:0,(anonymous_16)
FNDA:0,(anonymous_17)
FNDA:0,(anonymous_18)
FNDA:0,(anonymous_19)
FNDA:0,(anonymous_20)
FNDA:0,(anonymous_21)
FNDA:0,(anonymous_22)
DA:29,0
DA:30,0
DA:31,0
DA:32,0
DA:34,0
DA:58,0
DA:59,0
DA:60,0
DA:63,0
DA:64,0
DA:65,0
DA:67,0
DA:68,0
DA:74,0
DA:75,0
DA:76,0
DA:79,0
DA:80,0
DA:105,0
DA:107,0
DA:111,0
DA:115,0
DA:116,0
DA:117,0
DA:118,0
DA:119,0
DA:122,0
DA:123,0
DA:124,0
DA:126,0
DA:131,0
DA:132,0
DA:134,0
DA:135,0
DA:137,0
DA:155,0
DA:159,0
DA:160,0
DA:161,0
DA:162,0
DA:165,0
DA:166,0
DA:168,0
DA:169,0
DA:171,0
DA:175,0
DA:176,0
DA:185,0
DA:186,0
DA:187,0
DA:213,0
DA:214,0
DA:223,0
DA:266,0
DA:268,0
DA:286,0
DA:296,0
DA:307,0
DA:333,0
DA:346,0
DA:359,0
DA:380,0
DA:398,0
DA:411,0
DA:435,0
DA:447,0
DA:465,0
DA:476,0
LF:68
LH:0
BRDA:65,0,0,0
BRDA:65,0,1,0
BRDA:74,1,0,0
BRDA:74,1,1,0
BRDA:74,2,0,0
BRDA:74,2,1,0
BRDA:79,3,0,0
BRDA:79,3,1,0
BRDA:81,4,0,0
BRDA:81,4,1,0
BRDA:83,5,0,0
BRDA:83,5,1,0
BRDA:84,6,0,0
BRDA:84,6,1,0
BRDA:85,7,0,0
BRDA:85,7,1,0
BRDA:88,8,0,0
BRDA:88,8,1,0
BRDA:89,9,0,0
BRDA:89,9,1,0
BRDA:90,10,0,0
BRDA:90,10,1,0
BRDA:93,11,0,0
BRDA:93,11,1,0
BRDA:94,12,0,0
BRDA:94,12,1,0
BRDA:95,13,0,0
BRDA:95,13,1,0
BRDA:98,14,0,0
BRDA:98,14,1,0
BRDA:99,15,0,0
BRDA:99,15,1,0
BRDA:100,16,0,0
BRDA:100,16,1,0
BRDA:116,17,0,0
BRDA:116,17,1,0
BRDA:118,18,0,0
BRDA:118,18,1,0
BRDA:123,19,0,0
BRDA:123,19,1,0
BRDA:132,20,0,0
BRDA:132,20,1,0
BRDA:159,21,0,0
BRDA:159,21,1,0
BRDA:186,22,0,0
BRDA:186,22,1,0
BRDA:213,23,0,0
BRDA:213,23,1,0
BRDA:233,24,0,0
BRDA:233,24,1,0
BRDA:249,25,0,0
BRDA:249,25,1,0
BRDA:270,26,0,0
BRDA:270,26,1,0
BRDA:275,27,0,0
BRDA:275,27,1,0
BRDA:275,28,0,0
BRDA:275,28,1,0
BRDA:275,29,0,0
BRDA:275,29,1,0
BRDA:419,30,0,0
BRDA:419,30,1,0
BRDA:440,31,0,0
BRDA:440,31,1,0
BRF:64
BRH:0
end_of_record
TN:
SF:src/components/admin/ApiKeyManager.tsx
FN:33,(anonymous_0)
FN:34,(anonymous_1)
FN:35,(anonymous_2)
FN:36,(anonymous_3)
FN:60,(anonymous_4)
FN:71,(anonymous_5)
FN:73,(anonymous_6)
FN:80,(anonymous_7)
FN:95,(anonymous_8)
FN:111,(anonymous_9)
FN:113,(anonymous_10)
FN:116,(anonymous_11)
FN:117,(anonymous_12)
FN:117,(anonymous_13)
FN:120,(anonymous_14)
FN:134,(anonymous_15)
FN:160,(anonymous_16)
FN:161,(anonymous_17)
FN:165,(anonymous_18)
FN:172,(anonymous_19)
FN:174,(anonymous_20)
FN:179,(anonymous_21)
FN:187,(anonymous_22)
FN:194,(anonymous_23)
FN:240,(anonymous_24)
FN:245,(anonymous_25)
FN:259,(anonymous_26)
FN:289,(anonymous_27)
FN:297,(anonymous_28)
FN:328,(anonymous_29)
FN:359,(anonymous_30)
FN:393,(anonymous_31)
FN:400,(anonymous_32)
FN:415,(anonymous_33)
FN:435,(anonymous_34)
FN:443,(anonymous_35)
FN:444,(anonymous_36)
FN:457,(anonymous_37)
FN:471,(anonymous_38)
FN:473,(anonymous_39)
FN:480,(anonymous_40)
FN:486,(anonymous_41)
FN:488,(anonymous_42)
FN:489,(anonymous_43)
FN:490,(anonymous_44)
FN:491,(anonymous_45)
FN:501,(anonymous_46)
FN:506,(anonymous_47)
FN:519,(anonymous_48)
FN:520,(anonymous_49)
FN:549,(anonymous_50)
FN:613,(anonymous_51)
FN:661,(anonymous_52)
FN:670,(anonymous_53)
FN:692,(anonymous_54)
FN:704,(anonymous_55)
FN:753,(anonymous_56)
FN:772,(anonymous_57)
FN:783,(anonymous_58)
FN:793,(anonymous_59)
FN:803,(anonymous_60)
FN:813,(anonymous_61)
FN:825,(anonymous_62)
FN:835,(anonymous_63)
FN:847,(anonymous_64)
FN:887,(anonymous_65)
FN:900,(anonymous_66)
FNF:67
FNH:0
FNDA:0,(anonymous_0)
FNDA:0,(anonymous_1)
FNDA:0,(anonymous_2)
FNDA:0,(anonymous_3)
FNDA:0,(anonymous_4)
FNDA:0,(anonymous_5)
FNDA:0,(anonymous_6)
FNDA:0,(anonymous_7)
FNDA:0,(anonymous_8)
FNDA:0,(anonymous_9)
FNDA:0,(anonymous_10)
FNDA:0,(anonymous_11)
FNDA:0,(anonymous_12)
FNDA:0,(anonymous_13)
FNDA:0,(anonymous_14)
FNDA:0,(anonymous_15)
FNDA:0,(anonymous_16)
FNDA:0,(anonymous_17)
FNDA:0,(anonymous_18)
FNDA:0,(anonymous_19)
FNDA:0,(anonymous_20)
FNDA:0,(anonymous_21)
FNDA:0,(anonymous_22)
FNDA:0,(anonymous_23)
FNDA:0,(anonymous_24)
FNDA:0,(anonymous_25)
FNDA:0,(anonymous_26)
FNDA:0,(anonymous_27)
FNDA:0,(anonymous_28)
FNDA:0,(anonymous_29)
FNDA:0,(anonymous_30)
FNDA:0,(anonymous_31)
FNDA:0,(anonymous_32)
FNDA:0,(anonymous_33)
FNDA:0,(anonymous_34)
FNDA:0,(anonymous_35)
FNDA:0,(anonymous_36)
FNDA:0,(anonymous_37)
FNDA:0,(anonymous_38)
FNDA:0,(anonymous_39)
FNDA:0,(anonymous_40)
FNDA:0,(anonymous_41)
FNDA:0,(anonymous_42)
FNDA:0,(anonymous_43)
FNDA:0,(anonymous_44)
FNDA:0,(anonymous_45)
FNDA:0,(anonymous_46)
FNDA:0,(anonymous_47)
FNDA:0,(anonymous_48)
FNDA:0,(anonymous_49)
FNDA:0,(anonymous_50)
FNDA:0,(anonymous_51)
FNDA:0,(anonymous_52)
FNDA:0,(anonymous_53)
FNDA:0,(anonymous_54)
FNDA:0,(anonymous_55)
FNDA:0,(anonymous_56)
FNDA:0,(anonymous_57)
FNDA:0,(anonymous_58)
FNDA:0,(anonymous_59)
FNDA:0,(anonymous_60)
FNDA:0,(anonymous_61)
FNDA:0,(anonymous_62)
FNDA:0,(anonymous_63)
FNDA:0,(anonymous_64)
FNDA:0,(anonymous_65)
FNDA:0,(anonymous_66)
DA:33,0
DA:34,0
DA:35,0
DA:36,0
DA:39,0
DA:46,0
DA:53,0
DA:60,0
DA:71,0
DA:72,0
DA:74,0
DA:80,0
DA:81,0
DA:87,0
DA:95,0
DA:96,0
DA:97,0
DA:98,0
DA:99,0
DA:100,0
DA:101,0
DA:102,0
DA:103,0
DA:104,0
DA:105,0
DA:106,0
DA:108,0
DA:109,0
DA:111,0
DA:112,0
DA:113,0
DA:116,0
DA:117,0
DA:120,0
DA:121,0
DA:123,0
DA:124,0
DA:129,0
DA:130,0
DA:134,0
DA:144,0
DA:146,0
DA:147,0
DA:150,0
DA:151,0
DA:152,0
DA:153,0
DA:155,0
DA:160,0
DA:161,0
DA:162,0
DA:165,0
DA:166,0
DA:167,0
DA:168,0
DA:172,0
DA:173,0
DA:174,0
DA:175,0
DA:179,0
DA:180,0
DA:181,0
DA:182,0
DA:183,0
DA:184,0
DA:187,0
DA:188,0
DA:191,0
DA:194,0
DA:195,0
DA:197,0
DA:198,0
DA:199,0
DA:200,0
DA:201,0
DA:204,0
DA:205,0
DA:207,0
DA:208,0
DA:213,0
DA:214,0
DA:216,0
DA:217,0
DA:218,0
DA:219,0
DA:220,0
DA:226,0
DA:229,0
DA:230,0
DA:231,0
DA:234,0
DA:235,0
DA:236,0
DA:237,0
DA:240,0
DA:241,0
DA:245,0
DA:246,0
DA:249,0
DA:251,0
DA:252,0
DA:253,0
DA:255,0
DA:259,0
DA:260,0
DA:262,0
DA:264,0
DA:268,0
DA:273,0
DA:274,0
DA:277,0
DA:278,0
DA:279,0
DA:281,0
DA:282,0
DA:283,0
DA:285,0
DA:289,0
DA:290,0
DA:294,0
DA:297,0
DA:298,0
DA:299,0
DA:302,0
DA:305,0
DA:307,0
DA:308,0
DA:313,0
DA:314,0
DA:317,0
DA:318,0
DA:320,0
DA:321,0
DA:322,0
DA:324,0
DA:328,0
DA:330,0
DA:331,0
DA:332,0
DA:333,0
DA:336,0
DA:338,0
DA:339,0
DA:344,0
DA:346,0
DA:348,0
DA:351,0
DA:352,0
DA:358,0
DA:359,0
DA:360,0
DA:364,0
DA:367,0
DA:370,0
DA:371,0
DA:372,0
DA:373,0
DA:374,0
DA:375,0
DA:376,0
DA:377,0
DA:378,0
DA:379,0
DA:381,0
DA:382,0
DA:383,0
DA:386,0
DA:389,0
DA:393,0
DA:394,0
DA:396,0
DA:397,0
DA:400,0
DA:401,0
DA:402,0
DA:403,0
DA:411,0
DA:415,0
DA:416,0
DA:417,0
DA:418,0
DA:419,0
DA:420,0
DA:421,0
DA:423,0
DA:424,0
DA:425,0
DA:426,0
DA:427,0
DA:428,0
DA:430,0
DA:435,0
DA:436,0
DA:437,0
DA:438,0
DA:439,0
DA:443,0
DA:444,0
DA:446,0
DA:450,0
DA:454,0
DA:457,0
DA:458,0
DA:459,0
DA:461,0
DA:462,0
DA:463,0
DA:465,0
DA:466,0
DA:467,0
DA:471,0
DA:472,0
DA:473,0
DA:475,0
DA:476,0
DA:480,0
DA:481,0
DA:482,0
DA:485,0
DA:486,0
DA:488,0
DA:489,0
DA:490,0
DA:492,0
DA:494,0
DA:495,0
DA:501,0
DA:502,0
DA:504,0
DA:506,0
DA:516,0
DA:517,0
DA:520,0
DA:521,0
DA:523,0
DA:530,0
DA:531,0
DA:533,0
DA:535,0
DA:536,0
DA:540,0
DA:549,0
DA:613,0
DA:661,0
DA:670,0
DA:692,0
DA:704,0
DA:754,0
DA:755,0
DA:772,0
DA:783,0
DA:793,0
DA:803,0
DA:813,0
DA:826,0
DA:835,0
DA:847,0
DA:887,0
DA:900,0
LF:259
LH:0
BRDA:80,0,0,0
BRDA:120,1,0,0
BRDA:121,2,0,0
BRDA:121,2,1,0
BRDA:129,3,0,0
BRDA:129,3,1,0
BRDA:134,4,0,0
BRDA:134,4,1,0
BRDA:146,5,0,0
BRDA:146,5,1,0
BRDA:146,6,0,0
BRDA:146,6,1,0
BRDA:151,7,0,0
BRDA:151,7,1,0
BRDA:155,8,0,0
BRDA:155,8,1,0
BRDA:166,9,0,0
BRDA:166,9,1,0
BRDA:175,10,0,0
BRDA:175,10,1,0
BRDA:181,11,0,0
BRDA:181,11,1,0
BRDA:182,12,0,0
BRDA:182,12,1,0
BRDA:183,13,0,0
BRDA:183,13,1,0
BRDA:184,14,0,0
BRDA:184,14,1,0
BRDA:187,15,0,0
BRDA:187,15,1,0
BRDA:198,16,0,0
BRDA:198,16,1,0
BRDA:213,17,0,0
BRDA:213,17,1,0
BRDA:218,18,0,0
BRDA:218,18,1,0
BRDA:219,19,0,0
BRDA:219,19,1,0
BRDA:229,20,0,0
BRDA:229,20,1,0
BRDA:252,21,0,0
BRDA:252,21,1,0
BRDA:264,22,0,0
BRDA:264,22,1,0
BRDA:273,23,0,0
BRDA:273,23,1,0
BRDA:277,24,0,0
BRDA:277,24,1,0
BRDA:282,25,0,0
BRDA:282,25,1,0
BRDA:294,26,0,0
BRDA:294,26,1,0
BRDA:298,27,0,0
BRDA:298,27,1,0
BRDA:298,28,0,0
BRDA:298,28,1,0
BRDA:302,29,0,0
BRDA:302,29,1,0
BRDA:313,30,0,0
BRDA:313,30,1,0
BRDA:321,31,0,0
BRDA:321,31,1,0
BRDA:328,32,0,0
BRDA:330,33,0,0
BRDA:330,33,1,0
BRDA:330,34,0,0
BRDA:330,34,1,0
BRDA:338,35,0,0
BRDA:338,35,1,0
BRDA:351,36,0,0
BRDA:351,36,1,0
BRDA:351,37,0,0
BRDA:351,37,1,0
BRDA:358,38,0,0
BRDA:358,38,1,0
BRDA:367,39,0,0
BRDA:367,39,1,0
BRDA:381,40,0,0
BRDA:381,40,1,0
BRDA:394,41,0,0
BRDA:394,41,1,0
BRDA:401,42,0,0
BRDA:401,42,1,0
BRDA:416,43,0,0
BRDA:416,43,1,0
BRDA:423,44,0,0
BRDA:423,44,1,0
BRDA:424,45,0,0
BRDA:424,45,1,0
BRDA:425,46,0,0
BRDA:425,46,1,0
BRDA:426,47,0,0
BRDA:426,47,1,0
BRDA:427,48,0,0
BRDA:427,48,1,0
BRDA:436,49,0,0
BRDA:436,49,1,0
BRDA:437,50,0,0
BRDA:437,50,1,0
BRDA:437,51,0,0
BRDA:437,51,1,0
BRDA:438,52,0,0
BRDA:438,52,1,0
BRDA:446,53,0,0
BRDA:446,53,1,0
BRDA:450,54,0,0
BRDA:450,54,1,0
BRDA:450,54,2,0
BRDA:450,54,3,0
BRDA:450,54,4,0
BRDA:454,55,0,0
BRDA:454,55,1,0
BRDA:461,56,0,0
BRDA:461,56,1,0
BRDA:461,57,0,0
BRDA:461,57,1,0
BRDA:462,58,0,0
BRDA:462,58,1,0
BRDA:462,59,0,0
BRDA:462,59,1,0
BRDA:463,60,0,0
BRDA:463,60,1,0
BRDA:463,61,0,0
BRDA:463,61,1,0
BRDA:465,62,0,0
BRDA:465,62,1,0
BRDA:465,63,0,0
BRDA:465,63,1,0
BRDA:466,64,0,0
BRDA:466,64,1,0
BRDA:466,65,0,0
BRDA:466,65,1,0
BRDA:472,66,0,0
BRDA:472,66,1,0
BRDA:473,67,0,0
BRDA:473,67,1,0
BRDA:481,68,0,0
BRDA:481,68,1,0
BRDA:482,69,0,0
BRDA:482,69,1,0
BRDA:492,70,0,0
BRDA:492,70,1,0
BRDA:508,71,0,0
BRDA:508,71,1,0
BRDA:512,72,0,0
BRDA:512,72,1,0
BRDA:516,73,0,0
BRDA:516,73,1,0
BRDA:523,74,0,0
BRDA:523,74,1,0
BRDA:523,75,0,0
BRDA:523,75,1,0
BRDA:523,75,2,0
BRDA:554,76,0,0
BRDA:554,76,1,0
BRDA:559,77,0,0
BRDA:559,77,1,0
BRDA:561,78,0,0
BRDA:561,78,1,0
BRDA:565,79,0,0
BRDA:565,79,1,0
BRDA:567,80,0,0
BRDA:567,80,1,0
BRDA:605,81,0,0
BRDA:605,81,1,0
BRDA:625,82,0,0
BRDA:625,82,1,0
BRDA:628,83,0,0
BRDA:628,83,1,0
BRDA:645,84,0,0
BRDA:645,84,1,0
BRDA:651,85,0,0
BRDA:651,85,1,0
BRDA:655,86,0,0
BRDA:655,86,1,0
BRDA:659,87,0,0
BRDA:659,87,1,0
BRDA:668,88,0,0
BRDA:668,88,1,0
BRDA:716,89,0,0
BRDA:716,89,1,0
BRDA:726,90,0,0
BRDA:726,90,1,0
BRDA:726,91,0,0
BRDA:726,91,1,0
BRDA:729,92,0,0
BRDA:729,92,1,0
BRDA:730,93,0,0
BRDA:730,93,1,0
BRDA:735,94,0,0
BRDA:735,94,1,0
BRDA:735,94,2,0
BRDA:740,95,0,0
BRDA:740,95,1,0
BRDA:740,95,2,0
BRDA:748,96,0,0
BRDA:748,96,1,0
BRDA:748,96,2,0
BRDA:748,96,3,0
BRDA:765,97,0,0
BRDA:765,97,1,0
BRDA:828,98,0,0
BRDA:828,98,1,0
BRDA:828,99,0,0
BRDA:828,99,1,0
BRDA:858,100,0,0
BRDA:858,100,1,0
BRDA:863,101,0,0
BRDA:863,101,1,0
BRDA:866,102,0,0
BRDA:866,102,1,0
BRDA:880,103,0,0
BRDA:880,103,1,0
BRDA:890,104,0,0
BRDA:890,104,1,0
BRDA:894,105,0,0
BRDA:894,105,1,0
BRDA:896,106,0,0
BRDA:896,106,1,0
BRDA:917,107,0,0
BRDA:917,107,1,0
BRDA:921,108,0,0
BRDA:921,108,1,0
BRDA:925,109,0,0
BRDA:925,109,1,0
BRF:225
BRH:0
end_of_record
TN:
SF:src/components/admin/BillingDashboard.tsx
FN:16,(anonymous_0)
FN:22,(anonymous_1)
FN:26,(anonymous_2)
FN:51,(anonymous_3)
FN:58,(anonymous_4)
FN:76,(anonymous_5)
[...]
FN:295,(anonymous_26)
FN:302,(anonymous_27)
FN:309,(anonymous_28)
FN:319,(anonymous_29)
FN:334,(anonymous_30)
FN:344,(anonymous_31)
FN:347,(anonymous_32)
FN:355,(anonymous_33)
FN:363,(anonymous_34)
FN:364,(anonymous_35)
FN:368,(anonymous_36)
FN:372,(anonymous_37)
FNF:38
FNH:0
FNDA:0,(anonymous_0)
FNDA:0,(anonymous_1)
FNDA:0,(anonymous_2)
FNDA:0,(anonymous_3)
FNDA:0,(anonymous_4)
FNDA:0,(anonymous_5)
FNDA:0,(anonymous_6)
FNDA:0,(anonymous_7)
FNDA:0,(anonymous_8)
FNDA:0,(anonymous_9)
FNDA:0,(anonymous_10)
FNDA:0,(anonymous_11)
FNDA:0,(anonymous_12)
FNDA:0,(anonymous_13)
FNDA:0,(anonymous_14)
FNDA:0,(anonymous_15)
FNDA:0,(anonymous_16)
FNDA:0,(anonymous_17)
FNDA:0,(anonymous_18)
FNDA:0,(anonymous_19)
FNDA:0,(anonymous_20)
FNDA:0,(anonymous_21)
FNDA:0,(anonymous_22)
FNDA:0,(anonymous_23)
FNDA:0,(anonymous_24)
FNDA:0,(anonymous_25)
FNDA:0,(anonymous_26)
FNDA:0,(anonymous_27)
FNDA:0,(anonymous_28)
FNDA:0,(anonymous_29)
FNDA:0,(anonymous_30)
FNDA:0,(anonymous_31)
FNDA:0,(anonymous_32)
FNDA:0,(anonymous_33)
FNDA:0,(anonymous_34)
FNDA:0,(anonymous_35)
FNDA:0,(anonymous_36)
FNDA:0,(anonymous_37)
DA:17,0
DA:20,0
DA:23,0
DA:26,0
DA:27,0
DA:29,0
DA:30,0
DA:31,0
DA:32,0
DA:33,0
DA:35,0
DA:38,0
DA:39,0
DA:43,0
DA:46,0
DA:49,0
DA:53,0
DA:56,0
DA:60,0
DA:63,0
DA:67,0
DA:70,0
DA:74,0
DA:77,0
DA:81,0
DA:84,0
DA:89,0
DA:90,0
DA:94,0
DA:95,0
DA:96,0
DA:98,0
DA:102,0
DA:103,0
DA:104,0
DA:111,0
DA:112,0
DA:113,0
DA:117,0
DA:118,0
DA:120,0
DA:121,0
DA:122,0
DA:124,0
DA:129,0
DA:130,0
DA:131,0
DA:132,0
DA:137,0
DA:145,0
DA:149,0
DA:157,0
DA:161,0
DA:164,0
DA:169,0
DA:170,0
DA:171,0
DA:176,0
DA:180,0
DA:187,0
DA:189,0
DA:190,0
DA:191,0
DA:192,0
DA:195,0
DA:196,0
DA:199,0
DA:200,0
DA:203,0
DA:204,0
DA:207,0
DA:208,0
DA:211,0
DA:212,0
DA:215,0
DA:216,0
DA:219,0
DA:220,0
DA:223,0
DA:233,0
DA:235,0
DA:236,0
DA:239,0
DA:240,0
DA:243,0
DA:254,0
DA:255,0
DA:256,0
DA:258,0
DA:259,0
DA:260,0
DA:263,0
DA:264,0
DA:265,0
DA:268,0
DA:269,0
DA:270,0
DA:273,0
DA:274,0
DA:277,0
DA:279,0
DA:283,0
DA:284,0
DA:285,0
DA:286,0
DA:292,0
DA:296,0
DA:297,0
DA:304,0
DA:305,0
DA:310,0
DA:311,0
DA:312,0
DA:313,0
DA:316,0
DA:323,0
DA:324,0
DA:325,0
DA:327,0
DA:335,0
DA:336,0
DA:338,0
DA:339,0
DA:341,0
DA:345,0
DA:346,0
DA:347,0
DA:348,0
DA:351,0
DA:356,0
DA:357,0
DA:358,0
DA:360,0
DA:364,0
DA:369,0
DA:374,0
LF:136
LH:0
BRDA:17,0,0,0
BRDA:17,0,1,0
BRDA:17,1,0,0
BRDA:17,1,1,0
BRDA:23,2,0,0
BRDA:23,2,1,0
BRDA:31,3,0,0
BRDA:31,3,1,0
BRDA:33,4,0,0
BRDA:33,4,1,0
BRDA:43,5,0,0
BRDA:43,5,1,0
BRDA:43,6,0,0
BRDA:43,6,1,0
BRDA:53,7,0,0
BRDA:53,7,1,0
BRDA:53,8,0,0
BRDA:53,8,1,0
BRDA:60,9,0,0
BRDA:60,9,1,0
BRDA:60,10,0,0
BRDA:60,10,1,0
BRDA:67,11,0,0
BRDA:67,11,1,0
BRDA:67,12,0,0
BRDA:67,12,1,0
BRDA:74,13,0,0
BRDA:74,13,1,0
BRDA:74,14,0,0
BRDA:74,14,1,0
BRDA:81,15,0,0
BRDA:81,15,1,0
BRDA:81,16,0,0
BRDA:81,16,1,0
BRDA:90,17,0,0
BRDA:90,17,1,0
BRDA:95,18,0,0
BRDA:95,18,1,0
BRDA:102,19,0,0
BRDA:102,19,1,0
BRDA:103,20,0,0
BRDA:103,20,1,0
BRDA:112,21,0,0
BRDA:112,21,1,0
BRDA:118,22,0,0
BRDA:118,22,1,0
BRDA:130,23,0,0
BRDA:130,23,1,0
BRDA:131,24,0,0
BRDA:131,24,1,0
BRDA:145,25,0,0
BRDA:145,25,1,0
BRDA:157,26,0,0
BRDA:157,26,1,0
BRDA:161,27,0,0
BRDA:161,27,1,0
BRDA:161,28,0,0
BRDA:161,28,1,0
BRDA:164,29,0,0
BRDA:164,29,1,0
BRDA:176,30,0,0
BRDA:176,30,1,0
BRDA:176,30,2,0
BRDA:180,31,0,0
BRDA:180,31,1,0
BRDA:180,31,2,0
BRDA:189,32,0,0
BRDA:189,32,1,0
BRDA:191,33,0,0
BRDA:191,33,1,0
BRDA:195,34,0,0
BRDA:195,34,1,0
BRDA:199,35,0,0
BRDA:199,35,1,0
BRDA:203,36,0,0
BRDA:203,36,1,0
BRDA:207,37,0,0
BRDA:207,37,1,0
BRDA:211,38,0,0
BRDA:211,38,1,0
BRDA:215,39,0,0
BRDA:215,39,1,0
BRDA:215,40,0,0
BRDA:215,40,1,0
BRDA:219,41,0,0
BRDA:219,41,1,0
BRDA:219,42,0,0
BRDA:219,42,1,0
BRDA:235,43,0,0
BRDA:235,43,1,0
BRDA:239,44,0,0
BRDA:239,44,1,0
BRDA:239,45,0,0
BRDA:239,45,1,0
BRDA:258,46,0,0
BRDA:258,46,1,0
BRDA:258,47,0,0
BRDA:258,47,1,0
BRDA:263,48,0,0
BRDA:263,48,1,0
BRDA:263,49,0,0
BRDA:263,49,1,0
BRDA:268,50,0,0
BRDA:268,50,1,0
BRDA:268,51,0,0
BRDA:268,51,1,0
BRDA:273,52,0,0
BRDA:273,52,1,0
BRDA:283,53,0,0
BRDA:283,53,1,0
BRDA:284,54,0,0
BRDA:284,54,1,0
BRDA:285,55,0,0
BRDA:285,55,1,0
BRDA:295,56,0,0
BRDA:297,57,0,0
BRDA:297,57,1,0
BRDA:316,58,0,0
BRDA:316,58,1,0
BRDA:319,59,0,0
BRDA:335,60,0,0
BRDA:335,60,1,0
BRDA:338,61,0,0
BRDA:338,61,1,0
BRDA:345,62,0,0
BRDA:345,62,1,0
BRDA:355,63,0,0
BRDA:372,64,0,0
BRF:128
BRH:0
end_of_record
TN:
SF:src/utils/claudeModelSelection.ts
FN:56,(anonymous_0)
FN:81,(anonymous_1)
FN:102,(anonymous_2)
FN:133,(anonymous_3)
FN:157,(anonymous_4)
FN:167,(anonymous_5)
FN:209,(anonymous_6)
FN:237,createModelCriteria
FNF:8
FNH:0
FNDA:0,(anonymous_0)
FNDA:0,(anonymous_1)
FNDA:0,(anonymous_2)
FNDA:0,(anonymous_3)
FNDA:0,(anonymous_4)
FNDA:0,(anonymous_5)
FNDA:0,(anonymous_6)
FNDA:0,createModelCriteria
DA:10,0
DA:19,0
DA:57,0
DA:60,0
DA:61,0
DA:65,0
DA:66,0
DA:70,0
DA:71,0
DA:75,0
DA:82,0
DA:86,0
DA:89,0
DA:92,0
DA:95,0
DA:107,0
DA:109,0
DA:112,0
DA:115,0
DA:119,0
DA:123,0
DA:126,0
DA:134,0
DA:138,0
DA:142,0
DA:150,0
DA:158,0
DA:159,0
DA:161,0
DA:178,0
DA:194,0
DA:195,0
DA:203,0
DA:210,0
DA:211,0
DA:212,0
DA:213,0
DA:218,0
DA:220,0
DA:224,0
DA:225,0
DA:229,0
DA:234,0
DA:243,0
DA:245,0
LF:45
LH:0
BRDA:60,0,0,0
BRDA:60,0,1,0
BRDA:65,1,0,0
BRDA:65,1,1,0
BRDA:70,2,0,0
BRDA:70,2,1,0
BRDA:70,3,0,0
BRDA:70,3,1,0
BRDA:82,4,0,0
BRDA:82,4,1,0
BRDA:82,4,2,0
BRDA:82,4,3,0
BRDA:82,4,4,0
BRDA:82,4,5,0
BRDA:89,5,0,0
BRDA:89,5,1,0
BRDA:109,6,0,0
BRDA:109,6,1,0
BRDA:109,6,2,0
BRDA:109,6,3,0
BRDA:109,6,4,0
BRDA:109,6,5,0
BRDA:109,6,6,0
BRDA:112,7,0,0
BRDA:112,7,1,0
BRDA:112,8,0,0
BRDA:112,8,1,0
BRDA:115,9,0,0
BRDA:115,9,1,0
BRDA:116,10,0,0
BRDA:116,10,1,0
BRDA:119,11,0,0
BRDA:119,11,1,0
BRDA:123,12,0,0
BRDA:123,12,1,0
BRDA:134,13,0,0
BRDA:134,13,1,0
BRDA:134,13,2,0
BRDA:134,13,3,0
BRDA:134,13,4,0
BRDA:134,13,5,0
BRDA:134,13,6,0
BRDA:134,13,7,0
BRDA:157,14,0,0
BRDA:194,15,0,0
BRDA:194,15,1,0
BRDA:194,16,0,0
BRDA:194,16,1,0
BRDA:211,17,0,0
BRDA:211,17,1,0
BRDA:213,18,0,0
BRDA:213,18,1,0
BRDA:213,18,2,0
BRDA:218,19,0,0
BRDA:218,19,1,0
BRDA:218,20,0,0
BRDA:218,20,1,0
BRDA:218,20,2,0
BRDA:224,21,0,0
BRDA:224,21,1,0
BRDA:224,22,0,0
BRDA:224,22,1,0
BRDA:224,22,2,0
BRDA:241,23,0,0
BRF:64
BRH:0
end_of_record
TN:
SF:src/utils/errorMessages.ts
FN:16,(anonymous_0)
FN:215,getErrorDetails
FN:302,formatErrorForLogging
FN:310,createUserErrorMessage
FN:316,(anonymous_4)
FNF:5
FNH:0
FNDA:0,(anonymous_0)
FNDA:0,getErrorDetails
FNDA:0,formatErrorForLogging
FNDA:0,createUserErrorMessage
FNDA:0,(anonymous_4)
DA:17,0
DA:18,0
DA:19,0
DA:20,0
DA:25,0
DA:217,0
DA:218,0
DA:222,0
DA:224,0
DA:226,0
DA:227,0
DA:230,0
DA:231,0
DA:234,0
DA:235,0
DA:238,0
DA:239,0
DA:242,0
DA:243,0
DA:246,0
DA:247,0
DA:250,0
DA:251,0
DA:254,0
DA:255,0
DA:258,0
DA:265,0
DA:266,0
DA:268,0
DA:269,0
DA:271,0
DA:273,0
DA:275,0
DA:277,0
DA:279,0
DA:281,0
DA:283,0
DA:287,0
DA:289,0
DA:295,0
DA:303,0
DA:304,0
DA:311,0
DA:312,0
DA:314,0
DA:315,0
DA:316,0
DA:317,0
DA:321,0
LF:49
LH:0
BRDA:217,0,0,0
BRDA:217,0,1,0
BRDA:222,1,0,0
BRDA:222,1,1,0
BRDA:226,2,0,0
BRDA:226,2,1,0
BRDA:226,3,0,0
BRDA:226,3,1,0
BRDA:230,4,0,0
BRDA:230,4,1,0
BRDA:234,5,0,0
BRDA:234,5,1,0
BRDA:234,6,0,0
BRDA:234,6,1,0
BRDA:238,7,0,0
BRDA:238,7,1,0
BRDA:238,8,0,0
BRDA:238,8,1,0
BRDA:242,9,0,0
BRDA:242,9,1,0
BRDA:242,10,0,0
BRDA:242,10,1,0
BRDA:246,11,0,0
BRDA:246,11,1,0
BRDA:246,12,0,0
BRDA:246,12,1,0
BRDA:250,13,0,0
BRDA:250,13,1,0
BRDA:254,14,0,0
BRDA:254,14,1,0
BRDA:265,15,0,0
BRDA:265,15,1,0
BRDA:265,16,0,0
BRDA:265,16,1,0
BRDA:268,17,0,0
BRDA:268,17,1,0
BRDA:268,18,0,0
BRDA:268,18,1,0
BRDA:269,19,0,0
BRDA:269,19,1,0
BRDA:271,20,0,0
BRDA:271,20,1,0
BRDA:271,20,2,0
BRDA:271,20,3,0
BRDA:271,20,4,0
BRDA:271,20,5,0
BRDA:271,20,6,0
BRDA:271,20,7,0
BRDA:271,20,8,0
BRDA:271,20,9,0
BRDA:305,21,0,0
BRDA:305,21,1,0
BRDA:314,22,0,0
BRDA:314,22,1,0
BRDA:314,23,0,0
BRDA:314,23,1,0
BRF:56
BRH:0
end_of_record
TN:
SF:src/utils/fhirHelpers.ts
FN:12,getPrimaryCategory
FN:19,setCategory
FN:26,hasCategory
FN:33,addCategory
FN:41,removeCategory
FN:42,(anonymous_5)
FN:48,formatCategories
FN:55,getCategoryLabel
FN:67,formatCategoriesWithLabels
FNF:9
FNH:0
FNDA:0,getPrimaryCategory
FNDA:0,setCategory
FNDA:0,hasCategory
FNDA:0,addCategory
FNDA:0,removeCategory
FNDA:0,(anonymous_5)
FNDA:0,formatCategories
FNDA:0,getCategoryLabel
FNDA:0,formatCategoriesWithLabels
DA:13,0
DA:20,0
DA:27,0
DA:34,0
DA:35,0
DA:42,0
DA:49,0
DA:56,0
DA:61,0
DA:68,0
LF:10
LH:0
BRDA:27,0,0,0
BRDA:27,0,1,0
BRDA:34,1,0,0
BRDA:34,1,1,0
BRDA:35,2,0,0
BRDA:35,2,1,0
BRDA:42,3,0,0
BRDA:42,3,1,0
BRDA:49,4,0,0
BRDA:49,4,1,0
BRDA:61,5,0,0
BRDA:61,5,1,0
BRDA:68,6,0,0
BRDA:68,6,1,0
BRF:14
BRH:0
end_of_record
TN:
SF:src/utils/getSignedUrl.ts
FN:22,getSignedUrl
FN:66,clearSignedUrlCache
FNF:2
FNH:0
FNDA:0,getSignedUrl
FNDA:0,clearSignedUrlCache
DA:10,0
DA:13,0
DA:27,0
DA:28,0
DA:31,0
DA:32,0
DA:33,0
DA:37,0
DA:41,0
DA:42,0
DA:43,0
DA:46,0
DA:47,0
DA:48,0
DA:52,0
DA:53,0
DA:58,0
DA:67,0
DA:68,0
DA:69,0
DA:71,0
DA:72,0
DA:73,0
DA:78,0
LF:24
LH:0
BRDA:24,0,0,0
BRDA:25,1,0,0
BRDA:32,2,0,0
BRDA:32,2,1,0
BRDA:32,3,0,0
BRDA:32,3,1,0
BRDA:41,4,0,0
BRDA:41,4,1,0
BRDA:46,5,0,0
BRDA:46,5,1,0
BRDA:46,6,0,0
BRDA:46,6,1,0
BRDA:67,7,0,0
BRDA:67,7,1,0
BRDA:67,8,0,0
BRDA:67,8,1,0
BRDA:69,9,0,0
BRDA:69,9,1,0
BRDA:72,10,0,0
BRDA:72,10,1,0
BRF:20
BRH:0
end_of_record
TN:
SF:src/utils/offlineStorage.ts
FN:23,(anonymous_0)
FN:24,(anonymous_1)
FN:27,(anonymous_2)
FN:32,(anonymous_3)
FN:38,(anonymous_4)
FN:61,(anonymous_5)
FN:73,(anonymous_6)
FN:78,(anonymous_7)
FN:83,(anonymous_8)
FN:91,(anonymous_9)
FN:94,(anonymous_10)
FN:99,(anonymous_11)
FN:103,(anonymous_12)
FN:106,(anonymous_13)
FN:112,(anonymous_14)
FN:120,(anonymous_15)
FN:123,(anonymous_16)
FN:128,(anonymous_17)
FN:134,(anonymous_18)
FN:139,(anonymous_19)
FN:145,(anonymous_20)
FN:150,(anonymous_21)
FN:153,(anonymous_22)
FN:158,(anonymous_23)
FN:163,(anonymous_24)
FN:168,(anonymous_25)
FN:171,(anonymous_26)
FN:176,(anonymous_27)
FN:181,(anonymous_28)
FN:182,(anonymous_29)
FN:188,(anonymous_30)
FN:193,(anonymous_31)
FN:199,(anonymous_32)
FN:242,(anonymous_33)
FN:253,(anonymous_34)
FN:258,(anonymous_35)
FN:263,(anonymous_36)
FN:268,(anonymous_37)
FN:271,(anonymous_38)
FN:277,(anonymous_39)
FN:279,(anonymous_40)
FN:284,(anonymous_41)
FN:289,(anonymous_42)
FN:292,(anonymous_43)
FN:298,(anonymous_44)
FN:303,(anonymous_45)
FN:312,(anonymous_46)
FN:317,(anonymous_47)
FN:318,(anonymous_48)
FN:322,(anonymous_49)
FNF:50
FNH:0
FNDA:0,(anonymous_0)
FNDA:0,(anonymous_1)
FNDA:0,(anonymous_2)
FNDA:0,(anonymous_3)
FNDA:0,(anonymous_4)
FNDA:0,(anonymous_5)
FNDA:0,(anonymous_6)
FNDA:0,(anonymous_7)
FNDA:0,(anonymous_8)
FNDA:0,(anonymous_9)
FNDA:0,(anonymous_10)
FNDA:0,(anonymous_11)
FNDA:0,(anonymous_12)
FNDA:0,(anonymous_13)
FNDA:0,(anonymous_14)
FNDA:0,(anonymous_15)
FNDA:0,(anonymous_16)
FNDA:0,(anonymous_17)
FNDA:0,(anonymous_18)
FNDA:0,(anonymous_19)
FNDA:0,(anonymous_20)
FNDA:0,(anonymous_21)
FNDA:0,(anonymous_22)
FNDA:0,(anonymous_23)
FNDA:0,(anonymous_24)
FNDA:0,(anonymous_25)
FNDA:0,(anonymous_26)
FNDA:0,(anonymous_27)
FNDA:0,(anonymous_28)
FNDA:0,(anonymous_29)
FNDA:0,(anonymous_30)
FNDA:0,(anonymous_31)
FNDA:0,(anonymous_32)
FNDA:0,(anonymous_33)
FNDA:0,(anonymous_34)
FNDA:0,(anonymous_35)
FNDA:0,(anonymous_36)
FNDA:0,(anonymous_37)
FNDA:0,(anonymous_38)
FNDA:0,(anonymous_39)
FNDA:0,(anonymous_40)
FNDA:0,(anonymous_41)
FNDA:0,(anonymous_42)
FNDA:0,(anonymous_43)
FNDA:0,(anonymous_44)
FNDA:0,(anonymous_45)
FNDA:0,(anonymous_46)
FNDA:0,(anonymous_47)
FNDA:0,(anonymous_48)
FNDA:0,(anonymous_49)
DA:4,0
DA:5,0
DA:6,0
DA:7,0
DA:20,0
DA:21,0
DA:24,0
DA:25,0
DA:27,0
DA:28,0
DA:29,0
DA:32,0
DA:33,0
DA:34,0
DA:35,0
DA:38,0
DA:39,0
DA:42,0
DA:43,0
DA:44,0
DA:45,0
DA:46,0
DA:49,0
DA:50,0
DA:51,0
DA:52,0
DA:55,0
DA:62,0
DA:64,0
DA:73,0
DA:74,0
DA:75,0
DA:76,0
DA:78,0
DA:79,0
DA:80,0
DA:83,0
DA:84,0
DA:85,0
DA:92,0
DA:94,0
DA:95,0
DA:96,0
DA:97,0
DA:99,0
DA:100,0
DA:103,0
DA:105,0
DA:106,0
DA:109,0
DA:112,0
DA:113,0
DA:114,0
DA:121,0
DA:123,0
DA:124,0
DA:125,0
DA:126,0
DA:128,0
DA:129,0
DA:130,0
DA:131,0
DA:132,0
DA:134,0
DA:135,0
DA:136,0
DA:139,0
DA:141,0
DA:145,0
DA:151,0
DA:153,0
DA:154,0
DA:155,0
DA:156,0
DA:158,0
DA:159,0
DA:160,0
DA:163,0
DA:169,0
DA:171,0
DA:172,0
DA:173,0
DA:174,0
DA:176,0
DA:177,0
DA:178,0
DA:179,0
DA:180,0
DA:181,0
DA:182,0
DA:184,0
DA:188,0
DA:194,0
DA:195,0
DA:203,0
DA:204,0
DA:205,0
DA:208,0
DA:209,0
DA:210,0
DA:211,0
DA:213,0
DA:215,0
DA:216,0
DA:218,0
DA:220,0
DA:221,0
DA:222,0
DA:223,0
DA:225,0
DA:226,0
DA:229,0
DA:230,0
DA:231,0
DA:235,0
DA:236,0
DA:238,0
DA:243,0
DA:245,0
DA:253,0
DA:254,0
DA:255,0
DA:256,0
DA:258,0
DA:259,0
DA:260,0
DA:263,0
DA:269,0
DA:271,0
DA:272,0
DA:273,0
DA:274,0
DA:275,0
DA:277,0
DA:278,0
DA:279,0
DA:281,0
DA:284,0
DA:290,0
DA:292,0
DA:293,0
DA:295,0
DA:296,0
DA:298,0
DA:299,0
DA:300,0
DA:303,0
DA:309,0
DA:312,0
DA:313,0
DA:317,0
DA:318,0
DA:319,0
DA:320,0
DA:322,0
DA:323,0
DA:324,0
DA:326,0
LF:158
LH:0
BRDA:42,0,0,0
BRDA:42,0,1,0
BRDA:49,1,0,0
BRDA:49,1,1,0
BRDA:62,2,0,0
BRDA:62,2,1,0
BRDA:92,3,0,0
BRDA:92,3,1,0
BRDA:105,4,0,0
BRDA:105,4,1,0
BRDA:121,5,0,0
BRDA:121,5,1,0
BRDA:130,6,0,0
BRDA:130,6,1,0
BRDA:151,7,0,0
BRDA:151,7,1,0
BRDA:169,8,0,0
BRDA:169,8,1,0
BRDA:178,9,0,0
BRDA:178,9,1,0
BRDA:203,10,0,0
BRDA:203,10,1,0
BRDA:220,11,0,0
BRDA:220,11,1,0
BRDA:243,12,0,0
BRDA:243,12,1,0
BRDA:268,13,0,0
BRDA:269,14,0,0
BRDA:269,14,1,0
BRDA:290,15,0,0
BRDA:290,15,1,0
BRDA:319,16,0,0
BRDA:319,16,1,0
BRF:33
BRH:0
end_of_record
TN:
SF:src/utils/performance.ts
FN:6,(anonymous_0)
FN:14,(anonymous_1)
FN:17,(anonymous_2)
FN:41,(anonymous_3)
FN:45,(anonymous_4)
FN:53,(anonymous_5)
FN:65,(anonymous_6)
FN:69,(anonymous_7)
FN:83,(anonymous_8)
FN:96,(anonymous_9)
FN:108,(anonymous_10)
FN:113,(anonymous_11)
FN:123,(anonymous_12)
FNF:13
FNH:0
FNDA:0,(anonymous_0)
FNDA:0,(anonymous_1)
FNDA:0,(anonymous_2)
FNDA:0,(anonymous_3)
FNDA:0,(anonymous_4)
FNDA:0,(anonymous_5)
FNDA:0,(anonymous_6)
FNDA:0,(anonymous_7)
FNDA:0,(anonymous_8)
FNDA:0,(anonymous_9)
FNDA:0,(anonymous_10)
FNDA:0,(anonymous_11)
FNDA:0,(anonymous_12)
DA:4,0
DA:7,0
DA:8,0
DA:10,0
DA:15,0
DA:17,0
DA:18,0
DA:19,0
DA:21,0
DA:22,0
DA:25,0
DA:26,0
DA:29,0
DA:30,0
DA:34,0
DA:35,0
DA:42,0
DA:43,0
DA:45,0
DA:46,0
DA:47,0
DA:49,0
DA:54,0
DA:55,0
DA:56,0
DA:57,0
DA:58,0
DA:61,0
DA:67,0
DA:69,0
DA:70,0
DA:71,0
DA:72,0
DA:73,0
DA:76,0
DA:77,0
DA:80,0
DA:83,0
DA:84,0
DA:85,0
DA:86,0
DA:87,0
DA:91,0
DA:95,0
DA:96,0
DA:97,0
DA:98,0
DA:99,0
DA:100,0
DA:108,0
DA:109,0
DA:111,0
DA:113,0
DA:118,0
DA:119,0
DA:120,0
DA:123,0
DA:124,0
LF:58
LH:0
BRDA:7,0,0,0
BRDA:7,0,1,0
BRDA:21,1,0,0
BRDA:21,1,1,0
BRDA:29,2,0,0
BRDA:29,2,1,0
BRDA:34,3,0,0
BRDA:34,3,1,0
BRDA:42,4,0,0
BRDA:42,4,1,0
BRDA:43,5,0,0
BRDA:43,5,1,0
BRDA:57,6,0,0
BRDA:57,6,1,0
BRDA:67,7,0,0
BRDA:67,7,1,0
BRDA:72,8,0,0
BRDA:72,8,1,0
BRDA:76,9,0,0
BRDA:76,9,1,0
BRDA:86,10,0,0
BRDA:86,10,1,0
BRDA:95,11,0,0
BRDA:95,11,1,0
BRDA:99,12,0,0
BRDA:99,12,1,0
BRDA:118,13,0,0
BRDA:118,13,1,0
BRF:28
BRH:0
end_of_record
TN:
SF:src/utils/register.ts
FN:13,registerUser
FN:48,loginUser
FNF:2
FNH:0
FNDA:0,registerUser
FNDA:0,loginUser
DA:14,0
DA:15,0
DA:17,0
DA:29,0
DA:30,0
DA:31,0
DA:34,0
DA:35,0
DA:36,0
DA:39,0
DA:40,0
DA:42,0
DA:43,0
DA:49,0
DA:50,0
DA:52,0
DA:56,0
DA:57,0
DA:58,0
DA:61,0
DA:62,0
DA:63,0
DA:66,0
DA:67,0
DA:69,0
DA:70,0
LF:26
LH:0
BRDA:23,0,0,0
BRDA:23,0,1,0
BRDA:29,1,0,0
BRDA:29,1,1,0
BRDA:31,2,0,0
BRDA:31,2,1,0
BRDA:34,3,0,0
BRDA:34,3,1,0
BRDA:36,4,0,0
BRDA:36,4,1,0
BRDA:56,5,0,0
BRDA:56,5,1,0
BRDA:58,6,0,0
BRDA:58,6,1,0
BRDA:61,7,0,0
BRDA:61,7,1,0
BRDA:63,8,0,0
BRDA:63,8,1,0
BRF:18
BRH:0
end_of_record
TN:
SF:src/utils/requestNotificationPermission.ts
FN:8,(anonymous_0)
FN:72,(anonymous_1)
FNF:2
FNH:0
FNDA:0,(anonymous_0)
FNDA:0,(anonymous_1)
DA:6,0
DA:8,0
DA:9,0
DA:10,0
DA:11,0
DA:12,0
DA:13,0
DA:17,0
DA:20,0
DA:21,0
DA:22,0
DA:23,0
DA:27,0
DA:28,0
DA:29,0
DA:30,0
DA:31,0
DA:32,0
DA:35,0
DA:36,0
DA:37,0
DA:41,0
DA:45,0
DA:46,0
DA:47,0
DA:51,0
DA:60,0
DA:61,0
DA:62,0
DA:63,0
DA:64,0
DA:66,0
DA:69,0
DA:72,0
DA:73,0
DA:77,0
DA:78,0
LF:37
LH:0
BRDA:11,0,0,0
BRDA:11,0,1,0
BRDA:21,1,0,0
BRDA:21,1,1,0
BRDA:30,2,0,0
BRDA:30,2,1,0
BRDA:30,3,0,0
BRDA:30,3,1,0
BRDA:35,4,0,0
BRDA:35,4,1,0
BRDA:45,5,0,0
BRDA:45,5,1,0
BRDA:60,6,0,0
BRDA:60,6,1,0
BRDA:64,7,0,0
BRDA:64,7,1,0
BRDA:66,8,0,0
BRDA:66,8,1,0
BRF:18
BRH:0
end_of_record
TN:
SF:src/utils/sanitize.ts
FN:58,sanitize
FN:94,sanitizeObject
FN:112,(anonymous_2)
FN:129,sanitizeEmail
FN:151,sanitizePhone
FN:173,sanitizeFileName
FN:199,sanitizeForSQL
FN:212,sanitizeURL
FN:254,useSanitize
FN:255,(anonymous_9)
FN:259,(anonymous_10)
FN:268,(anonymous_11)
FN:275,(anonymous_12)
FN:282,sanitizeMedicalCode
FNF:14
FNH:10
FNDA:29,sanitize
FNDA:6,sanitizeObject
FNDA:2,(anonymous_2)
FNDA:11,sanitizeEmail
FNDA:6,sanitizePhone
FNDA:6,sanitizeFileName
FNDA:0,sanitizeForSQL
FNDA:14,sanitizeURL
FNDA:0,useSanitize
FNDA:0,(anonymous_9)
FNDA:0,(anonymous_10)
FNDA:3,(anonymous_11)
FNDA:3,(anonymous_12)
FNDA:10,sanitizeMedicalCode
DA:9,1
DA:62,29
DA:64,26
DA:71,26
DA:72,26
DA:99,6
DA:101,6
DA:103,6
DA:105,12
DA:107,11
DA:109,11
DA:110,9
DA:111,2
DA:112,1
DA:113,2
DA:115,1
DA:116,1
DA:120,6
DA:130,11
DA:133,9
DA:135,9
DA:137,9
DA:138,6
DA:139,6
DA:142,3
DA:152,6
DA:155,4
DA:158,4
DA:159,2
DA:161,2
DA:164,4
DA:174,6
DA:177,5
DA:180,5
DA:183,5
DA:184,1
DA:185,1
DA:188,5
DA:200,0
DA:203,0
DA:213,14
DA:215,12
DA:218,12
DA:219,12
DA:220,36
DA:221,6
DA:222,6
DA:227,6
DA:229,2
DA:230,0
DA:231,0
DA:235,6
DA:255,0
DA:257,0
DA:260,0
DA:268,1
DA:269,3
DA:275,1
DA:276,3
DA:283,10
DA:286,8
LF:61
LH:54
BRDA:60,0,0,4
BRDA:62,1,0,3
BRDA:62,1,1,26
BRDA:96,2,0,0
BRDA:99,3,0,0
BRDA:99,3,1,6
BRDA:99,4,0,6
BRDA:99,4,1,6
BRDA:105,5,0,1
BRDA:105,5,1,11
BRDA:105,6,0,12
BRDA:105,6,1,2
BRDA:109,7,0,9
BRDA:109,7,1,2
BRDA:111,8,0,1
BRDA:111,8,1,1
BRDA:113,9,0,2
BRDA:113,9,1,0
BRDA:115,10,0,1
BRDA:115,10,1,0
BRDA:115,11,0,1
BRDA:115,11,1,1
BRDA:130,12,0,2
BRDA:130,12,1,9
BRDA:137,13,0,6
BRDA:137,13,1,3
BRDA:152,14,0,2
BRDA:152,14,1,4
BRDA:158,15,0,2
BRDA:158,15,1,2
BRDA:174,16,0,1
BRDA:174,16,1,5
BRDA:183,17,0,1
BRDA:183,17,1,4
BRDA:188,18,0,5
BRDA:188,18,1,0
BRDA:200,19,0,0
BRDA:200,19,1,0
BRDA:213,20,0,2
BRDA:213,20,1,12
BRDA:220,21,0,6
BRDA:220,21,1,30
BRDA:227,22,0,2
BRDA:227,22,1,4
BRDA:229,23,0,0
BRDA:229,23,1,2
BRDA:229,24,0,2
BRDA:229,24,1,1
BRDA:254,25,0,0
BRDA:283,26,0,2
BRDA:283,26,1,8
BRF:51
BRH:42
end_of_record
TN:
SF:src/utils/sendEmail.ts
FN:9,sendEmail
FNF:1
FNH:0
FNDA:0,sendEmail
DA:21,0
DA:23,0
DA:29,0
DA:30,0
DA:31,0
DA:33,0
LF:6
LH:0
BRDA:29,0,0,0
BRDA:29,0,1,0
BRDA:31,1,0,0
BRDA:31,1,1,0
BRF:4
BRH:0
end_of_record
TN:
SF:src/utils/sendSMS.ts
FN:2,sendSMS
FNF:1
FNH:0
FNDA:0,sendSMS
DA:3,0
DA:8,0
DA:9,0
LF:3
LH:0
BRF:0
BRH:0
end_of_record
TN:
SF:src/utils/tenantUtils.ts
FN:16,getAllTenants
FN:17,(anonymous_1)
FN:28,getCurrentTenant
FN:36,(anonymous_3)
FN:54,isTenantSite
FN:61,getTenantPrefix
FN:69,getTenantContactInfo
FN:77,validateTenantConfig
FN:78,(anonymous_8)
FN:84,(anonymous_9)
FN:90,simulateTenant
FN:109,(anonymous_11)
FNF:12
FNH:0
FNDA:0,getAllTenants
FNDA:0,(anonymous_1)
FNDA:0,getCurrentTenant
FNDA:0,(anonymous_3)
FNDA:0,isTenantSite
FNDA:0,getTenantPrefix
FNDA:0,getTenantContactInfo
FNDA:0,validateTenantConfig
FNDA:0,(anonymous_8)
FNDA:0,(anonymous_9)
FNDA:0,simulateTenant
FNDA:0,(anonymous_11)
DA:17,0
DA:29,0
DA:31,0
DA:32,0
DA:34,0
DA:35,0
DA:36,0
DA:38,0
DA:39,0
DA:48,0
DA:55,0
DA:62,0
DA:63,0
DA:70,0
DA:71,0
DA:78,0
DA:80,0
DA:83,0
DA:84,0
DA:91,0
DA:92,0
DA:93,0
DA:97,0
DA:100,0
DA:105,0
DA:106,0
DA:109,0
DA:110,0
DA:114,0
LF:29
LH:0
BRDA:29,0,0,0
BRDA:29,0,1,0
BRDA:34,1,0,0
BRDA:34,1,1,0
BRDA:34,2,0,0
BRDA:34,2,1,0
BRDA:38,3,0,0
BRDA:38,3,1,0
BRDA:63,4,0,0
BRDA:63,4,1,0
BRDA:71,5,0,0
BRDA:71,5,1,0
BRDA:80,6,0,0
BRDA:80,6,1,0
BRDA:91,7,0,0
BRDA:91,7,1,0
BRF:16
BRH:0
end_of_record
TN:
SF:src/utils/verifyHcaptcha.ts
FN:6,verifyHcaptchaToken
FNF:1
FNH:0
FNDA:0,verifyHcaptchaToken
DA:7,0
DA:9,0
DA:13,0
DA:14,0
DA:16,0
DA:17,0
DA:18,0
LF:7
LH:0
BRDA:7,0,0,0
BRDA:7,0,1,0
BRDA:10,1,0,0
BRDA:10,1,1,0
BRDA:13,2,0,0
BRDA:13,2,1,0
BRDA:14,3,0,0
BRDA:14,3,1,0
BRDA:16,4,0,0
BRDA:16,4,1,0
BRDA:17,5,0,0
BRDA:17,5,1,0
BRDA:18,6,0,0
BRDA:18,6,1,0
BRF:14
BRH:0
end_of_record
